<?xml version="1.0" encoding="UTF-8"?>
<coverage generated="1774292846079" clover="3.2.0">
  <project timestamp="1774292846080" name="All files">
    <metrics statements="1398" coveredstatements="1118" conditionals="808" coveredconditionals="525" methods="292" coveredmethods="235" elements="2498" coveredelements="1878" complexity="0" loc="1398" ncloc="1398" packages="16" files="44" classes="44"/>
    <package name="src">
      <metrics statements="13" coveredstatements="10" conditionals="6" coveredconditionals="5" methods="3" coveredmethods="2"/>
      <file name="App.vue" path="/Applications/XAMPP/xamppfiles/htdocs/tools/the-shop/frontend/src/App.vue">
        <metrics statements="8" coveredstatements="7" conditionals="2" coveredconditionals="2" methods="1" coveredmethods="1"/>
        <line num="3" count="1" type="stmt"/>
        <line num="16" count="4" type="stmt"/>
        <line num="17" count="4" type="stmt"/>
        <line num="19" count="4" type="stmt"/>
        <line num="21" count="4" type="cond" truecount="2" falsecount="0"/>
        <line num="22" count="1" type="stmt"/>
        <line num="23" count="1" type="stmt"/>
        <line num="26" count="0" type="stmt"/>
      </file>
      <file name="test-utils.js" path="/Applications/XAMPP/xamppfiles/htdocs/tools/the-shop/frontend/src/test-utils.js">
        <metrics statements="5" coveredstatements="3" conditionals="4" coveredconditionals="3" methods="2" coveredmethods="1"/>
        <line num="10" count="0" type="stmt"/>
        <line num="11" count="0" type="stmt"/>
        <line num="25" count="2" type="stmt"/>
        <line num="26" count="2" type="stmt"/>
        <line num="34" count="2" type="stmt"/>
      </file>
    </package>
    <package name="src.components">
      <metrics statements="6" coveredstatements="6" conditionals="2" coveredconditionals="2" methods="1" coveredmethods="1"/>
      <file name="About.vue" path="/Applications/XAMPP/xamppfiles/htdocs/tools/the-shop/frontend/src/components/About.vue">
        <metrics statements="1" coveredstatements="1" conditionals="2" coveredconditionals="2" methods="0" coveredmethods="0"/>
        <line num="2" count="4" type="stmt"/>
      </file>
      <file name="Home.vue" path="/Applications/XAMPP/xamppfiles/htdocs/tools/the-shop/frontend/src/components/Home.vue">
        <metrics statements="5" coveredstatements="5" conditionals="0" coveredconditionals="0" methods="1" coveredmethods="1"/>
        <line num="2" count="5" type="stmt"/>
        <line num="15" count="5" type="stmt"/>
        <line num="17" count="5" type="stmt"/>
        <line num="19" count="5" type="stmt"/>
        <line num="20" count="5" type="stmt"/>
      </file>
    </package>
    <package name="src.components.auth">
      <metrics statements="137" coveredstatements="111" conditionals="121" coveredconditionals="105" methods="20" coveredmethods="18"/>
      <file name="GoogleCallback.vue" path="/Applications/XAMPP/xamppfiles/htdocs/tools/the-shop/frontend/src/components/auth/GoogleCallback.vue">
        <metrics statements="35" coveredstatements="17" conditionals="9" coveredconditionals="6" methods="1" coveredmethods="1"/>
        <line num="2" count="4" type="stmt"/>
        <line num="3" count="1" type="stmt"/>
        <line num="21" count="2" type="stmt"/>
        <line num="22" count="2" type="stmt"/>
        <line num="23" count="2" type="stmt"/>
        <line num="24" count="2" type="stmt"/>
        <line num="25" count="2" type="stmt"/>
        <line num="27" count="2" type="stmt"/>
        <line num="28" count="2" type="stmt"/>
        <line num="30" count="2" type="stmt"/>
        <line num="31" count="2" type="stmt"/>
        <line num="32" count="2" type="stmt"/>
        <line num="34" count="2" type="cond" truecount="1" falsecount="1"/>
        <line num="35" count="0" type="stmt"/>
        <line num="36" count="0" type="stmt"/>
        <line num="37" count="0" type="stmt"/>
        <line num="38" count="0" type="stmt"/>
        <line num="41" count="2" type="cond" truecount="2" falsecount="2"/>
        <line num="42" count="0" type="stmt"/>
        <line num="44" count="0" type="stmt"/>
        <line num="47" count="0" type="stmt"/>
        <line num="48" count="0" type="stmt"/>
        <line num="49" count="0" type="stmt"/>
        <line num="52" count="0" type="stmt"/>
        <line num="53" count="0" type="stmt"/>
        <line num="55" count="0" type="stmt"/>
        <line num="58" count="0" type="stmt"/>
        <line num="61" count="0" type="stmt"/>
        <line num="63" count="0" type="stmt"/>
        <line num="64" count="0" type="stmt"/>
        <line num="65" count="0" type="stmt"/>
        <line num="66" count="0" type="stmt"/>
        <line num="69" count="2" type="stmt"/>
        <line num="70" count="2" type="stmt"/>
        <line num="71" count="2" type="stmt"/>
      </file>
      <file name="Login.vue" path="/Applications/XAMPP/xamppfiles/htdocs/tools/the-shop/frontend/src/components/auth/Login.vue">
        <metrics statements="29" coveredstatements="28" conditionals="22" coveredconditionals="19" methods="6" coveredmethods="6"/>
        <line num="3" count="12" type="stmt"/>
        <line num="4" count="1" type="stmt"/>
        <line num="11" count="1" type="stmt"/>
        <line num="14" count="1" type="stmt"/>
        <line num="20" count="1" type="cond" truecount="2" falsecount="0"/>
        <line num="27" count="1" type="stmt"/>
        <line num="33" count="1" type="cond" truecount="2" falsecount="0"/>
        <line num="51" count="1" type="stmt"/>
        <line num="69" count="1" type="stmt"/>
        <line num="86" count="1" type="stmt"/>
        <line num="87" count="1" type="cond" truecount="2" falsecount="0"/>
        <line num="89" count="5" type="cond" truecount="2" falsecount="0"/>
        <line num="105" count="5" type="stmt"/>
        <line num="106" count="5" type="stmt"/>
        <line num="107" count="5" type="stmt"/>
        <line num="109" count="5" type="stmt"/>
        <line num="115" count="5" type="stmt"/>
        <line num="116" count="5" type="stmt"/>
        <line num="119" count="5" type="stmt"/>
        <line num="121" count="1" type="stmt"/>
        <line num="123" count="1" type="stmt"/>
        <line num="124" count="1" type="stmt"/>
        <line num="131" count="1" type="stmt"/>
        <line num="134" count="1" type="stmt"/>
        <line num="137" count="1" type="stmt"/>
        <line num="141" count="0" type="stmt"/>
        <line num="145" count="5" type="stmt"/>
        <line num="147" count="5" type="stmt"/>
        <line num="149" count="5" type="stmt"/>
      </file>
      <file name="Register.vue" path="/Applications/XAMPP/xamppfiles/htdocs/tools/the-shop/frontend/src/components/auth/Register.vue">
        <metrics statements="43" coveredstatements="40" conditionals="47" coveredconditionals="42" methods="9" coveredmethods="7"/>
        <line num="3" count="13" type="stmt"/>
        <line num="4" count="1" type="stmt"/>
        <line num="11" count="1" type="stmt"/>
        <line num="14" count="1" type="stmt"/>
        <line num="20" count="1" type="cond" truecount="2" falsecount="0"/>
        <line num="26" count="1" type="stmt"/>
        <line num="32" count="1" type="cond" truecount="2" falsecount="0"/>
        <line num="38" count="1" type="stmt"/>
        <line num="40" count="1" type="stmt"/>
        <line num="45" count="1" type="cond" truecount="2" falsecount="0"/>
        <line num="52" count="1" type="cond" truecount="2" falsecount="0"/>
        <line num="59" count="1" type="stmt"/>
        <line num="61" count="1" type="stmt"/>
        <line num="66" count="1" type="cond" truecount="2" falsecount="0"/>
        <line num="73" count="0" type="cond" truecount="2" falsecount="0"/>
        <line num="95" count="1" type="cond" truecount="2" falsecount="0"/>
        <line num="98" count="1" type="stmt"/>
        <line num="106" count="1" type="stmt"/>
        <line num="127" count="4" type="stmt"/>
        <line num="128" count="4" type="stmt"/>
        <line num="131" count="4" type="stmt"/>
        <line num="132" count="4" type="stmt"/>
        <line num="133" count="4" type="stmt"/>
        <line num="135" count="4" type="stmt"/>
        <line num="142" count="4" type="stmt"/>
        <line num="144" count="1" type="stmt"/>
        <line num="145" count="1" type="stmt"/>
        <line num="146" count="1" type="stmt"/>
        <line num="148" count="1" type="stmt"/>
        <line num="149" count="1" type="stmt"/>
        <line num="151" count="1" type="stmt"/>
        <line num="153" count="1" type="stmt"/>
        <line num="161" count="1" type="stmt"/>
        <line num="164" count="1" type="stmt"/>
        <line num="165" count="1" type="stmt"/>
        <line num="166" count="1" type="stmt"/>
        <line num="167" count="1" type="stmt"/>
        <line num="172" count="0" type="stmt"/>
        <line num="177" count="4" type="stmt"/>
        <line num="180" count="0" type="stmt"/>
        <line num="183" count="4" type="stmt"/>
        <line num="185" count="4" type="stmt"/>
        <line num="187" count="4" type="stmt"/>
      </file>
      <file name="VerifyEmail.vue" path="/Applications/XAMPP/xamppfiles/htdocs/tools/the-shop/frontend/src/components/auth/VerifyEmail.vue">
        <metrics statements="30" coveredstatements="26" conditionals="43" coveredconditionals="38" methods="4" coveredmethods="4"/>
        <line num="2" count="9" type="stmt"/>
        <line num="3" count="1" type="stmt"/>
        <line num="21" count="1" type="stmt"/>
        <line num="22" count="2" type="cond" truecount="2" falsecount="0"/>
        <line num="32" count="1" type="stmt"/>
        <line num="33" count="1" type="cond" truecount="2" falsecount="0"/>
        <line num="43" count="1" type="stmt"/>
        <line num="44" count="1" type="cond" truecount="2" falsecount="0"/>
        <line num="56" count="5" type="stmt"/>
        <line num="57" count="5" type="stmt"/>
        <line num="58" count="5" type="stmt"/>
        <line num="59" count="5" type="stmt"/>
        <line num="61" count="5" type="stmt"/>
        <line num="62" count="5" type="stmt"/>
        <line num="65" count="5" type="stmt"/>
        <line num="68" count="5" type="stmt"/>
        <line num="71" count="5" type="stmt"/>
        <line num="73" count="3" type="cond" truecount="1" falsecount="1"/>
        <line num="74" count="3" type="cond" truecount="2" falsecount="0"/>
        <line num="75" count="1" type="stmt"/>
        <line num="77" count="2" type="stmt"/>
        <line num="80" count="0" type="stmt"/>
        <line num="81" count="0" type="cond" truecount="0" falsecount="2"/>
        <line num="84" count="1" type="stmt"/>
        <line num="85" count="1" type="cond" truecount="1" falsecount="1"/>
        <line num="86" count="0" type="stmt"/>
        <line num="87" count="1" type="cond" truecount="1" falsecount="1"/>
        <line num="88" count="0" type="stmt"/>
        <line num="90" count="1" type="stmt"/>
        <line num="93" count="4" type="stmt"/>
      </file>
    </package>
    <package name="src.components.cart">
      <metrics statements="24" coveredstatements="22" conditionals="17" coveredconditionals="17" methods="12" coveredmethods="11"/>
      <file name="Cart.vue" path="/Applications/XAMPP/xamppfiles/htdocs/tools/the-shop/frontend/src/components/cart/Cart.vue">
        <metrics statements="24" coveredstatements="22" conditionals="17" coveredconditionals="17" methods="12" coveredmethods="11"/>
        <line num="2" count="17" type="stmt"/>
        <line num="3" count="1" type="stmt"/>
        <line num="4" count="1" type="stmt"/>
        <line num="7" count="1" type="stmt"/>
        <line num="22" count="7" type="stmt"/>
        <line num="27" count="1" type="stmt"/>
        <line num="29" count="1" type="stmt"/>
        <line num="32" count="1" type="stmt"/>
        <line num="36" count="1" type="stmt"/>
        <line num="50" count="1" type="stmt"/>
        <line num="57" count="1" type="stmt"/>
        <line num="67" count="1" type="stmt"/>
        <line num="70" count="1" type="cond" truecount="2" falsecount="0"/>
        <line num="78" count="1" type="cond" truecount="3" falsecount="0"/>
        <line num="87" count="0" type="cond" truecount="2" falsecount="0"/>
        <line num="100" count="10" type="stmt"/>
        <line num="101" count="10" type="stmt"/>
        <line num="104" count="18" type="stmt"/>
        <line num="105" count="18" type="stmt"/>
        <line num="106" count="10" type="stmt"/>
        <line num="109" count="10" type="stmt"/>
        <line num="110" count="10" type="stmt"/>
        <line num="111" count="10" type="stmt"/>
        <line num="114" count="0" type="stmt"/>
      </file>
    </package>
    <package name="src.components.checkout">
      <metrics statements="36" coveredstatements="36" conditionals="10" coveredconditionals="8" methods="10" coveredmethods="10"/>
      <file name="Checkout.vue" path="/Applications/XAMPP/xamppfiles/htdocs/tools/the-shop/frontend/src/components/checkout/Checkout.vue">
        <metrics statements="36" coveredstatements="36" conditionals="10" coveredconditionals="8" methods="10" coveredmethods="10"/>
        <line num="2" count="13" type="stmt"/>
        <line num="3" count="1" type="stmt"/>
        <line num="5" count="1" type="stmt"/>
        <line num="6" count="1" type="stmt"/>
        <line num="7" count="4" type="stmt"/>
        <line num="16" count="1" type="stmt"/>
        <line num="17" count="1" type="stmt"/>
        <line num="20" count="1" type="stmt"/>
        <line num="21" count="1" type="stmt"/>
        <line num="23" count="1" type="stmt"/>
        <line num="27" count="1" type="stmt"/>
        <line num="28" count="1" type="stmt"/>
        <line num="31" count="1" type="stmt"/>
        <line num="36" count="1" type="stmt"/>
        <line num="41" count="1" type="stmt"/>
        <line num="44" count="1" type="stmt"/>
        <line num="48" count="1" type="stmt"/>
        <line num="50" count="1" type="stmt"/>
        <line num="73" count="8" type="stmt"/>
        <line num="74" count="8" type="stmt"/>
        <line num="77" count="8" type="stmt"/>
        <line num="80" count="13" type="stmt"/>
        <line num="81" count="10" type="stmt"/>
        <line num="82" count="8" type="stmt"/>
        <line num="85" count="8" type="stmt"/>
        <line num="88" count="10" type="stmt"/>
        <line num="89" count="13" type="stmt"/>
        <line num="90" count="13" type="stmt"/>
        <line num="94" count="8" type="stmt"/>
        <line num="95" count="8" type="stmt"/>
        <line num="96" count="8" type="stmt"/>
        <line num="97" count="8" type="stmt"/>
        <line num="100" count="8" type="cond" truecount="1" falsecount="1"/>
        <line num="101" count="8" type="stmt"/>
        <line num="102" count="8" type="stmt"/>
        <line num="103" count="8" type="stmt"/>
      </file>
    </package>
    <package name="src.components.common">
      <metrics statements="12" coveredstatements="11" conditionals="14" coveredconditionals="14" methods="4" coveredmethods="3"/>
      <file name="NotFound.vue" path="/Applications/XAMPP/xamppfiles/htdocs/tools/the-shop/frontend/src/components/common/NotFound.vue">
        <metrics statements="5" coveredstatements="5" conditionals="8" coveredconditionals="8" methods="1" coveredmethods="1"/>
        <line num="2" count="2" type="stmt"/>
        <line num="3" count="1" type="stmt"/>
        <line num="4" count="1" type="stmt"/>
        <line num="5" count="1" type="stmt"/>
        <line num="13" count="4" type="cond" truecount="2" falsecount="0"/>
      </file>
      <file name="Spinner.vue" path="/Applications/XAMPP/xamppfiles/htdocs/tools/the-shop/frontend/src/components/common/Spinner.vue">
        <metrics statements="3" coveredstatements="2" conditionals="2" coveredconditionals="2" methods="1" coveredmethods="0"/>
        <line num="4" count="0" type="cond" truecount="2" falsecount="0"/>
        <line num="14" count="2" type="stmt"/>
        <line num="22" count="2" type="stmt"/>
      </file>
      <file name="ValidationErrors.vue" path="/Applications/XAMPP/xamppfiles/htdocs/tools/the-shop/frontend/src/components/common/ValidationErrors.vue">
        <metrics statements="4" coveredstatements="4" conditionals="4" coveredconditionals="4" methods="2" coveredmethods="2"/>
        <line num="3" count="4" type="cond" truecount="3" falsecount="0"/>
        <line num="6" count="9" type="stmt"/>
        <line num="7" count="3" type="stmt"/>
        <line num="8" count="4" type="stmt"/>
      </file>
    </package>
    <package name="src.components.coupons">
      <metrics statements="41" coveredstatements="32" conditionals="26" coveredconditionals="19" methods="4" coveredmethods="4"/>
      <file name="Coupon.vue" path="/Applications/XAMPP/xamppfiles/htdocs/tools/the-shop/frontend/src/components/coupons/Coupon.vue">
        <metrics statements="41" coveredstatements="32" conditionals="26" coveredconditionals="19" methods="4" coveredmethods="4"/>
        <line num="2" count="17" type="stmt"/>
        <line num="3" count="2" type="stmt"/>
        <line num="4" count="2" type="stmt"/>
        <line num="6" count="2" type="stmt"/>
        <line num="8" count="2" type="stmt"/>
        <line num="23" count="2" type="stmt"/>
        <line num="27" count="2" type="cond" truecount="2" falsecount="0"/>
        <line num="55" count="6" type="stmt"/>
        <line num="56" count="6" type="stmt"/>
        <line num="59" count="6" type="stmt"/>
        <line num="66" count="6" type="stmt"/>
        <line num="70" count="6" type="stmt"/>
        <line num="71" count="2" type="stmt"/>
        <line num="73" count="2" type="cond" truecount="3" falsecount="1"/>
        <line num="74" count="0" type="stmt"/>
        <line num="75" count="0" type="stmt"/>
        <line num="77" count="2" type="stmt"/>
        <line num="78" count="2" type="stmt"/>
        <line num="79" count="2" type="stmt"/>
        <line num="80" count="2" type="stmt"/>
        <line num="93" count="2" type="stmt"/>
        <line num="94" count="2" type="cond" truecount="1" falsecount="1"/>
        <line num="95" count="0" type="stmt"/>
        <line num="96" count="0" type="stmt"/>
        <line num="99" count="2" type="stmt"/>
        <line num="101" count="2" type="stmt"/>
        <line num="108" count="2" type="stmt"/>
        <line num="110" count="2" type="stmt"/>
        <line num="114" count="0" type="cond" truecount="0" falsecount="2"/>
        <line num="115" count="0" type="cond" truecount="0" falsecount="2"/>
        <line num="117" count="0" type="stmt"/>
        <line num="119" count="0" type="stmt"/>
        <line num="121" count="2" type="stmt"/>
        <line num="126" count="6" type="stmt"/>
        <line num="127" count="1" type="stmt"/>
        <line num="128" count="1" type="stmt"/>
        <line num="129" count="1" type="stmt"/>
        <line num="132" count="6" type="stmt"/>
        <line num="134" count="6" type="stmt"/>
        <line num="136" count="6" type="cond" truecount="1" falsecount="1"/>
        <line num="137" count="0" type="stmt"/>
      </file>
    </package>
    <package name="src.components.helpers">
      <metrics statements="9" coveredstatements="9" conditionals="0" coveredconditionals="0" methods="1" coveredmethods="1"/>
      <file name="config.js" path="/Applications/XAMPP/xamppfiles/htdocs/tools/the-shop/frontend/src/components/helpers/config.js">
        <metrics statements="9" coveredstatements="9" conditionals="0" coveredconditionals="0" methods="1" coveredmethods="1"/>
        <line num="2" count="2" type="stmt"/>
        <line num="3" count="3" type="stmt"/>
        <line num="4" count="3" type="stmt"/>
        <line num="5" count="3" type="stmt"/>
        <line num="6" count="3" type="stmt"/>
        <line num="7" count="3" type="stmt"/>
        <line num="8" count="72" type="stmt"/>
        <line num="9" count="72" type="stmt"/>
        <line num="11" count="3" type="stmt"/>
      </file>
    </package>
    <package name="src.components.layouts">
      <metrics statements="43" coveredstatements="42" conditionals="28" coveredconditionals="28" methods="12" coveredmethods="12"/>
      <file name="Alert.vue" path="/Applications/XAMPP/xamppfiles/htdocs/tools/the-shop/frontend/src/components/layouts/Alert.vue">
        <metrics statements="3" coveredstatements="3" conditionals="2" coveredconditionals="2" methods="0" coveredmethods="0"/>
        <line num="2" count="7" type="stmt"/>
        <line num="3" count="3" type="stmt"/>
        <line num="16" count="7" type="stmt"/>
      </file>
      <file name="Footer.vue" path="/Applications/XAMPP/xamppfiles/htdocs/tools/the-shop/frontend/src/components/layouts/Footer.vue">
        <metrics statements="1" coveredstatements="1" conditionals="2" coveredconditionals="2" methods="0" coveredmethods="0"/>
        <line num="2" count="3" type="stmt"/>
      </file>
      <file name="Navbar.vue" path="/Applications/XAMPP/xamppfiles/htdocs/tools/the-shop/frontend/src/components/layouts/Navbar.vue">
        <metrics statements="34" coveredstatements="33" conditionals="18" coveredconditionals="18" methods="11" coveredmethods="11"/>
        <line num="3" count="8" type="stmt"/>
        <line num="4" count="2" type="stmt"/>
        <line num="5" count="2" type="stmt"/>
        <line num="12" count="15" type="cond" truecount="2" falsecount="0"/>
        <line num="14" count="2" type="stmt"/>
        <line num="15" count="2" type="stmt"/>
        <line num="17" count="15" type="cond" truecount="2" falsecount="0"/>
        <line num="23" count="2" type="stmt"/>
        <line num="25" count="6" type="cond" truecount="2" falsecount="0"/>
        <line num="28" count="2" type="stmt"/>
        <line num="30" count="6" type="cond" truecount="2" falsecount="0"/>
        <line num="37" count="2" type="stmt"/>
        <line num="39" count="2" type="cond" truecount="2" falsecount="0"/>
        <line num="42" count="2" type="stmt"/>
        <line num="44" count="2" type="cond" truecount="2" falsecount="0"/>
        <line num="48" count="2" type="stmt"/>
        <line num="55" count="2" type="stmt"/>
        <line num="57" count="8" type="cond" truecount="2" falsecount="0"/>
        <line num="60" count="2" type="stmt"/>
        <line num="62" count="8" type="cond" truecount="2" falsecount="0"/>
        <line num="80" count="8" type="stmt"/>
        <line num="81" count="8" type="stmt"/>
        <line num="82" count="8" type="stmt"/>
        <line num="84" count="8" type="stmt"/>
        <line num="86" count="8" type="stmt"/>
        <line num="88" count="1" type="stmt"/>
        <line num="89" count="1" type="stmt"/>
        <line num="92" count="9" type="stmt"/>
        <line num="94" count="8" type="stmt"/>
        <line num="95" count="1" type="stmt"/>
        <line num="96" count="1" type="stmt"/>
        <line num="99" count="1" type="stmt"/>
        <line num="100" count="1" type="stmt"/>
        <line num="102" count="0" type="stmt"/>
      </file>
      <file name="Sidebar.vue" path="/Applications/XAMPP/xamppfiles/htdocs/tools/the-shop/frontend/src/components/layouts/Sidebar.vue">
        <metrics statements="5" coveredstatements="5" conditionals="6" coveredconditionals="6" methods="1" coveredmethods="1"/>
        <line num="3" count="2" type="stmt"/>
        <line num="4" count="2" type="stmt"/>
        <line num="7" count="1" type="cond" truecount="4" falsecount="0"/>
        <line num="11" count="2" type="stmt"/>
        <line num="31" count="5" type="stmt"/>
      </file>
    </package>
    <package name="src.components.partials">
      <metrics statements="20" coveredstatements="20" conditionals="18" coveredconditionals="18" methods="10" coveredmethods="10"/>
      <file name="Brands.vue" path="/Applications/XAMPP/xamppfiles/htdocs/tools/the-shop/frontend/src/components/partials/Brands.vue">
        <metrics statements="4" coveredstatements="4" conditionals="2" coveredconditionals="2" methods="2" coveredmethods="2"/>
        <line num="4" count="3" type="stmt"/>
        <line num="5" count="3" type="stmt"/>
        <line num="8" count="1" type="stmt"/>
        <line num="21" count="4" type="stmt"/>
      </file>
      <file name="Categories.vue" path="/Applications/XAMPP/xamppfiles/htdocs/tools/the-shop/frontend/src/components/partials/Categories.vue">
        <metrics statements="4" coveredstatements="4" conditionals="2" coveredconditionals="2" methods="2" coveredmethods="2"/>
        <line num="4" count="3" type="stmt"/>
        <line num="5" count="3" type="stmt"/>
        <line num="8" count="1" type="stmt"/>
        <line num="21" count="4" type="stmt"/>
      </file>
      <file name="Colors.vue" path="/Applications/XAMPP/xamppfiles/htdocs/tools/the-shop/frontend/src/components/partials/Colors.vue">
        <metrics statements="5" coveredstatements="5" conditionals="2" coveredconditionals="2" methods="2" coveredmethods="2"/>
        <line num="3" count="5" type="stmt"/>
        <line num="5" count="3" type="stmt"/>
        <line num="6" count="4" type="stmt"/>
        <line num="9" count="1" type="stmt"/>
        <line num="27" count="5" type="stmt"/>
      </file>
      <file name="SearchForm.vue" path="/Applications/XAMPP/xamppfiles/htdocs/tools/the-shop/frontend/src/components/partials/SearchForm.vue">
        <metrics statements="3" coveredstatements="3" conditionals="10" coveredconditionals="10" methods="2" coveredmethods="2"/>
        <line num="3" count="1" type="cond" truecount="4" falsecount="0"/>
        <line num="4" count="1" type="cond" truecount="2" falsecount="0"/>
        <line num="14" count="5" type="stmt"/>
      </file>
      <file name="Sizes.vue" path="/Applications/XAMPP/xamppfiles/htdocs/tools/the-shop/frontend/src/components/partials/Sizes.vue">
        <metrics statements="4" coveredstatements="4" conditionals="2" coveredconditionals="2" methods="2" coveredmethods="2"/>
        <line num="4" count="3" type="stmt"/>
        <line num="5" count="4" type="stmt"/>
        <line num="8" count="1" type="stmt"/>
        <line num="29" count="4" type="stmt"/>
      </file>
    </package>
    <package name="src.components.payment">
      <metrics statements="45" coveredstatements="39" conditionals="13" coveredconditionals="9" methods="11" coveredmethods="9"/>
      <file name="Stripe.vue" path="/Applications/XAMPP/xamppfiles/htdocs/tools/the-shop/frontend/src/components/payment/Stripe.vue">
        <metrics statements="19" coveredstatements="17" conditionals="2" coveredconditionals="2" methods="6" coveredmethods="5"/>
        <line num="2" count="3" type="stmt"/>
        <line num="22" count="3" type="stmt"/>
        <line num="23" count="3" type="stmt"/>
        <line num="26" count="3" type="stmt"/>
        <line num="29" count="3" type="stmt"/>
        <line num="30" count="3" type="stmt"/>
        <line num="37" count="3" type="stmt"/>
        <line num="38" count="3" type="stmt"/>
        <line num="41" count="3" type="stmt"/>
        <line num="43" count="3" type="stmt"/>
        <line num="46" count="3" type="stmt"/>
        <line num="47" count="2" type="stmt"/>
        <line num="49" count="2" type="stmt"/>
        <line num="55" count="2" type="stmt"/>
        <line num="57" count="2" type="stmt"/>
        <line num="66" count="2" type="stmt"/>
        <line num="68" count="2" type="stmt"/>
        <line num="70" count="0" type="stmt"/>
        <line num="71" count="0" type="stmt"/>
      </file>
      <file name="SuccessPayment.vue" path="/Applications/XAMPP/xamppfiles/htdocs/tools/the-shop/frontend/src/components/payment/SuccessPayment.vue">
        <metrics statements="26" coveredstatements="22" conditionals="11" coveredconditionals="7" methods="5" coveredmethods="4"/>
        <line num="2" count="4" type="stmt"/>
        <line num="24" count="4" type="stmt"/>
        <line num="25" count="4" type="stmt"/>
        <line num="29" count="4" type="stmt"/>
        <line num="30" count="4" type="stmt"/>
        <line num="33" count="4" type="stmt"/>
        <line num="36" count="4" type="stmt"/>
        <line num="37" count="4" type="stmt"/>
        <line num="40" count="4" type="stmt"/>
        <line num="41" count="3" type="stmt"/>
        <line num="43" count="3" type="stmt"/>
        <line num="52" count="3" type="stmt"/>
        <line num="55" count="3" type="stmt"/>
        <line num="65" count="3" type="stmt"/>
        <line num="66" count="3" type="stmt"/>
        <line num="68" count="3" type="cond" truecount="1" falsecount="1"/>
        <line num="71" count="0" type="stmt"/>
        <line num="73" count="3" type="stmt"/>
        <line num="77" count="0" type="cond" truecount="0" falsecount="3"/>
        <line num="80" count="0" type="stmt"/>
        <line num="81" count="0" type="stmt"/>
        <line num="86" count="4" type="stmt"/>
        <line num="88" count="4" type="cond" truecount="2" falsecount="0"/>
        <line num="90" count="3" type="stmt"/>
        <line num="92" count="3" type="stmt"/>
        <line num="94" count="1" type="stmt"/>
      </file>
    </package>
    <package name="src.components.products">
      <metrics statements="124" coveredstatements="88" conditionals="82" coveredconditionals="20" methods="31" coveredmethods="13"/>
      <file name="Product.vue" path="/Applications/XAMPP/xamppfiles/htdocs/tools/the-shop/frontend/src/components/products/Product.vue">
        <metrics statements="83" coveredstatements="54" conditionals="58" coveredconditionals="5" methods="22" coveredmethods="6"/>
        <line num="3" count="1" type="stmt"/>
        <line num="5" count="1" type="stmt"/>
        <line num="6" count="0" type="cond" truecount="2" falsecount="0"/>
        <line num="15" count="1" type="stmt"/>
        <line num="16" count="1" type="stmt"/>
        <line num="18" count="1" type="stmt"/>
        <line num="34" count="0" type="stmt"/>
        <line num="48" count="1" type="stmt"/>
        <line num="50" count="1" type="stmt"/>
        <line num="51" count="1" type="stmt"/>
        <line num="52" count="1" type="stmt"/>
        <line num="53" count="1" type="stmt"/>
        <line num="54" count="1" type="stmt"/>
        <line num="55" count="1" type="stmt"/>
        <line num="66" count="1" type="stmt"/>
        <line num="67" count="0" type="stmt"/>
        <line num="77" count="0" type="stmt"/>
        <line num="84" count="1" type="stmt"/>
        <line num="85" count="1" type="stmt"/>
        <line num="86" count="0" type="stmt"/>
        <line num="90" count="0" type="stmt"/>
        <line num="97" count="1" type="stmt"/>
        <line num="98" count="1" type="stmt"/>
        <line num="108" count="1" type="stmt"/>
        <line num="112" count="1" type="stmt"/>
        <line num="115" count="0" type="cond" truecount="0" falsecount="2"/>
        <line num="141" count="1" type="stmt"/>
        <line num="162" count="2" type="stmt"/>
        <line num="163" count="2" type="stmt"/>
        <line num="164" count="2" type="stmt"/>
        <line num="166" count="2" type="stmt"/>
        <line num="167" count="2" type="stmt"/>
        <line num="168" count="2" type="stmt"/>
        <line num="171" count="2" type="stmt"/>
        <line num="172" count="2" type="stmt"/>
        <line num="173" count="2" type="stmt"/>
        <line num="176" count="1" type="stmt"/>
        <line num="179" count="2" type="stmt"/>
        <line num="180" count="2" type="stmt"/>
        <line num="181" count="2" type="cond" truecount="1" falsecount="1"/>
        <line num="185" count="2" type="stmt"/>
        <line num="188" count="2" type="stmt"/>
        <line num="191" count="2" type="stmt"/>
        <line num="192" count="0" type="cond" truecount="0" falsecount="2"/>
        <line num="193" count="0" type="stmt"/>
        <line num="197" count="2" type="stmt"/>
        <line num="198" count="0" type="cond" truecount="0" falsecount="2"/>
        <line num="199" count="0" type="stmt"/>
        <line num="200" count="0" type="cond" truecount="0" falsecount="2"/>
        <line num="201" count="0" type="stmt"/>
        <line num="206" count="2" type="stmt"/>
        <line num="209" count="2" type="stmt"/>
        <line num="210" count="2" type="stmt"/>
        <line num="211" count="2" type="stmt"/>
        <line num="214" count="2" type="stmt"/>
        <line num="215" count="2" type="stmt"/>
        <line num="216" count="2" type="stmt"/>
        <line num="219" count="2" type="stmt"/>
        <line num="220" count="2" type="stmt"/>
        <line num="222" count="2" type="stmt"/>
        <line num="223" count="2" type="stmt"/>
        <line num="226" count="0" type="stmt"/>
        <line num="231" count="4" type="stmt"/>
        <line num="232" count="0" type="cond" truecount="0" falsecount="2"/>
        <line num="233" count="0" type="stmt"/>
        <line num="238" count="2" type="stmt"/>
        <line num="245" count="2" type="stmt"/>
        <line num="246" count="0" type="stmt"/>
        <line num="247" count="0" type="stmt"/>
        <line num="251" count="2" type="stmt"/>
        <line num="252" count="0" type="stmt"/>
        <line num="253" count="0" type="stmt"/>
        <line num="257" count="2" type="stmt"/>
        <line num="259" count="0" type="cond" truecount="0" falsecount="2"/>
        <line num="260" count="0" type="stmt"/>
        <line num="261" count="0" type="stmt"/>
        <line num="264" count="0" type="stmt"/>
        <line num="274" count="0" type="stmt"/>
        <line num="278" count="2" type="stmt"/>
        <line num="279" count="0" type="cond" truecount="0" falsecount="2"/>
        <line num="281" count="0" type="stmt"/>
        <line num="282" count="0" type="stmt"/>
        <line num="284" count="0" type="stmt"/>
      </file>
      <file name="ProductsList.vue" path="/Applications/XAMPP/xamppfiles/htdocs/tools/the-shop/frontend/src/components/products/ProductsList.vue">
        <metrics statements="9" coveredstatements="9" conditionals="7" coveredconditionals="7" methods="3" coveredmethods="3"/>
        <line num="2" count="10" type="stmt"/>
        <line num="3" count="2" type="stmt"/>
        <line num="14" count="17" type="stmt"/>
        <line num="20" count="2" type="stmt"/>
        <line num="26" count="1" type="cond" truecount="2" falsecount="0"/>
        <line num="42" count="6" type="stmt"/>
        <line num="44" count="6" type="stmt"/>
        <line num="47" count="6" type="stmt"/>
        <line num="48" count="6" type="stmt"/>
      </file>
      <file name="ProductsListItem.vue" path="/Applications/XAMPP/xamppfiles/htdocs/tools/the-shop/frontend/src/components/products/ProductsListItem.vue">
        <metrics statements="32" coveredstatements="25" conditionals="17" coveredconditionals="8" methods="6" coveredmethods="4"/>
        <line num="3" count="3" type="stmt"/>
        <line num="11" count="3" type="stmt"/>
        <line num="13" count="5" type="stmt"/>
        <line num="15" count="3" type="stmt"/>
        <line num="16" count="3" type="stmt"/>
        <line num="17" count="3" type="stmt"/>
        <line num="18" count="3" type="stmt"/>
        <line num="28" count="3" type="stmt"/>
        <line num="32" count="3" type="stmt"/>
        <line num="54" count="5" type="stmt"/>
        <line num="55" count="5" type="stmt"/>
        <line num="59" count="5" type="stmt"/>
        <line num="60" count="0" type="cond" truecount="0" falsecount="2"/>
        <line num="61" count="0" type="cond" truecount="0" falsecount="2"/>
        <line num="62" count="0" type="stmt"/>
        <line num="63" count="0" type="stmt"/>
        <line num="64" count="0" type="stmt"/>
        <line num="68" count="5" type="stmt"/>
        <line num="69" count="5" type="cond" truecount="1" falsecount="1"/>
        <line num="70" count="5" type="stmt"/>
        <line num="74" count="5" type="stmt"/>
        <line num="82" count="5" type="stmt"/>
        <line num="83" count="1" type="cond" truecount="1" falsecount="1"/>
        <line num="85" count="1" type="stmt"/>
        <line num="86" count="1" type="stmt"/>
        <line num="88" count="0" type="stmt"/>
        <line num="93" count="5" type="stmt"/>
        <line num="94" count="5" type="stmt"/>
        <line num="95" count="5" type="stmt"/>
        <line num="98" count="0" type="stmt"/>
        <line num="102" count="5" type="stmt"/>
        <line num="105" count="3" type="stmt"/>
      </file>
    </package>
    <package name="src.components.profile">
      <metrics statements="234" coveredstatements="153" conditionals="156" coveredconditionals="90" methods="50" coveredmethods="24"/>
      <file name="OrderDetailModal.vue" path="/Applications/XAMPP/xamppfiles/htdocs/tools/the-shop/frontend/src/components/profile/OrderDetailModal.vue">
        <metrics statements="34" coveredstatements="34" conditionals="40" coveredconditionals="32" methods="7" coveredmethods="7"/>
        <line num="12" count="2" type="stmt"/>
        <line num="13" count="2" type="stmt"/>
        <line num="14" count="2" type="stmt"/>
        <line num="19" count="2" type="stmt"/>
        <line num="21" count="2" type="stmt"/>
        <line num="22" count="2" type="stmt"/>
        <line num="23" count="2" type="stmt"/>
        <line num="24" count="2" type="cond" truecount="2" falsecount="0"/>
        <line num="25" count="2" type="cond" truecount="2" falsecount="0"/>
        <line num="26" count="2" type="stmt"/>
        <line num="33" count="2" type="cond" truecount="0" falsecount="2"/>
        <line num="41" count="2" type="stmt"/>
        <line num="42" count="4" type="stmt"/>
        <line num="47" count="2" type="stmt"/>
        <line num="48" count="2" type="stmt"/>
        <line num="49" count="2" type="stmt"/>
        <line num="50" count="2" type="stmt"/>
        <line num="58" count="2" type="stmt"/>
        <line num="59" count="2" type="stmt"/>
        <line num="63" count="2" type="stmt"/>
        <line num="64" count="2" type="stmt"/>
        <line num="65" count="2" type="stmt"/>
        <line num="100" count="5" type="stmt"/>
        <line num="111" count="5" type="stmt"/>
        <line num="113" count="5" type="stmt"/>
        <line num="114" count="8" type="cond" truecount="4" falsecount="1"/>
        <line num="115" count="8" type="stmt"/>
        <line num="116" count="8" type="cond" truecount="1" falsecount="1"/>
        <line num="119" count="5" type="stmt"/>
        <line num="120" count="8" type="cond" truecount="4" falsecount="1"/>
        <line num="121" count="8" type="stmt"/>
        <line num="122" count="8" type="cond" truecount="1" falsecount="1"/>
        <line num="125" count="5" type="stmt"/>
        <line num="126" count="2" type="stmt"/>
      </file>
      <file name="Profile.vue" path="/Applications/XAMPP/xamppfiles/htdocs/tools/the-shop/frontend/src/components/profile/Profile.vue">
        <metrics statements="1" coveredstatements="1" conditionals="0" coveredconditionals="0" methods="0" coveredmethods="0"/>
        <line num="2" count="3" type="stmt"/>
      </file>
      <file name="ProfileSidebar.vue" path="/Applications/XAMPP/xamppfiles/htdocs/tools/the-shop/frontend/src/components/profile/ProfileSidebar.vue">
        <metrics statements="46" coveredstatements="25" conditionals="22" coveredconditionals="8" methods="8" coveredmethods="5"/>
        <line num="2" count="5" type="stmt"/>
        <line num="3" count="4" type="stmt"/>
        <line num="6" count="4" type="stmt"/>
        <line num="7" count="4" type="stmt"/>
        <line num="15" count="0" type="cond" truecount="2" falsecount="0"/>
        <line num="25" count="4" type="stmt"/>
        <line num="34" count="4" type="stmt"/>
        <line num="47" count="4" type="stmt"/>
        <line num="48" count="4" type="stmt"/>
        <line num="50" count="5" type="cond" truecount="2" falsecount="0"/>
        <line num="54" count="4" type="stmt"/>
        <line num="57" count="4" type="stmt"/>
        <line num="59" count="5" type="cond" truecount="2" falsecount="0"/>
        <line num="62" count="4" type="stmt"/>
        <line num="64" count="5" type="cond" truecount="2" falsecount="0"/>
        <line num="82" count="5" type="stmt"/>
        <line num="83" count="5" type="stmt"/>
        <line num="84" count="5" type="stmt"/>
        <line num="87" count="5" type="stmt"/>
        <line num="90" count="5" type="stmt"/>
        <line num="93" count="5" type="stmt"/>
        <line num="98" count="5" type="stmt"/>
        <line num="99" count="0" type="stmt"/>
        <line num="103" count="5" type="stmt"/>
        <line num="104" count="0" type="cond" truecount="0" falsecount="2"/>
        <line num="105" count="0" type="stmt"/>
        <line num="106" count="0" type="stmt"/>
        <line num="108" count="0" type="stmt"/>
        <line num="111" count="0" type="stmt"/>
        <line num="112" count="0" type="stmt"/>
        <line num="114" count="0" type="stmt"/>
        <line num="115" count="0" type="stmt"/>
        <line num="117" count="0" type="stmt"/>
        <line num="125" count="0" type="stmt"/>
        <line num="129" count="0" type="stmt"/>
        <line num="130" count="0" type="stmt"/>
        <line num="131" count="0" type="cond" truecount="0" falsecount="2"/>
        <line num="132" count="0" type="stmt"/>
        <line num="135" count="0" type="cond" truecount="0" falsecount="2"/>
        <line num="137" count="0" type="stmt"/>
        <line num="138" count="0" type="cond" truecount="0" falsecount="2"/>
        <line num="139" count="0" type="stmt"/>
        <line num="141" count="0" type="stmt"/>
        <line num="145" count="5" type="stmt"/>
        <line num="147" count="5" type="stmt"/>
        <line num="148" count="5" type="stmt"/>
      </file>
      <file name="ProfileUpdate.vue" path="/Applications/XAMPP/xamppfiles/htdocs/tools/the-shop/frontend/src/components/profile/ProfileUpdate.vue">
        <metrics statements="53" coveredstatements="49" conditionals="44" coveredconditionals="43" methods="9" coveredmethods="9"/>
        <line num="2" count="17" type="stmt"/>
        <line num="3" count="3" type="stmt"/>
        <line num="4" count="3" type="stmt"/>
        <line num="5" count="3" type="stmt"/>
        <line num="6" count="3" type="stmt"/>
        <line num="7" count="3" type="stmt"/>
        <line num="11" count="3" type="stmt"/>
        <line num="15" count="3" type="stmt"/>
        <line num="21" count="1" type="cond" truecount="2" falsecount="0"/>
        <line num="26" count="3" type="stmt"/>
        <line num="32" count="1" type="cond" truecount="2" falsecount="0"/>
        <line num="37" count="3" type="stmt"/>
        <line num="43" count="1" type="cond" truecount="2" falsecount="0"/>
        <line num="48" count="3" type="stmt"/>
        <line num="54" count="1" type="cond" truecount="2" falsecount="0"/>
        <line num="59" count="3" type="stmt"/>
        <line num="65" count="1" type="cond" truecount="2" falsecount="0"/>
        <line num="70" count="3" type="stmt"/>
        <line num="76" count="1" type="cond" truecount="2" falsecount="0"/>
        <line num="81" count="3" type="stmt"/>
        <line num="108" count="5" type="stmt"/>
        <line num="109" count="5" type="stmt"/>
        <line num="112" count="5" type="stmt"/>
        <line num="122" count="5" type="stmt"/>
        <line num="131" count="5" type="stmt"/>
        <line num="135" count="5" type="stmt"/>
        <line num="136" count="1" type="stmt"/>
        <line num="137" count="1" type="stmt"/>
        <line num="138" count="1" type="stmt"/>
        <line num="140" count="1" type="stmt"/>
        <line num="141" count="1" type="stmt"/>
        <line num="142" count="1" type="stmt"/>
        <line num="147" count="1" type="stmt"/>
        <line num="150" count="1" type="stmt"/>
        <line num="153" count="1" type="stmt"/>
        <line num="155" count="1" type="stmt"/>
        <line num="156" count="1" type="stmt"/>
        <line num="158" count="0" type="stmt"/>
        <line num="159" count="0" type="stmt"/>
        <line num="160" count="0" type="stmt"/>
        <line num="161" count="0" type="stmt"/>
        <line num="165" count="5" type="stmt"/>
        <line num="167" count="5" type="stmt"/>
        <line num="168" count="5" type="stmt"/>
        <line num="171" count="5" type="stmt"/>
        <line num="172" count="5" type="stmt"/>
        <line num="175" count="5" type="cond" truecount="2" falsecount="0"/>
        <line num="176" count="2" type="cond" truecount="1" falsecount="1"/>
        <line num="177" count="2" type="cond" truecount="2" falsecount="0"/>
        <line num="178" count="2" type="cond" truecount="2" falsecount="0"/>
        <line num="179" count="2" type="cond" truecount="2" falsecount="0"/>
        <line num="180" count="2" type="cond" truecount="2" falsecount="0"/>
        <line num="181" count="2" type="cond" truecount="2" falsecount="0"/>
      </file>
      <file name="UserOrders.vue" path="/Applications/XAMPP/xamppfiles/htdocs/tools/the-shop/frontend/src/components/profile/UserOrders.vue">
        <metrics statements="51" coveredstatements="25" conditionals="35" coveredconditionals="6" methods="14" coveredmethods="1"/>
        <line num="2" count="9" type="stmt"/>
        <line num="4" count="1" type="stmt"/>
        <line num="6" count="1" type="stmt"/>
        <line num="22" count="0" type="stmt"/>
        <line num="28" count="1" type="stmt"/>
        <line num="29" count="0" type="stmt"/>
        <line num="38" count="1" type="stmt"/>
        <line num="39" count="0" type="stmt"/>
        <line num="49" count="1" type="stmt"/>
        <line num="50" count="0" type="stmt"/>
        <line num="71" count="1" type="stmt"/>
        <line num="72" count="0" type="stmt"/>
        <line num="96" count="0" type="stmt"/>
        <line num="112" count="1" type="stmt"/>
        <line num="138" count="3" type="stmt"/>
        <line num="139" count="3" type="stmt"/>
        <line num="141" count="3" type="stmt"/>
        <line num="142" count="3" type="stmt"/>
        <line num="143" count="3" type="stmt"/>
        <line num="145" count="3" type="stmt"/>
        <line num="151" count="3" type="stmt"/>
        <line num="152" count="0" type="cond" truecount="0" falsecount="5"/>
        <line num="153" count="0" type="stmt"/>
        <line num="154" count="0" type="cond" truecount="0" falsecount="2"/>
        <line num="157" count="3" type="stmt"/>
        <line num="158" count="0" type="cond" truecount="0" falsecount="5"/>
        <line num="159" count="0" type="stmt"/>
        <line num="160" count="0" type="cond" truecount="0" falsecount="2"/>
        <line num="163" count="3" type="stmt"/>
        <line num="164" count="0" type="cond" truecount="0" falsecount="2"/>
        <line num="165" count="0" type="stmt"/>
        <line num="169" count="3" type="stmt"/>
        <line num="170" count="0" type="stmt"/>
        <line num="171" count="0" type="stmt"/>
        <line num="172" count="0" type="stmt"/>
        <line num="173" count="0" type="cond" truecount="0" falsecount="2"/>
        <line num="174" count="0" type="stmt"/>
        <line num="176" count="0" type="stmt"/>
        <line num="177" count="0" type="stmt"/>
        <line num="179" count="0" type="stmt"/>
        <line num="183" count="3" type="stmt"/>
        <line num="184" count="0" type="stmt"/>
        <line num="185" count="0" type="stmt"/>
        <line num="188" count="3" type="stmt"/>
        <line num="189" count="3" type="stmt"/>
        <line num="190" count="3" type="stmt"/>
        <line num="191" count="3" type="stmt"/>
        <line num="192" count="3" type="cond" truecount="1" falsecount="1"/>
        <line num="194" count="0" type="stmt"/>
        <line num="195" count="0" type="stmt"/>
        <line num="197" count="3" type="stmt"/>
      </file>
      <file name="UserWishlist.vue" path="/Applications/XAMPP/xamppfiles/htdocs/tools/the-shop/frontend/src/components/profile/UserWishlist.vue">
        <metrics statements="49" coveredstatements="19" conditionals="15" coveredconditionals="1" methods="12" coveredmethods="2"/>
        <line num="2" count="3" type="stmt"/>
        <line num="4" count="1" type="stmt"/>
        <line num="7" count="1" type="stmt"/>
        <line num="22" count="0" type="stmt"/>
        <line num="28" count="1" type="stmt"/>
        <line num="39" count="0" type="stmt"/>
        <line num="54" count="0" type="stmt"/>
        <line num="63" count="0" type="stmt"/>
        <line num="76" count="1" type="stmt"/>
        <line num="79" count="0" type="stmt"/>
        <line num="86" count="0" type="stmt"/>
        <line num="121" count="3" type="stmt"/>
        <line num="122" count="3" type="stmt"/>
        <line num="123" count="3" type="stmt"/>
        <line num="125" count="3" type="stmt"/>
        <line num="126" count="3" type="stmt"/>
        <line num="127" count="3" type="stmt"/>
        <line num="128" count="3" type="stmt"/>
        <line num="131" count="3" type="stmt"/>
        <line num="132" count="3" type="stmt"/>
        <line num="133" count="3" type="stmt"/>
        <line num="135" count="0" type="stmt"/>
        <line num="140" count="3" type="stmt"/>
        <line num="141" count="0" type="cond" truecount="0" falsecount="2"/>
        <line num="142" count="0" type="stmt"/>
        <line num="143" count="0" type="stmt"/>
        <line num="145" count="0" type="stmt"/>
        <line num="151" count="3" type="stmt"/>
        <line num="152" count="0" type="cond" truecount="0" falsecount="2"/>
        <line num="153" count="0" type="stmt"/>
        <line num="154" count="0" type="stmt"/>
        <line num="156" count="0" type="stmt"/>
        <line num="157" count="0" type="stmt"/>
        <line num="158" count="0" type="stmt"/>
        <line num="162" count="3" type="stmt"/>
        <line num="163" count="0" type="stmt"/>
        <line num="164" count="0" type="stmt"/>
        <line num="165" count="0" type="stmt"/>
        <line num="169" count="3" type="stmt"/>
        <line num="170" count="0" type="stmt"/>
        <line num="172" count="0" type="stmt"/>
        <line num="181" count="0" type="stmt"/>
        <line num="184" count="0" type="cond" truecount="0" falsecount="2"/>
        <line num="185" count="0" type="stmt"/>
        <line num="186" count="0" type="stmt"/>
        <line num="188" count="0" type="stmt"/>
        <line num="194" count="0" type="stmt"/>
        <line num="196" count="0" type="stmt"/>
        <line num="198" count="0" type="stmt"/>
      </file>
    </package>
    <package name="src.components.reviews">
      <metrics statements="142" coveredstatements="96" conditionals="115" coveredconditionals="76" methods="26" coveredmethods="21"/>
      <file name="AddReview.vue" path="/Applications/XAMPP/xamppfiles/htdocs/tools/the-shop/frontend/src/components/reviews/AddReview.vue">
        <metrics statements="69" coveredstatements="44" conditionals="60" coveredconditionals="40" methods="12" coveredmethods="9"/>
        <line num="2" count="10" type="stmt"/>
        <line num="9" count="2" type="stmt"/>
        <line num="22" count="2" type="stmt"/>
        <line num="28" count="0" type="cond" truecount="2" falsecount="0"/>
        <line num="32" count="2" type="stmt"/>
        <line num="37" count="0" type="cond" truecount="2" falsecount="0"/>
        <line num="42" count="2" type="stmt"/>
        <line num="44" count="0" type="cond" truecount="2" falsecount="0"/>
        <line num="67" count="6" type="stmt"/>
        <line num="68" count="6" type="stmt"/>
        <line num="70" count="6" type="stmt"/>
        <line num="71" count="6" type="stmt"/>
        <line num="73" count="11" type="stmt"/>
        <line num="76" count="6" type="stmt"/>
        <line num="79" count="6" type="stmt"/>
        <line num="81" count="11" type="cond" truecount="4" falsecount="0"/>
        <line num="82" count="6" type="stmt"/>
        <line num="86" count="5" type="cond" truecount="4" falsecount="0"/>
        <line num="87" count="1" type="stmt"/>
        <line num="91" count="4" type="stmt"/>
        <line num="92" count="11" type="cond" truecount="1" falsecount="1"/>
        <line num="93" count="0" type="stmt"/>
        <line num="97" count="4" type="stmt"/>
        <line num="98" count="4" type="cond" truecount="2" falsecount="0"/>
        <line num="103" count="6" type="stmt"/>
        <line num="104" count="11" type="cond" truecount="5" falsecount="0"/>
        <line num="105" count="6" type="stmt"/>
        <line num="106" count="6" type="stmt"/>
        <line num="109" count="5" type="stmt"/>
        <line num="111" count="5" type="stmt"/>
        <line num="113" count="5" type="cond" truecount="1" falsecount="1"/>
        <line num="114" count="0" type="stmt"/>
        <line num="116" count="5" type="stmt"/>
        <line num="120" count="0" type="stmt"/>
        <line num="121" count="0" type="stmt"/>
        <line num="126" count="6" type="stmt"/>
        <line num="127" count="6" type="stmt"/>
        <line num="131" count="11" type="stmt"/>
        <line num="132" count="5" type="stmt"/>
        <line num="136" count="6" type="stmt"/>
        <line num="143" count="6" type="stmt"/>
        <line num="144" count="1" type="stmt"/>
        <line num="146" count="1" type="cond" truecount="1" falsecount="1"/>
        <line num="147" count="0" type="stmt"/>
        <line num="148" count="0" type="stmt"/>
        <line num="151" count="1" type="cond" truecount="1" falsecount="1"/>
        <line num="152" count="0" type="stmt"/>
        <line num="153" count="0" type="stmt"/>
        <line num="156" count="1" type="cond" truecount="2" falsecount="3"/>
        <line num="157" count="1" type="stmt"/>
        <line num="158" count="1" type="stmt"/>
        <line num="161" count="0" type="cond" truecount="0" falsecount="2"/>
        <line num="162" count="0" type="stmt"/>
        <line num="163" count="0" type="stmt"/>
        <line num="166" count="0" type="stmt"/>
        <line num="174" count="0" type="cond" truecount="0" falsecount="2"/>
        <line num="177" count="1" type="stmt"/>
        <line num="180" count="1" type="stmt"/>
        <line num="181" count="1" type="stmt"/>
        <line num="182" count="1" type="stmt"/>
        <line num="184" count="0" type="cond" truecount="0" falsecount="2"/>
        <line num="185" count="0" type="stmt"/>
        <line num="186" count="0" type="stmt"/>
        <line num="187" count="0" type="cond" truecount="0" falsecount="2"/>
        <line num="188" count="0" type="stmt"/>
        <line num="189" count="0" type="cond" truecount="0" falsecount="2"/>
        <line num="190" count="0" type="stmt"/>
        <line num="192" count="0" type="stmt"/>
        <line num="194" count="0" type="stmt"/>
      </file>
      <file name="EditReview.vue" path="/Applications/XAMPP/xamppfiles/htdocs/tools/the-shop/frontend/src/components/reviews/EditReview.vue">
        <metrics statements="39" coveredstatements="25" conditionals="37" coveredconditionals="26" methods="7" coveredmethods="6"/>
        <line num="2" count="11" type="stmt"/>
        <line num="9" count="2" type="stmt"/>
        <line num="11" count="2" type="stmt"/>
        <line num="17" count="1" type="cond" truecount="2" falsecount="0"/>
        <line num="21" count="2" type="stmt"/>
        <line num="26" count="1" type="cond" truecount="2" falsecount="0"/>
        <line num="31" count="2" type="stmt"/>
        <line num="33" count="0" type="cond" truecount="2" falsecount="0"/>
        <line num="57" count="6" type="stmt"/>
        <line num="58" count="6" type="stmt"/>
        <line num="59" count="6" type="stmt"/>
        <line num="61" count="9" type="stmt"/>
        <line num="64" count="6" type="stmt"/>
        <line num="71" count="6" type="stmt"/>
        <line num="72" count="10" type="cond" truecount="4" falsecount="0"/>
        <line num="73" count="3" type="cond" truecount="1" falsecount="1"/>
        <line num="74" count="3" type="cond" truecount="1" falsecount="1"/>
        <line num="75" count="3" type="cond" truecount="1" falsecount="1"/>
        <line num="80" count="6" type="stmt"/>
        <line num="81" count="1" type="stmt"/>
        <line num="85" count="6" type="stmt"/>
        <line num="86" count="1" type="stmt"/>
        <line num="88" count="1" type="cond" truecount="1" falsecount="1"/>
        <line num="89" count="0" type="stmt"/>
        <line num="90" count="0" type="stmt"/>
        <line num="92" count="1" type="cond" truecount="4" falsecount="1"/>
        <line num="93" count="0" type="stmt"/>
        <line num="94" count="0" type="stmt"/>
        <line num="98" count="1" type="stmt"/>
        <line num="106" count="1" type="stmt"/>
        <line num="111" count="0" type="cond" truecount="0" falsecount="2"/>
        <line num="112" count="0" type="stmt"/>
        <line num="113" count="0" type="stmt"/>
        <line num="114" count="0" type="cond" truecount="0" falsecount="2"/>
        <line num="115" count="0" type="stmt"/>
        <line num="116" count="0" type="cond" truecount="0" falsecount="2"/>
        <line num="117" count="0" type="stmt"/>
        <line num="119" count="0" type="stmt"/>
        <line num="121" count="0" type="stmt"/>
      </file>
      <file name="ReviewList.vue" path="/Applications/XAMPP/xamppfiles/htdocs/tools/the-shop/frontend/src/components/reviews/ReviewList.vue">
        <metrics statements="34" coveredstatements="27" conditionals="18" coveredconditionals="10" methods="7" coveredmethods="6"/>
        <line num="2" count="13" type="stmt"/>
        <line num="4" count="2" type="stmt"/>
        <line num="5" count="2" type="stmt"/>
        <line num="9" count="2" type="stmt"/>
        <line num="16" count="10" type="stmt"/>
        <line num="17" count="2" type="stmt"/>
        <line num="34" count="2" type="stmt"/>
        <line num="36" count="2" type="stmt"/>
        <line num="37" count="2" type="cond" truecount="1" falsecount="1"/>
        <line num="41" count="2" type="stmt"/>
        <line num="53" count="2" type="stmt"/>
        <line num="56" count="2" type="stmt"/>
        <line num="57" count="2" type="stmt"/>
        <line num="63" count="1" type="stmt"/>
        <line num="68" count="1" type="stmt"/>
        <line num="87" count="7" type="stmt"/>
        <line num="88" count="7" type="stmt"/>
        <line num="89" count="7" type="stmt"/>
        <line num="91" count="13" type="stmt"/>
        <line num="92" count="7" type="stmt"/>
        <line num="95" count="7" type="stmt"/>
        <line num="96" count="1" type="stmt"/>
        <line num="97" count="1" type="stmt"/>
        <line num="99" count="1" type="cond" truecount="1" falsecount="1"/>
        <line num="100" count="1" type="stmt"/>
        <line num="102" count="0" type="stmt"/>
        <line num="106" count="0" type="cond" truecount="0" falsecount="2"/>
        <line num="107" count="0" type="stmt"/>
        <line num="108" count="0" type="cond" truecount="0" falsecount="2"/>
        <line num="109" count="0" type="stmt"/>
        <line num="111" count="0" type="stmt"/>
        <line num="113" count="0" type="stmt"/>
        <line num="118" count="7" type="stmt"/>
        <line num="119" count="1" type="stmt"/>
      </file>
    </package>
    <package name="src.components.wishlist">
      <metrics statements="46" coveredstatements="34" conditionals="48" coveredconditionals="39" methods="12" coveredmethods="11"/>
      <file name="AddToCartModal.vue" path="/Applications/XAMPP/xamppfiles/htdocs/tools/the-shop/frontend/src/components/wishlist/AddToCartModal.vue">
        <metrics statements="46" coveredstatements="34" conditionals="48" coveredconditionals="39" methods="12" coveredmethods="11"/>
        <line num="12" count="2" type="stmt"/>
        <line num="17" count="2" type="stmt"/>
        <line num="27" count="2" type="stmt"/>
        <line num="32" count="2" type="stmt"/>
        <line num="34" count="2" type="stmt"/>
        <line num="35" count="28" type="stmt"/>
        <line num="45" count="1" type="stmt"/>
        <line num="53" count="2" type="stmt"/>
        <line num="55" count="2" type="stmt"/>
        <line num="56" count="42" type="stmt"/>
        <line num="60" count="1" type="stmt"/>
        <line num="69" count="2" type="stmt"/>
        <line num="73" count="1" type="cond" truecount="2" falsecount="0"/>
        <line num="79" count="2" type="cond" truecount="1" falsecount="1"/>
        <line num="82" count="2" type="stmt"/>
        <line num="103" count="12" type="stmt"/>
        <line num="114" count="12" type="stmt"/>
        <line num="116" count="12" type="stmt"/>
        <line num="118" count="12" type="stmt"/>
        <line num="124" count="12" type="stmt"/>
        <line num="129" count="12" type="stmt"/>
        <line num="130" count="0" type="cond" truecount="0" falsecount="2"/>
        <line num="132" count="0" type="stmt"/>
        <line num="133" count="0" type="stmt"/>
        <line num="134" count="0" type="stmt"/>
        <line num="135" count="0" type="stmt"/>
        <line num="140" count="12" type="stmt"/>
        <line num="141" count="1" type="stmt"/>
        <line num="142" count="1" type="stmt"/>
        <line num="146" count="12" type="stmt"/>
        <line num="147" count="1" type="stmt"/>
        <line num="148" count="1" type="stmt"/>
        <line num="152" count="12" type="stmt"/>
        <line num="153" count="3" type="stmt"/>
        <line num="157" count="12" type="stmt"/>
        <line num="159" count="1" type="cond" truecount="4" falsecount="1"/>
        <line num="160" count="0" type="stmt"/>
        <line num="161" count="0" type="stmt"/>
        <line num="162" count="0" type="stmt"/>
        <line num="166" count="1" type="cond" truecount="1" falsecount="1"/>
        <line num="167" count="0" type="stmt"/>
        <line num="168" count="0" type="stmt"/>
        <line num="172" count="1" type="cond" truecount="1" falsecount="1"/>
        <line num="173" count="0" type="stmt"/>
        <line num="174" count="0" type="stmt"/>
        <line num="178" count="1" type="stmt"/>
      </file>
    </package>
    <package name="src.stores">
      <metrics statements="466" coveredstatements="409" conditionals="152" coveredconditionals="75" methods="85" coveredmethods="85"/>
      <file name="useAuthStore.js" path="/Applications/XAMPP/xamppfiles/htdocs/tools/the-shop/frontend/src/stores/useAuthStore.js">
        <metrics statements="90" coveredstatements="89" conditionals="20" coveredconditionals="12" methods="19" coveredmethods="19"/>
        <line num="5" count="18" type="stmt"/>
        <line num="7" count="18" type="stmt"/>
        <line num="8" count="95" type="stmt"/>
        <line num="18" count="14" type="stmt"/>
        <line num="19" count="23" type="stmt"/>
        <line num="20" count="9" type="stmt"/>
        <line num="21" count="21" type="stmt"/>
        <line num="22" count="10" type="stmt"/>
        <line num="23" count="2" type="stmt"/>
        <line num="28" count="16" type="stmt"/>
        <line num="32" count="18" type="stmt"/>
        <line num="36" count="9" type="stmt"/>
        <line num="40" count="1" type="stmt"/>
        <line num="41" count="1" type="stmt"/>
        <line num="45" count="38" type="stmt"/>
        <line num="49" count="25" type="stmt"/>
        <line num="53" count="31" type="stmt"/>
        <line num="57" count="3" type="cond" truecount="2" falsecount="0"/>
        <line num="58" count="2" type="stmt"/>
        <line num="63" count="2" type="stmt"/>
        <line num="64" count="2" type="stmt"/>
        <line num="65" count="2" type="stmt"/>
        <line num="67" count="2" type="stmt"/>
        <line num="68" count="2" type="stmt"/>
        <line num="73" count="1" type="stmt"/>
        <line num="76" count="1" type="stmt"/>
        <line num="77" count="1" type="stmt"/>
        <line num="78" count="1" type="stmt"/>
        <line num="79" count="1" type="stmt"/>
        <line num="82" count="1" type="stmt"/>
        <line num="85" count="1" type="stmt"/>
        <line num="87" count="1" type="stmt"/>
        <line num="92" count="1" type="cond" truecount="1" falsecount="1"/>
        <line num="93" count="1" type="cond" truecount="1" falsecount="1"/>
        <line num="95" count="1" type="stmt"/>
        <line num="96" count="1" type="stmt"/>
        <line num="97" count="1" type="stmt"/>
        <line num="98" count="1" type="stmt"/>
        <line num="99" count="1" type="stmt"/>
        <line num="104" count="2" type="stmt"/>
        <line num="105" count="2" type="stmt"/>
        <line num="107" count="2" type="stmt"/>
        <line num="108" count="2" type="stmt"/>
        <line num="110" count="2" type="stmt"/>
        <line num="111" count="2" type="stmt"/>
        <line num="119" count="1" type="cond" truecount="1" falsecount="1"/>
        <line num="120" count="2" type="stmt"/>
        <line num="121" count="2" type="stmt"/>
        <line num="124" count="2" type="cond" truecount="1" falsecount="1"/>
        <line num="126" count="2" type="stmt"/>
        <line num="130" count="1" type="cond" truecount="1" falsecount="1"/>
        <line num="131" count="1" type="stmt"/>
        <line num="132" count="1" type="stmt"/>
        <line num="135" count="1" type="stmt"/>
        <line num="137" count="1" type="stmt"/>
        <line num="142" count="3" type="stmt"/>
        <line num="143" count="3" type="stmt"/>
        <line num="145" count="3" type="stmt"/>
        <line num="147" count="3" type="cond" truecount="2" falsecount="0"/>
        <line num="148" count="2" type="stmt"/>
        <line num="155" count="1" type="stmt"/>
        <line num="156" count="1" type="stmt"/>
        <line num="157" count="1" type="stmt"/>
        <line num="161" count="3" type="stmt"/>
        <line num="162" count="3" type="stmt"/>
        <line num="163" count="3" type="stmt"/>
        <line num="164" count="3" type="stmt"/>
        <line num="167" count="3" type="stmt"/>
        <line num="172" count="2" type="stmt"/>
        <line num="173" count="2" type="stmt"/>
        <line num="175" count="2" type="stmt"/>
        <line num="176" count="2" type="stmt"/>
        <line num="179" count="1" type="stmt"/>
        <line num="180" count="1" type="stmt"/>
        <line num="181" count="1" type="stmt"/>
        <line num="182" count="1" type="stmt"/>
        <line num="183" count="1" type="stmt"/>
        <line num="186" count="1" type="cond" truecount="1" falsecount="1"/>
        <line num="187" count="1" type="stmt"/>
        <line num="190" count="1" type="stmt"/>
        <line num="194" count="1" type="cond" truecount="1" falsecount="1"/>
        <line num="197" count="1" type="cond" truecount="1" falsecount="1"/>
        <line num="198" count="1" type="stmt"/>
        <line num="199" count="1" type="stmt"/>
        <line num="200" count="1" type="stmt"/>
        <line num="201" count="1" type="stmt"/>
        <line num="202" count="1" type="stmt"/>
        <line num="204" count="0" type="stmt"/>
        <line num="207" count="1" type="stmt"/>
        <line num="208" count="1" type="stmt"/>
      </file>
      <file name="useCartStore.js" path="/Applications/XAMPP/xamppfiles/htdocs/tools/the-shop/frontend/src/stores/useCartStore.js">
        <metrics statements="147" coveredstatements="106" conditionals="62" coveredconditionals="25" methods="18" coveredmethods="18"/>
        <line num="5" count="12" type="stmt"/>
        <line num="8" count="12" type="stmt"/>
        <line num="9" count="78" type="stmt"/>
        <line num="23" count="14" type="stmt"/>
        <line num="24" count="1" type="stmt"/>
        <line num="25" count="1" type="stmt"/>
        <line num="30" count="2" type="stmt"/>
        <line num="41" count="3" type="stmt"/>
        <line num="42" count="3" type="stmt"/>
        <line num="44" count="3" type="stmt"/>
        <line num="45" count="3" type="stmt"/>
        <line num="47" count="2" type="cond" truecount="4" falsecount="0"/>
        <line num="49" count="1" type="stmt"/>
        <line num="50" count="1" type="stmt"/>
        <line num="52" count="1" type="stmt"/>
        <line num="55" count="2" type="stmt"/>
        <line num="56" count="2" type="stmt"/>
        <line num="58" count="1" type="stmt"/>
        <line num="61" count="1" type="cond" truecount="1" falsecount="1"/>
        <line num="62" count="1" type="stmt"/>
        <line num="63" count="1" type="stmt"/>
        <line num="64" count="1" type="stmt"/>
        <line num="68" count="0" type="cond" truecount="0" falsecount="3"/>
        <line num="69" count="1" type="stmt"/>
        <line num="70" count="1" type="stmt"/>
        <line num="71" count="1" type="stmt"/>
        <line num="72" count="1" type="stmt"/>
        <line num="77" count="2" type="stmt"/>
        <line num="78" count="2" type="stmt"/>
        <line num="81" count="2" type="stmt"/>
        <line num="88" count="2" type="stmt"/>
        <line num="89" count="2" type="stmt"/>
        <line num="91" count="2" type="stmt"/>
        <line num="92" count="2" type="stmt"/>
        <line num="94" count="1" type="stmt"/>
        <line num="96" count="1" type="cond" truecount="2" falsecount="2"/>
        <line num="98" count="1" type="stmt"/>
        <line num="99" count="1" type="cond" truecount="1" falsecount="1"/>
        <line num="100" count="1" type="stmt"/>
        <line num="103" count="1" type="stmt"/>
        <line num="104" count="1" type="stmt"/>
        <line num="106" count="1" type="stmt"/>
        <line num="108" count="1" type="stmt"/>
        <line num="109" count="1" type="stmt"/>
        <line num="110" count="1" type="stmt"/>
        <line num="113" count="1" type="cond" truecount="1" falsecount="1"/>
        <line num="114" count="1" type="stmt"/>
        <line num="115" count="1" type="stmt"/>
        <line num="116" count="1" type="stmt"/>
        <line num="120" count="0" type="cond" truecount="0" falsecount="2"/>
        <line num="121" count="0" type="cond" truecount="0" falsecount="2"/>
        <line num="122" count="0" type="cond" truecount="0" falsecount="2"/>
        <line num="123" count="0" type="stmt"/>
        <line num="124" count="0" type="stmt"/>
        <line num="125" count="0" type="stmt"/>
        <line num="126" count="0" type="stmt"/>
        <line num="130" count="0" type="cond" truecount="0" falsecount="3"/>
        <line num="131" count="1" type="stmt"/>
        <line num="132" count="1" type="stmt"/>
        <line num="133" count="1" type="stmt"/>
        <line num="134" count="1" type="stmt"/>
        <line num="140" count="3" type="cond" truecount="2" falsecount="0"/>
        <line num="141" count="1" type="stmt"/>
        <line num="142" count="1" type="stmt"/>
        <line num="146" count="2" type="cond" truecount="2" falsecount="0"/>
        <line num="147" count="1" type="stmt"/>
        <line num="148" count="1" type="stmt"/>
        <line num="151" count="1" type="stmt"/>
        <line num="152" count="1" type="stmt"/>
        <line num="154" count="1" type="stmt"/>
        <line num="155" count="1" type="stmt"/>
        <line num="156" count="1" type="stmt"/>
        <line num="160" count="1" type="cond" truecount="1" falsecount="1"/>
        <line num="162" count="1" type="stmt"/>
        <line num="165" count="1" type="stmt"/>
        <line num="166" count="1" type="stmt"/>
        <line num="168" count="0" type="stmt"/>
        <line num="171" count="0" type="cond" truecount="0" falsecount="2"/>
        <line num="172" count="0" type="stmt"/>
        <line num="173" count="0" type="stmt"/>
        <line num="174" count="0" type="stmt"/>
        <line num="178" count="0" type="cond" truecount="0" falsecount="3"/>
        <line num="179" count="0" type="stmt"/>
        <line num="180" count="0" type="stmt"/>
        <line num="181" count="0" type="stmt"/>
        <line num="182" count="0" type="stmt"/>
        <line num="188" count="2" type="cond" truecount="1" falsecount="1"/>
        <line num="189" count="0" type="stmt"/>
        <line num="190" count="0" type="stmt"/>
        <line num="194" count="2" type="cond" truecount="2" falsecount="0"/>
        <line num="195" count="1" type="stmt"/>
        <line num="196" count="1" type="stmt"/>
        <line num="199" count="1" type="stmt"/>
        <line num="200" count="1" type="stmt"/>
        <line num="202" count="1" type="stmt"/>
        <line num="203" count="1" type="stmt"/>
        <line num="204" count="1" type="stmt"/>
        <line num="208" count="1" type="cond" truecount="1" falsecount="1"/>
        <line num="210" count="1" type="stmt"/>
        <line num="213" count="1" type="stmt"/>
        <line num="214" count="1" type="stmt"/>
        <line num="216" count="0" type="stmt"/>
        <line num="219" count="0" type="cond" truecount="0" falsecount="2"/>
        <line num="220" count="0" type="stmt"/>
        <line num="221" count="0" type="stmt"/>
        <line num="222" count="0" type="stmt"/>
        <line num="226" count="0" type="cond" truecount="0" falsecount="3"/>
        <line num="227" count="0" type="stmt"/>
        <line num="228" count="0" type="stmt"/>
        <line num="229" count="0" type="stmt"/>
        <line num="230" count="0" type="stmt"/>
        <line num="236" count="2" type="cond" truecount="2" falsecount="0"/>
        <line num="237" count="1" type="stmt"/>
        <line num="238" count="1" type="stmt"/>
        <line num="241" count="1" type="stmt"/>
        <line num="242" count="1" type="stmt"/>
        <line num="244" count="1" type="stmt"/>
        <line num="245" count="1" type="stmt"/>
        <line num="247" count="1" type="cond" truecount="1" falsecount="1"/>
        <line num="249" count="1" type="stmt"/>
        <line num="250" count="1" type="cond" truecount="1" falsecount="1"/>
        <line num="251" count="1" type="stmt"/>
        <line num="254" count="1" type="stmt"/>
        <line num="255" count="1" type="stmt"/>
        <line num="257" count="0" type="stmt"/>
        <line num="260" count="0" type="cond" truecount="0" falsecount="2"/>
        <line num="261" count="0" type="stmt"/>
        <line num="262" count="0" type="stmt"/>
        <line num="263" count="0" type="stmt"/>
        <line num="267" count="0" type="cond" truecount="0" falsecount="3"/>
        <line num="268" count="0" type="stmt"/>
        <line num="269" count="0" type="stmt"/>
        <line num="270" count="0" type="stmt"/>
        <line num="271" count="0" type="stmt"/>
        <line num="276" count="7" type="stmt"/>
        <line num="277" count="7" type="cond" truecount="2" falsecount="0"/>
        <line num="278" count="4" type="stmt"/>
        <line num="280" count="7" type="stmt"/>
        <line num="284" count="3" type="stmt"/>
        <line num="288" count="3" type="stmt"/>
        <line num="289" count="2" type="stmt"/>
        <line num="291" count="3" type="stmt"/>
        <line num="295" count="11" type="stmt"/>
        <line num="296" count="1" type="stmt"/>
        <line num="299" count="11" type="stmt"/>
        <line num="305" count="11" type="stmt"/>
        <line num="309" count="6" type="stmt"/>
      </file>
      <file name="useProductDetailsStore.js" path="/Applications/XAMPP/xamppfiles/htdocs/tools/the-shop/frontend/src/stores/useProductDetailsStore.js">
        <metrics statements="62" coveredstatements="61" conditionals="28" coveredconditionals="17" methods="18" coveredmethods="18"/>
        <line num="5" count="5" type="stmt"/>
        <line num="7" count="5" type="stmt"/>
        <line num="8" count="42" type="stmt"/>
        <line num="27" count="14" type="stmt"/>
        <line num="28" count="1" type="stmt"/>
        <line num="29" count="1" type="stmt"/>
        <line num="30" count="1" type="stmt"/>
        <line num="31" count="3" type="stmt"/>
        <line num="32" count="15" type="cond" truecount="2" falsecount="0"/>
        <line num="33" count="12" type="stmt"/>
        <line num="36" count="2" type="cond" truecount="1" falsecount="1"/>
        <line num="37" count="2" type="cond" truecount="2" falsecount="0"/>
        <line num="38" count="2" type="stmt"/>
        <line num="39" count="1" type="stmt"/>
        <line num="40" count="1" type="stmt"/>
        <line num="45" count="2" type="stmt"/>
        <line num="46" count="2" type="stmt"/>
        <line num="49" count="2" type="stmt"/>
        <line num="50" count="2" type="stmt"/>
        <line num="51" count="2" type="stmt"/>
        <line num="52" count="2" type="stmt"/>
        <line num="54" count="2" type="stmt"/>
        <line num="55" count="2" type="stmt"/>
        <line num="56" count="1" type="stmt"/>
        <line num="57" count="1" type="cond" truecount="1" falsecount="1"/>
        <line num="60" count="2" type="stmt"/>
        <line num="61" count="2" type="cond" truecount="2" falsecount="0"/>
        <line num="62" count="1" type="stmt"/>
        <line num="67" count="1" type="cond" truecount="1" falsecount="1"/>
        <line num="68" count="1" type="stmt"/>
        <line num="73" count="1" type="cond" truecount="1" falsecount="1"/>
        <line num="74" count="0" type="stmt"/>
        <line num="79" count="1" type="stmt"/>
        <line num="81" count="1" type="stmt"/>
        <line num="82" count="1" type="cond" truecount="1" falsecount="1"/>
        <line num="84" count="2" type="stmt"/>
        <line num="88" count="2" type="stmt"/>
        <line num="90" count="2" type="stmt"/>
        <line num="97" count="1" type="stmt"/>
        <line num="100" count="1" type="cond" truecount="1" falsecount="1"/>
        <line num="101" count="1" type="stmt"/>
        <line num="105" count="2" type="stmt"/>
        <line num="107" count="2" type="stmt"/>
        <line num="111" count="1" type="cond" truecount="1" falsecount="1"/>
        <line num="112" count="2" type="stmt"/>
        <line num="116" count="1" type="stmt"/>
        <line num="118" count="1" type="stmt"/>
        <line num="119" count="1" type="cond" truecount="1" falsecount="1"/>
        <line num="120" count="1" type="stmt"/>
        <line num="125" count="2" type="stmt"/>
        <line num="126" count="2" type="stmt"/>
        <line num="135" count="3" type="stmt"/>
        <line num="136" count="3" type="stmt"/>
        <line num="144" count="2" type="stmt"/>
        <line num="146" count="2" type="stmt"/>
        <line num="153" count="1" type="cond" truecount="1" falsecount="1"/>
        <line num="154" count="2" type="stmt"/>
        <line num="157" count="1" type="stmt"/>
        <line num="159" count="1" type="stmt"/>
        <line num="161" count="1" type="stmt"/>
        <line num="162" count="1" type="cond" truecount="1" falsecount="1"/>
        <line num="163" count="1" type="stmt"/>
      </file>
      <file name="useProductsStore.js" path="/Applications/XAMPP/xamppfiles/htdocs/tools/the-shop/frontend/src/stores/useProductsStore.js">
        <metrics statements="83" coveredstatements="77" conditionals="0" coveredconditionals="0" methods="18" coveredmethods="18"/>
        <line num="5" count="12" type="stmt"/>
        <line num="6" count="68" type="stmt"/>
        <line num="21" count="1" type="stmt"/>
        <line num="22" count="1" type="stmt"/>
        <line num="23" count="1" type="stmt"/>
        <line num="24" count="1" type="stmt"/>
        <line num="25" count="1" type="stmt"/>
        <line num="28" count="3" type="stmt"/>
        <line num="32" count="8" type="stmt"/>
        <line num="44" count="21" type="stmt"/>
        <line num="45" count="21" type="stmt"/>
        <line num="50" count="3" type="stmt"/>
        <line num="51" count="3" type="stmt"/>
        <line num="57" count="7" type="stmt"/>
        <line num="58" count="7" type="stmt"/>
        <line num="60" count="7" type="stmt"/>
        <line num="62" count="7" type="stmt"/>
        <line num="64" count="7" type="stmt"/>
        <line num="65" count="7" type="stmt"/>
        <line num="66" count="7" type="stmt"/>
        <line num="67" count="7" type="stmt"/>
        <line num="68" count="7" type="stmt"/>
        <line num="69" count="7" type="stmt"/>
        <line num="71" count="0" type="stmt"/>
        <line num="73" count="7" type="stmt"/>
        <line num="79" count="1" type="stmt"/>
        <line num="80" count="1" type="stmt"/>
        <line num="82" count="1" type="stmt"/>
        <line num="84" count="1" type="stmt"/>
        <line num="86" count="1" type="stmt"/>
        <line num="87" count="1" type="stmt"/>
        <line num="88" count="1" type="stmt"/>
        <line num="89" count="1" type="stmt"/>
        <line num="91" count="0" type="stmt"/>
        <line num="93" count="1" type="stmt"/>
        <line num="99" count="1" type="stmt"/>
        <line num="100" count="1" type="stmt"/>
        <line num="102" count="1" type="stmt"/>
        <line num="104" count="1" type="stmt"/>
        <line num="106" count="1" type="stmt"/>
        <line num="107" count="1" type="stmt"/>
        <line num="108" count="1" type="stmt"/>
        <line num="109" count="1" type="stmt"/>
        <line num="111" count="0" type="stmt"/>
        <line num="113" count="1" type="stmt"/>
        <line num="119" count="1" type="stmt"/>
        <line num="120" count="1" type="stmt"/>
        <line num="122" count="1" type="stmt"/>
        <line num="124" count="1" type="stmt"/>
        <line num="126" count="1" type="stmt"/>
        <line num="127" count="1" type="stmt"/>
        <line num="128" count="1" type="stmt"/>
        <line num="129" count="1" type="stmt"/>
        <line num="131" count="0" type="stmt"/>
        <line num="133" count="1" type="stmt"/>
        <line num="139" count="1" type="stmt"/>
        <line num="140" count="1" type="stmt"/>
        <line num="142" count="1" type="stmt"/>
        <line num="144" count="1" type="stmt"/>
        <line num="146" count="1" type="stmt"/>
        <line num="147" count="1" type="stmt"/>
        <line num="148" count="1" type="stmt"/>
        <line num="149" count="1" type="stmt"/>
        <line num="151" count="0" type="stmt"/>
        <line num="153" count="1" type="stmt"/>
        <line num="159" count="1" type="stmt"/>
        <line num="160" count="1" type="stmt"/>
        <line num="162" count="1" type="stmt"/>
        <line num="164" count="1" type="stmt"/>
        <line num="166" count="1" type="stmt"/>
        <line num="167" count="1" type="stmt"/>
        <line num="168" count="1" type="stmt"/>
        <line num="169" count="1" type="stmt"/>
        <line num="171" count="0" type="stmt"/>
        <line num="173" count="1" type="stmt"/>
        <line num="179" count="8" type="stmt"/>
        <line num="180" count="8" type="stmt"/>
        <line num="181" count="8" type="stmt"/>
        <line num="182" count="8" type="stmt"/>
        <line num="183" count="8" type="stmt"/>
        <line num="184" count="8" type="stmt"/>
        <line num="185" count="8" type="stmt"/>
        <line num="186" count="8" type="stmt"/>
      </file>
      <file name="useWishlistStore.js" path="/Applications/XAMPP/xamppfiles/htdocs/tools/the-shop/frontend/src/stores/useWishlistStore.js">
        <metrics statements="84" coveredstatements="76" conditionals="42" coveredconditionals="21" methods="12" coveredmethods="12"/>
        <line num="5" count="6" type="stmt"/>
        <line num="7" count="6" type="stmt"/>
        <line num="8" count="27" type="stmt"/>
        <line num="14" count="4" type="stmt"/>
        <line num="15" count="1" type="stmt"/>
        <line num="16" count="1" type="stmt"/>
        <line num="17" count="7" type="stmt"/>
        <line num="18" count="7" type="stmt"/>
        <line num="24" count="4" type="stmt"/>
        <line num="25" count="4" type="stmt"/>
        <line num="27" count="4" type="stmt"/>
        <line num="28" count="4" type="stmt"/>
        <line num="30" count="2" type="cond" truecount="4" falsecount="0"/>
        <line num="31" count="1" type="stmt"/>
        <line num="32" count="1" type="stmt"/>
        <line num="34" count="1" type="stmt"/>
        <line num="37" count="2" type="stmt"/>
        <line num="38" count="2" type="stmt"/>
        <line num="40" count="2" type="stmt"/>
        <line num="43" count="2" type="cond" truecount="2" falsecount="0"/>
        <line num="44" count="1" type="stmt"/>
        <line num="45" count="1" type="stmt"/>
        <line num="46" count="1" type="stmt"/>
        <line num="50" count="1" type="cond" truecount="1" falsecount="2"/>
        <line num="51" count="2" type="stmt"/>
        <line num="52" count="2" type="stmt"/>
        <line num="53" count="2" type="stmt"/>
        <line num="54" count="2" type="stmt"/>
        <line num="60" count="3" type="stmt"/>
        <line num="61" count="3" type="stmt"/>
        <line num="63" count="3" type="stmt"/>
        <line num="64" count="3" type="stmt"/>
        <line num="68" count="1" type="cond" truecount="2" falsecount="2"/>
        <line num="70" count="1" type="stmt"/>
        <line num="71" count="1" type="cond" truecount="1" falsecount="1"/>
        <line num="72" count="1" type="stmt"/>
        <line num="75" count="1" type="stmt"/>
        <line num="76" count="1" type="stmt"/>
        <line num="78" count="2" type="stmt"/>
        <line num="81" count="2" type="cond" truecount="2" falsecount="0"/>
        <line num="82" count="1" type="stmt"/>
        <line num="83" count="1" type="stmt"/>
        <line num="84" count="1" type="stmt"/>
        <line num="88" count="1" type="cond" truecount="1" falsecount="1"/>
        <line num="89" count="0" type="cond" truecount="0" falsecount="2"/>
        <line num="90" count="0" type="cond" truecount="0" falsecount="2"/>
        <line num="91" count="0" type="stmt"/>
        <line num="92" count="0" type="stmt"/>
        <line num="93" count="0" type="stmt"/>
        <line num="94" count="0" type="stmt"/>
        <line num="98" count="1" type="cond" truecount="1" falsecount="1"/>
        <line num="99" count="1" type="cond" truecount="2" falsecount="1"/>
        <line num="100" count="1" type="stmt"/>
        <line num="101" count="1" type="stmt"/>
        <line num="102" count="1" type="stmt"/>
        <line num="106" count="0" type="cond" truecount="0" falsecount="3"/>
        <line num="107" count="2" type="stmt"/>
        <line num="108" count="2" type="stmt"/>
        <line num="109" count="2" type="stmt"/>
        <line num="110" count="2" type="stmt"/>
        <line num="116" count="2" type="stmt"/>
        <line num="117" count="2" type="stmt"/>
        <line num="119" count="2" type="stmt"/>
        <line num="120" count="2" type="stmt"/>
        <line num="122" count="1" type="cond" truecount="1" falsecount="1"/>
        <line num="124" count="1" type="stmt"/>
        <line num="125" count="1" type="cond" truecount="1" falsecount="1"/>
        <line num="126" count="1" type="stmt"/>
        <line num="129" count="1" type="stmt"/>
        <line num="130" count="1" type="stmt"/>
        <line num="132" count="1" type="stmt"/>
        <line num="135" count="1" type="cond" truecount="1" falsecount="1"/>
        <line num="136" count="1" type="stmt"/>
        <line num="137" count="1" type="stmt"/>
        <line num="138" count="1" type="stmt"/>
        <line num="142" count="0" type="cond" truecount="0" falsecount="3"/>
        <line num="143" count="1" type="stmt"/>
        <line num="144" count="1" type="stmt"/>
        <line num="145" count="1" type="stmt"/>
        <line num="146" count="1" type="stmt"/>
        <line num="153" count="2" type="stmt"/>
        <line num="155" count="2" type="cond" truecount="2" falsecount="0"/>
        <line num="157" count="1" type="stmt"/>
        <line num="160" count="1" type="stmt"/>
      </file>
    </package>
  </project>
</coverage>
