<?xml version="1.0" encoding="UTF-8"?>
<coverage generated="1773952880270" clover="3.2.0">
  <project timestamp="1773952880270" name="All files">
    <metrics statements="17" coveredstatements="14" conditionals="18" coveredconditionals="17" methods="6" coveredmethods="4" elements="41" coveredelements="35" complexity="0" loc="17" ncloc="17" packages="2" files="4" classes="4"/>
    <package name="src">
      <metrics statements="5" coveredstatements="3" conditionals="4" coveredconditionals="3" methods="2" coveredmethods="1"/>
      <file name="test-utils.js" path="/Applications/XAMPP/xamppfiles/htdocs/tools/the-shop/frontend/src/test-utils.js">
        <metrics statements="5" coveredstatements="3" conditionals="4" coveredconditionals="3" methods="2" coveredmethods="1"/>
        <line num="10" count="0" type="stmt"/>
        <line num="11" count="0" type="stmt"/>
        <line num="25" count="2" type="stmt"/>
        <line num="26" count="2" type="stmt"/>
        <line num="34" count="2" type="stmt"/>
      </file>
    </package>
    <package name="src.components.common">
      <metrics statements="12" coveredstatements="11" conditionals="14" coveredconditionals="14" methods="4" coveredmethods="3"/>
      <file name="NotFound.vue" path="/Applications/XAMPP/xamppfiles/htdocs/tools/the-shop/frontend/src/components/common/NotFound.vue">
        <metrics statements="5" coveredstatements="5" conditionals="8" coveredconditionals="8" methods="1" coveredmethods="1"/>
        <line num="2" count="2" type="stmt"/>
        <line num="3" count="1" type="stmt"/>
        <line num="4" count="1" type="stmt"/>
        <line num="5" count="1" type="stmt"/>
        <line num="13" count="4" type="cond" truecount="2" falsecount="0"/>
      </file>
      <file name="Spinner.vue" path="/Applications/XAMPP/xamppfiles/htdocs/tools/the-shop/frontend/src/components/common/Spinner.vue">
        <metrics statements="3" coveredstatements="2" conditionals="2" coveredconditionals="2" methods="1" coveredmethods="0"/>
        <line num="4" count="0" type="cond" truecount="2" falsecount="0"/>
        <line num="14" count="2" type="stmt"/>
        <line num="22" count="2" type="stmt"/>
      </file>
      <file name="ValidationErrors.vue" path="/Applications/XAMPP/xamppfiles/htdocs/tools/the-shop/frontend/src/components/common/ValidationErrors.vue">
        <metrics statements="4" coveredstatements="4" conditionals="4" coveredconditionals="4" methods="2" coveredmethods="2"/>
        <line num="3" count="4" type="cond" truecount="3" falsecount="0"/>
        <line num="6" count="1" type="stmt"/>
        <line num="7" count="3" type="stmt"/>
        <line num="8" count="4" type="stmt"/>
      </file>
    </package>
  </project>
</coverage>
