{"/Applications/XAMPP/xamppfiles/htdocs/tools/the-shop/frontend/src/test-utils.js": {"path":"/Applications/XAMPP/xamppfiles/htdocs/tools/the-shop/frontend/src/test-utils.js","statementMap":{"0":{"start":{"line":10,"column":15},"end":{"line":10,"column":null}},"1":{"start":{"line":11,"column":2},"end":{"line":17,"column":null}},"2":{"start":{"line":25,"column":15},"end":{"line":25,"column":null}},"3":{"start":{"line":26,"column":16},"end":{"line":32,"column":null}},"4":{"start":{"line":34,"column":2},"end":{"line":40,"column":null}}},"fnMap":{"0":{"name":"mountWithPinia","decl":{"start":{"line":9,"column":16},"end":{"line":9,"column":30}},"loc":{"start":{"line":9,"column":56},"end":{"line":18,"column":null}},"line":9},"1":{"name":"mountWithPlugins","decl":{"start":{"line":24,"column":16},"end":{"line":24,"column":32}},"loc":{"start":{"line":24,"column":58},"end":{"line":41,"column":null}},"line":24}},"branchMap":{"0":{"loc":{"start":{"line":9,"column":42},"end":{"line":9,"column":54}},"type":"default-arg","locations":[{"start":{"line":9,"column":52},"end":{"line":9,"column":54}}],"line":9},"1":{"loc":{"start":{"line":24,"column":44},"end":{"line":24,"column":56}},"type":"default-arg","locations":[{"start":{"line":24,"column":54},"end":{"line":24,"column":56}}],"line":24},"2":{"loc":{"start":{"line":28,"column":12},"end":{"line":31,"column":5}},"type":"binary-expr","locations":[{"start":{"line":28,"column":12},"end":{"line":28,"column":26}},{"start":{"line":28,"column":30},"end":{"line":31,"column":5}}],"line":28}},"s":{"0":0,"1":0,"2":2,"3":2,"4":2},"f":{"0":0,"1":2},"b":{"0":[0],"1":[2],"2":[2,2]},"meta":{"lastBranch":3,"lastFunction":2,"lastStatement":5,"seen":{"f:9:16:9:30":0,"b:9:52:9:54":0,"s:10:15:10:Infinity":0,"s:11:2:17:Infinity":1,"f:24:16:24:32":1,"b:24:54:24:56":1,"s:25:15:25:Infinity":2,"s:26:16:32:Infinity":3,"b:28:12:28:26:28:30:31:5":2,"s:34:2:40:Infinity":4}}}
,"/Applications/XAMPP/xamppfiles/htdocs/tools/the-shop/frontend/src/components/common/NotFound.vue": {"path":"/Applications/XAMPP/xamppfiles/htdocs/tools/the-shop/frontend/src/components/common/NotFound.vue","statementMap":{"0":{"start":{"line":2,"column":9},"end":{"line":2,"column":null}},"1":{"start":{"line":3,"column":13},"end":{"line":3,"column":null}},"2":{"start":{"line":4,"column":17},"end":{"line":4,"column":null}},"3":{"start":{"line":5,"column":21},"end":{"line":5,"column":null}},"4":{"start":{"line":2,"column":4},"end":{"line":15,"column":34}},"5":{"start":{"line":13,"column":61},"end":{"line":15,"column":34}}},"fnMap":{"0":{"name":"(anonymous_0)","decl":{"start":{"line":13,"column":24},"end":{"line":13,"column":27}},"loc":{"start":{"line":13,"column":61},"end":{"line":15,"column":34}},"line":13}},"branchMap":{"0":{"loc":{"start":{"line":7,"column":20},"end":{"line":7,"column":63}},"type":"binary-expr","locations":[{"start":{"line":7,"column":20},"end":{"line":7,"column":24}},{"start":{"line":7,"column":20},"end":{"line":7,"column":63}}],"line":7},"1":{"loc":{"start":{"line":8,"column":20},"end":{"line":8,"column":56}},"type":"binary-expr","locations":[{"start":{"line":8,"column":20},"end":{"line":8,"column":24}},{"start":{"line":8,"column":20},"end":{"line":8,"column":56}}],"line":8},"2":{"loc":{"start":{"line":9,"column":20},"end":{"line":11,"column":24}},"type":"binary-expr","locations":[{"start":{"line":9,"column":20},"end":{"line":9,"column":23}},{"start":{"line":9,"column":20},"end":{"line":11,"column":24}}],"line":9},"3":{"loc":{"start":{"line":13,"column":61},"end":{"line":15,"column":34}},"type":"binary-expr","locations":[{"start":{"line":13,"column":61},"end":{"line":13,"column":null}},{"start":{"line":13,"column":61},"end":{"line":15,"column":34}}],"line":13}},"s":{"0":1,"1":1,"2":1,"3":1,"4":2,"5":4},"f":{"0":4},"b":{"0":[2,2],"1":[2,2],"2":[2,2],"3":[4,2]},"meta":{"lastBranch":0,"lastFunction":0,"lastStatement":0,"seen":{}}}
,"/Applications/XAMPP/xamppfiles/htdocs/tools/the-shop/frontend/src/components/common/Spinner.vue": {"path":"/Applications/XAMPP/xamppfiles/htdocs/tools/the-shop/frontend/src/components/common/Spinner.vue","statementMap":{"0":{"start":{"line":14,"column":19},"end":{"line":14,"column":null}},"1":{"start":{"line":22,"column":17},"end":{"line":24,"column":null}},"2":{"start":{"line":4,"column":25},"end":{"line":4,"column":null}}},"fnMap":{"0":{"name":"(anonymous_0)","decl":{"start":{"line":4,"column":25},"end":{"line":4,"column":30}},"loc":{"start":{"line":4,"column":25},"end":{"line":4,"column":null}},"line":4}},"branchMap":{"0":{"loc":{"start":{"line":4,"column":25},"end":{"line":4,"column":null}},"type":"binary-expr","locations":[{"start":{"line":4,"column":25},"end":{"line":4,"column":30}},{"start":{"line":4,"column":25},"end":{"line":4,"column":null}}],"line":4}},"s":{"0":2,"1":2,"2":0},"f":{"0":0},"b":{"0":[2,2]},"meta":{"lastBranch":1,"lastFunction":1,"lastStatement":3,"seen":{"s:14:19:14:Infinity":0,"s:22:17:24:Infinity":1,"b:4:25:4:30:4:25:4:Infinity":0,"f:4:25:4:30":0,"s:4:25:4:Infinity":2}}}
,"/Applications/XAMPP/xamppfiles/htdocs/tools/the-shop/frontend/src/components/common/ValidationErrors.vue": {"path":"/Applications/XAMPP/xamppfiles/htdocs/tools/the-shop/frontend/src/components/common/ValidationErrors.vue","statementMap":{"0":{"start":{"line":6,"column":12},"end":{"line":6,"column":null}},"1":{"start":{"line":3,"column":14},"end":{"line":9,"column":null}},"2":{"start":{"line":7,"column":12},"end":{"line":9,"column":null}},"3":{"start":{"line":8,"column":16},"end":{"line":9,"column":null}}},"fnMap":{"0":{"name":"(anonymous_0)","decl":{"start":{"line":7,"column":52},"end":{"line":7,"column":55}},"loc":{"start":{"line":7,"column":41},"end":{"line":9,"column":null}},"line":7},"1":{"name":"(anonymous_1)","decl":{"start":{"line":8,"column":57},"end":{"line":8,"column":60}},"loc":{"start":{"line":8,"column":42},"end":{"line":9,"column":null}},"line":8}},"branchMap":{"0":{"loc":{"start":{"line":3,"column":14},"end":{"line":9,"column":null}},"type":"cond-expr","locations":[{"start":{"line":2,"column":4},"end":{"line":9,"column":null}}],"line":3},"1":{"loc":{"start":{"line":3,"column":14},"end":{"line":3,"column":null}},"type":"binary-expr","locations":[{"start":{"line":3,"column":14},"end":{"line":3,"column":20}},{"start":{"line":3,"column":24},"end":{"line":3,"column":null}}],"line":3},"2":{"loc":{"start":{"line":9,"column":41},"end":{"line":9,"column":null}},"type":"cond-expr","locations":[{"start":{"line":9,"column":31},"end":{"line":9,"column":null}}],"line":9}},"s":{"0":1,"1":4,"2":3,"3":4},"f":{"0":3,"1":4},"b":{"0":[2],"1":[4,4],"2":[1]},"meta":{"lastBranch":3,"lastFunction":2,"lastStatement":4,"seen":{"s:6:12:6:Infinity":0,"s:3:14:9:Infinity":1,"b:2:4:9:Infinity":0,"b:3:14:3:20:3:24:3:Infinity":1,"f:7:52:7:55":0,"s:7:12:9:Infinity":2,"f:8:57:8:60":1,"s:8:16:9:Infinity":3,"b:9:31:9:Infinity":2}}}
}
