{"/Applications/XAMPP/xamppfiles/htdocs/tools/the-shop/frontend/src/App.vue": {"path":"/Applications/XAMPP/xamppfiles/htdocs/tools/the-shop/frontend/src/App.vue","statementMap":{"0":{"start":{"line":16,"column":19},"end":{"line":16,"column":null}},"1":{"start":{"line":17,"column":19},"end":{"line":17,"column":null}},"2":{"start":{"line":19,"column":1},"end":{"line":29,"column":null}},"3":{"start":{"line":21,"column":4},"end":{"line":28,"column":null}},"4":{"start":{"line":22,"column":6},"end":{"line":27,"column":null}},"5":{"start":{"line":23,"column":8},"end":{"line":23,"column":null}},"6":{"start":{"line":26,"column":8},"end":{"line":26,"column":null}},"7":{"start":{"line":3,"column":7},"end":{"line":3,"column":null}}},"fnMap":{"0":{"name":"(anonymous_0)","decl":{"start":{"line":19,"column":12},"end":{"line":19,"column":17}},"loc":{"start":{"line":19,"column":24},"end":{"line":29,"column":3}},"line":19}},"branchMap":{"0":{"loc":{"start":{"line":21,"column":4},"end":{"line":28,"column":null}},"type":"if","locations":[{"start":{"line":21,"column":4},"end":{"line":28,"column":null}},{"start":{},"end":{}}],"line":21}},"s":{"0":4,"1":4,"2":4,"3":4,"4":1,"5":1,"6":0,"7":1},"f":{"0":4},"b":{"0":[1,3]},"meta":{"lastBranch":1,"lastFunction":1,"lastStatement":8,"seen":{"s:16:19:16:Infinity":0,"s:17:19:17:Infinity":1,"s:19:1:29:Infinity":2,"f:19:12:19:17":0,"b:21:4:28:Infinity:undefined:undefined:undefined:undefined":0,"s:21:4:28:Infinity":3,"s:22:6:27:Infinity":4,"s:23:8:23:Infinity":5,"s:26:8:26:Infinity":6,"s:3:7:3:Infinity":7}}}
,"/Applications/XAMPP/xamppfiles/htdocs/tools/the-shop/frontend/src/test-utils.js": {"path":"/Applications/XAMPP/xamppfiles/htdocs/tools/the-shop/frontend/src/test-utils.js","statementMap":{"0":{"start":{"line":10,"column":15},"end":{"line":10,"column":null}},"1":{"start":{"line":11,"column":2},"end":{"line":17,"column":null}},"2":{"start":{"line":25,"column":15},"end":{"line":25,"column":null}},"3":{"start":{"line":26,"column":16},"end":{"line":32,"column":null}},"4":{"start":{"line":34,"column":2},"end":{"line":40,"column":null}}},"fnMap":{"0":{"name":"mountWithPinia","decl":{"start":{"line":9,"column":16},"end":{"line":9,"column":30}},"loc":{"start":{"line":9,"column":56},"end":{"line":18,"column":null}},"line":9},"1":{"name":"mountWithPlugins","decl":{"start":{"line":24,"column":16},"end":{"line":24,"column":32}},"loc":{"start":{"line":24,"column":58},"end":{"line":41,"column":null}},"line":24}},"branchMap":{"0":{"loc":{"start":{"line":9,"column":42},"end":{"line":9,"column":54}},"type":"default-arg","locations":[{"start":{"line":9,"column":52},"end":{"line":9,"column":54}}],"line":9},"1":{"loc":{"start":{"line":24,"column":44},"end":{"line":24,"column":56}},"type":"default-arg","locations":[{"start":{"line":24,"column":54},"end":{"line":24,"column":56}}],"line":24},"2":{"loc":{"start":{"line":28,"column":12},"end":{"line":31,"column":5}},"type":"binary-expr","locations":[{"start":{"line":28,"column":12},"end":{"line":28,"column":26}},{"start":{"line":28,"column":30},"end":{"line":31,"column":5}}],"line":28}},"s":{"0":0,"1":0,"2":2,"3":2,"4":2},"f":{"0":0,"1":2},"b":{"0":[0],"1":[2],"2":[2,2]},"meta":{"lastBranch":3,"lastFunction":2,"lastStatement":5,"seen":{"f:9:16:9:30":0,"b:9:52:9:54":0,"s:10:15:10:Infinity":0,"s:11:2:17:Infinity":1,"f:24:16:24:32":1,"b:24:54:24:56":1,"s:25:15:25:Infinity":2,"s:26:16:32:Infinity":3,"b:28:12:28:26:28:30:31:5":2,"s:34:2:40:Infinity":4}}}
,"/Applications/XAMPP/xamppfiles/htdocs/tools/the-shop/frontend/src/components/About.vue": {"path":"/Applications/XAMPP/xamppfiles/htdocs/tools/the-shop/frontend/src/components/About.vue","statementMap":{"0":{"start":{"line":2,"column":9},"end":{"line":2,"column":null}},"1":{"start":{"line":2,"column":4},"end":{"line":49,"column":null}}},"fnMap":{},"branchMap":{"0":{"loc":{"start":{"line":49,"column":10},"end":{"line":49,"column":null}},"type":"binary-expr","locations":[{"start":{"line":49,"column":10},"end":{"line":49,"column":null}},{"start":{"line":49,"column":10},"end":{"line":49,"column":null}}],"line":49}},"s":{"0":1,"1":4},"f":{},"b":{"0":[4,4]},"meta":{"lastBranch":1,"lastFunction":0,"lastStatement":2,"seen":{"s:2:9:2:Infinity":0,"s:2:4:49:Infinity":1,"b:49:10:49:Infinity:49:10:49:Infinity":0}}}
,"/Applications/XAMPP/xamppfiles/htdocs/tools/the-shop/frontend/src/components/Home.vue": {"path":"/Applications/XAMPP/xamppfiles/htdocs/tools/the-shop/frontend/src/components/Home.vue","statementMap":{"0":{"start":{"line":15,"column":25},"end":{"line":15,"column":null}},"1":{"start":{"line":17,"column":3},"end":{"line":21,"column":null}},"2":{"start":{"line":19,"column":8},"end":{"line":19,"column":null}},"3":{"start":{"line":20,"column":8},"end":{"line":20,"column":null}},"4":{"start":{"line":2,"column":9},"end":{"line":2,"column":null}},"5":{"start":{"line":2,"column":4},"end":{"line":4,"column":null}}},"fnMap":{"0":{"name":"(anonymous_0)","decl":{"start":{"line":17,"column":14},"end":{"line":17,"column":15}},"loc":{"start":{"line":17,"column":20},"end":{"line":21,"column":5}},"line":17}},"branchMap":{},"s":{"0":5,"1":5,"2":5,"3":5,"4":1,"5":5},"f":{"0":5},"b":{},"meta":{"lastBranch":0,"lastFunction":1,"lastStatement":6,"seen":{"s:15:25:15:Infinity":0,"s:17:3:21:Infinity":1,"f:17:14:17:15":0,"s:19:8:19:Infinity":2,"s:20:8:20:Infinity":3,"s:2:9:2:Infinity":4,"s:2:4:4:Infinity":5}}}
,"/Applications/XAMPP/xamppfiles/htdocs/tools/the-shop/frontend/src/components/auth/GoogleCallback.vue": {"path":"/Applications/XAMPP/xamppfiles/htdocs/tools/the-shop/frontend/src/components/auth/GoogleCallback.vue","statementMap":{"0":{"start":{"line":21,"column":13},"end":{"line":21,"column":null}},"1":{"start":{"line":22,"column":14},"end":{"line":22,"column":null}},"2":{"start":{"line":23,"column":17},"end":{"line":23,"column":null}},"3":{"start":{"line":24,"column":17},"end":{"line":24,"column":null}},"4":{"start":{"line":25,"column":13},"end":{"line":25,"column":null}},"5":{"start":{"line":27,"column":0},"end":{"line":73,"column":null}},"6":{"start":{"line":28,"column":4},"end":{"line":28,"column":null}},"7":{"start":{"line":30,"column":18},"end":{"line":30,"column":null}},"8":{"start":{"line":31,"column":21},"end":{"line":31,"column":null}},"9":{"start":{"line":32,"column":18},"end":{"line":32,"column":null}},"10":{"start":{"line":34,"column":4},"end":{"line":39,"column":null}},"11":{"start":{"line":35,"column":8},"end":{"line":35,"column":null}},"12":{"start":{"line":36,"column":8},"end":{"line":36,"column":null}},"13":{"start":{"line":37,"column":8},"end":{"line":37,"column":null}},"14":{"start":{"line":38,"column":8},"end":{"line":38,"column":null}},"15":{"start":{"line":41,"column":4},"end":{"line":72,"column":null}},"16":{"start":{"line":42,"column":8},"end":{"line":67,"column":null}},"17":{"start":{"line":44,"column":25},"end":{"line":44,"column":null}},"18":{"start":{"line":47,"column":12},"end":{"line":47,"column":null}},"19":{"start":{"line":48,"column":12},"end":{"line":48,"column":null}},"20":{"start":{"line":49,"column":12},"end":{"line":49,"column":null}},"21":{"start":{"line":52,"column":12},"end":{"line":52,"column":38}},"22":{"start":{"line":53,"column":12},"end":{"line":53,"column":null}},"23":{"start":{"line":55,"column":12},"end":{"line":55,"column":null}},"24":{"start":{"line":58,"column":12},"end":{"line":58,"column":null}},"25":{"start":{"line":61,"column":12},"end":{"line":61,"column":null}},"26":{"start":{"line":63,"column":12},"end":{"line":63,"column":null}},"27":{"start":{"line":64,"column":12},"end":{"line":64,"column":null}},"28":{"start":{"line":65,"column":12},"end":{"line":65,"column":null}},"29":{"start":{"line":66,"column":12},"end":{"line":66,"column":null}},"30":{"start":{"line":69,"column":8},"end":{"line":69,"column":null}},"31":{"start":{"line":70,"column":8},"end":{"line":70,"column":null}},"32":{"start":{"line":71,"column":8},"end":{"line":71,"column":null}},"33":{"start":{"line":2,"column":9},"end":{"line":2,"column":null}},"34":{"start":{"line":3,"column":13},"end":{"line":3,"column":null}},"35":{"start":{"line":2,"column":4},"end":{"line":7,"column":55}}},"fnMap":{"0":{"name":"(anonymous_0)","decl":{"start":{"line":27,"column":10},"end":{"line":27,"column":15}},"loc":{"start":{"line":27,"column":22},"end":{"line":73,"column":1}},"line":27}},"branchMap":{"0":{"loc":{"start":{"line":34,"column":4},"end":{"line":39,"column":null}},"type":"if","locations":[{"start":{"line":34,"column":4},"end":{"line":39,"column":null}},{"start":{},"end":{}}],"line":34},"1":{"loc":{"start":{"line":41,"column":4},"end":{"line":72,"column":null}},"type":"if","locations":[{"start":{"line":41,"column":4},"end":{"line":72,"column":null}},{"start":{"line":68,"column":11},"end":{"line":72,"column":null}}],"line":41},"2":{"loc":{"start":{"line":41,"column":8},"end":{"line":41,"column":25}},"type":"binary-expr","locations":[{"start":{"line":41,"column":8},"end":{"line":41,"column":13}},{"start":{"line":41,"column":17},"end":{"line":41,"column":25}}],"line":41},"3":{"loc":{"start":{"line":5,"column":24},"end":{"line":7,"column":55}},"type":"cond-expr","locations":[{"start":{"line":5,"column":12},"end":{"line":7,"column":55}}],"line":5},"4":{"loc":{"start":{"line":8,"column":18},"end":{"line":7,"column":55}},"type":"binary-expr","locations":[{"start":{"line":8,"column":18},"end":{"line":8,"column":null}},{"start":{"line":8,"column":18},"end":{"line":7,"column":55}}],"line":8}},"s":{"0":2,"1":2,"2":2,"3":2,"4":2,"5":2,"6":2,"7":2,"8":2,"9":2,"10":2,"11":0,"12":0,"13":0,"14":0,"15":2,"16":0,"17":0,"18":0,"19":0,"20":0,"21":0,"22":0,"23":0,"24":0,"25":0,"26":0,"27":0,"28":0,"29":0,"30":2,"31":2,"32":2,"33":1,"34":1,"35":4},"f":{"0":2},"b":{"0":[0,2],"1":[0,2],"2":[2,0],"3":[4],"4":[4,2]},"meta":{"lastBranch":5,"lastFunction":1,"lastStatement":36,"seen":{"s:21:13:21:Infinity":0,"s:22:14:22:Infinity":1,"s:23:17:23:Infinity":2,"s:24:17:24:Infinity":3,"s:25:13:25:Infinity":4,"s:27:0:73:Infinity":5,"f:27:10:27:15":0,"s:28:4:28:Infinity":6,"s:30:18:30:Infinity":7,"s:31:21:31:Infinity":8,"s:32:18:32:Infinity":9,"b:34:4:39:Infinity:undefined:undefined:undefined:undefined":0,"s:34:4:39:Infinity":10,"s:35:8:35:Infinity":11,"s:36:8:36:Infinity":12,"s:37:8:37:Infinity":13,"s:38:8:38:Infinity":14,"b:41:4:72:Infinity:68:11:72:Infinity":1,"s:41:4:72:Infinity":15,"b:41:8:41:13:41:17:41:25":2,"s:42:8:67:Infinity":16,"s:44:25:44:Infinity":17,"s:47:12:47:Infinity":18,"s:48:12:48:Infinity":19,"s:49:12:49:Infinity":20,"s:52:12:52:38":21,"s:53:12:53:Infinity":22,"s:55:12:55:Infinity":23,"s:58:12:58:Infinity":24,"s:61:12:61:Infinity":25,"s:63:12:63:Infinity":26,"s:64:12:64:Infinity":27,"s:65:12:65:Infinity":28,"s:66:12:66:Infinity":29,"s:69:8:69:Infinity":30,"s:70:8:70:Infinity":31,"s:71:8:71:Infinity":32,"s:2:9:2:Infinity":33,"s:3:13:3:Infinity":34,"s:2:4:7:55":35,"b:5:12:7:55":3,"b:8:18:8:Infinity:8:18:7:55":4}}}
,"/Applications/XAMPP/xamppfiles/htdocs/tools/the-shop/frontend/src/components/auth/Login.vue": {"path":"/Applications/XAMPP/xamppfiles/htdocs/tools/the-shop/frontend/src/components/auth/Login.vue","statementMap":{"0":{"start":{"line":105,"column":17},"end":{"line":105,"column":null}},"1":{"start":{"line":106,"column":17},"end":{"line":106,"column":null}},"2":{"start":{"line":107,"column":14},"end":{"line":107,"column":null}},"3":{"start":{"line":109,"column":16},"end":{"line":112,"column":null}},"4":{"start":{"line":115,"column":21},"end":{"line":117,"column":null}},"5":{"start":{"line":116,"column":4},"end":{"line":116,"column":null}},"6":{"start":{"line":119,"column":21},"end":{"line":143,"column":null}},"7":{"start":{"line":121,"column":4},"end":{"line":121,"column":null}},"8":{"start":{"line":123,"column":4},"end":{"line":142,"column":null}},"9":{"start":{"line":124,"column":8},"end":{"line":127,"column":null}},"10":{"start":{"line":131,"column":8},"end":{"line":131,"column":34}},"11":{"start":{"line":134,"column":8},"end":{"line":134,"column":null}},"12":{"start":{"line":137,"column":8},"end":{"line":137,"column":null}},"13":{"start":{"line":141,"column":8},"end":{"line":141,"column":null}},"14":{"start":{"line":145,"column":0},"end":{"line":150,"column":null}},"15":{"start":{"line":147,"column":4},"end":{"line":147,"column":null}},"16":{"start":{"line":149,"column":4},"end":{"line":149,"column":null}},"17":{"start":{"line":3,"column":7},"end":{"line":3,"column":null}},"18":{"start":{"line":4,"column":11},"end":{"line":4,"column":null}},"19":{"start":{"line":11,"column":15},"end":{"line":11,"column":null}},"20":{"start":{"line":14,"column":23},"end":{"line":14,"column":null}},"21":{"start":{"line":27,"column":23},"end":{"line":27,"column":null}},"22":{"start":{"line":51,"column":23},"end":{"line":51,"column":null}},"23":{"start":{"line":69,"column":23},"end":{"line":69,"column":null}},"24":{"start":{"line":86,"column":23},"end":{"line":86,"column":null}},"25":{"start":{"line":87,"column":25},"end":{"line":87,"column":38}},"26":{"start":{"line":3,"column":2},"end":{"line":89,"column":81}},"27":{"start":{"line":20,"column":35},"end":{"line":20,"column":null}},"28":{"start":{"line":33,"column":35},"end":{"line":33,"column":null}},"29":{"start":{"line":89,"column":67},"end":{"line":89,"column":81}}},"fnMap":{"0":{"name":"(anonymous_0)","decl":{"start":{"line":115,"column":31},"end":{"line":115,"column":32}},"loc":{"start":{"line":115,"column":37},"end":{"line":117,"column":1}},"line":115},"1":{"name":"(anonymous_1)","decl":{"start":{"line":119,"column":21},"end":{"line":119,"column":26}},"loc":{"start":{"line":119,"column":33},"end":{"line":143,"column":null}},"line":119},"2":{"name":"(anonymous_2)","decl":{"start":{"line":145,"column":10},"end":{"line":145,"column":11}},"loc":{"start":{"line":145,"column":16},"end":{"line":150,"column":1}},"line":145},"3":{"name":"(anonymous_3)","decl":{"start":{"line":20,"column":35},"end":{"line":20,"column":43}},"loc":{"start":{"line":20,"column":35},"end":{"line":20,"column":null}},"line":20},"4":{"name":"(anonymous_4)","decl":{"start":{"line":33,"column":35},"end":{"line":33,"column":43}},"loc":{"start":{"line":33,"column":35},"end":{"line":33,"column":null}},"line":33},"5":{"name":"(anonymous_5)","decl":{"start":{"line":89,"column":54},"end":{"line":89,"column":67}},"loc":{"start":{"line":89,"column":67},"end":{"line":89,"column":81}},"line":89}},"branchMap":{"0":{"loc":{"start":{"line":5,"column":10},"end":{"line":6,"column":28}},"type":"binary-expr","locations":[{"start":{"line":5,"column":10},"end":{"line":5,"column":15}},{"start":{"line":5,"column":10},"end":{"line":6,"column":28}}],"line":5},"1":{"loc":{"start":{"line":8,"column":10},"end":{"line":9,"column":63}},"type":"binary-expr","locations":[{"start":{"line":8,"column":10},"end":{"line":8,"column":15}},{"start":{"line":8,"column":10},"end":{"line":9,"column":63}}],"line":8},"2":{"loc":{"start":{"line":15,"column":22},"end":{"line":15,"column":54}},"type":"binary-expr","locations":[{"start":{"line":15,"column":22},"end":{"line":15,"column":29}},{"start":{"line":15,"column":22},"end":{"line":15,"column":54}}],"line":15},"3":{"loc":{"start":{"line":20,"column":35},"end":{"line":20,"column":null}},"type":"binary-expr","locations":[{"start":{"line":20,"column":35},"end":{"line":20,"column":43}},{"start":{"line":20,"column":35},"end":{"line":20,"column":null}}],"line":20},"4":{"loc":{"start":{"line":28,"column":22},"end":{"line":28,"column":60}},"type":"binary-expr","locations":[{"start":{"line":28,"column":22},"end":{"line":28,"column":29}},{"start":{"line":28,"column":22},"end":{"line":28,"column":60}}],"line":28},"5":{"loc":{"start":{"line":33,"column":35},"end":{"line":33,"column":null}},"type":"binary-expr","locations":[{"start":{"line":33,"column":35},"end":{"line":33,"column":43}},{"start":{"line":33,"column":35},"end":{"line":33,"column":null}}],"line":33},"6":{"loc":{"start":{"line":40,"column":29},"end":{"line":41,"column":null}},"type":"cond-expr","locations":[{"start":{"line":40,"column":18},"end":{"line":41,"column":null}}],"line":40},"7":{"loc":{"start":{"line":56,"column":38},"end":{"line":56,"column":null}},"type":"cond-expr","locations":[{"start":{"line":56,"column":26},"end":{"line":56,"column":null}}],"line":56},"8":{"loc":{"start":{"line":57,"column":29},"end":{"line":57,"column":null}},"type":"cond-expr","locations":[{"start":{"line":57,"column":48},"end":{"line":57,"column":null}},{"start":{"line":57,"column":48},"end":{"line":57,"column":null}}],"line":57},"9":{"loc":{"start":{"line":62,"column":18},"end":{"line":65,"column":null}},"type":"binary-expr","locations":[{"start":{"line":62,"column":18},"end":{"line":62,"column":23}},{"start":{"line":62,"column":18},"end":{"line":65,"column":null}}],"line":62},"10":{"loc":{"start":{"line":87,"column":38},"end":{"line":89,"column":39}},"type":"binary-expr","locations":[{"start":{"line":87,"column":38},"end":{"line":87,"column":null}},{"start":{"line":87,"column":38},"end":{"line":89,"column":39}}],"line":87},"11":{"loc":{"start":{"line":89,"column":67},"end":{"line":89,"column":81}},"type":"binary-expr","locations":[{"start":{"line":89,"column":67},"end":{"line":89,"column":81}},{"start":{"line":89,"column":67},"end":{"line":89,"column":81}}],"line":89}},"s":{"0":5,"1":5,"2":5,"3":5,"4":5,"5":5,"6":5,"7":1,"8":1,"9":1,"10":1,"11":1,"12":1,"13":0,"14":5,"15":5,"16":5,"17":1,"18":1,"19":1,"20":1,"21":1,"22":1,"23":1,"24":1,"25":1,"26":12,"27":1,"28":1,"29":5},"f":{"0":5,"1":1,"2":5,"3":1,"4":1,"5":5},"b":{"0":[12,5],"1":[12,5],"2":[12,5],"3":[12,5],"4":[12,5],"5":[12,5],"6":[0],"7":[0],"8":[0,12],"9":[12,5],"10":[12,5],"11":[5,5]},"meta":{"lastBranch":12,"lastFunction":6,"lastStatement":30,"seen":{"s:105:17:105:Infinity":0,"s:106:17:106:Infinity":1,"s:107:14:107:Infinity":2,"s:109:16:112:Infinity":3,"s:115:21:117:Infinity":4,"f:115:31:115:32":0,"s:116:4:116:Infinity":5,"s:119:21:143:Infinity":6,"f:119:21:119:26":1,"s:121:4:121:Infinity":7,"s:123:4:142:Infinity":8,"s:124:8:127:Infinity":9,"s:131:8:131:34":10,"s:134:8:134:Infinity":11,"s:137:8:137:Infinity":12,"s:141:8:141:Infinity":13,"s:145:0:150:Infinity":14,"f:145:10:145:11":2,"s:147:4:147:Infinity":15,"s:149:4:149:Infinity":16,"s:3:7:3:Infinity":17,"s:4:11:4:Infinity":18,"s:11:15:11:Infinity":19,"s:14:23:14:Infinity":20,"s:27:23:27:Infinity":21,"s:51:23:51:Infinity":22,"s:69:23:69:Infinity":23,"s:86:23:86:Infinity":24,"s:87:25:87:38":25,"s:3:2:89:81":26,"b:5:10:5:15:5:10:6:28":0,"b:8:10:8:15:8:10:9:63":1,"b:15:22:15:29:15:22:15:54":2,"b:20:35:20:43:20:35:20:Infinity":3,"f:20:35:20:43":3,"s:20:35:20:Infinity":27,"b:28:22:28:29:28:22:28:60":4,"b:33:35:33:43:33:35:33:Infinity":5,"f:33:35:33:43":4,"s:33:35:33:Infinity":28,"b:40:18:41:Infinity":6,"b:56:26:56:Infinity":7,"b:57:48:57:Infinity:57:48:57:Infinity":8,"b:62:18:62:23:62:18:65:Infinity":9,"b:87:38:87:Infinity:87:38:89:39":10,"f:89:54:89:67":5,"s:89:67:89:81":29,"b:89:67:89:81:89:67:89:81":11}}}
,"/Applications/XAMPP/xamppfiles/htdocs/tools/the-shop/frontend/src/components/auth/Register.vue": {"path":"/Applications/XAMPP/xamppfiles/htdocs/tools/the-shop/frontend/src/components/auth/Register.vue","statementMap":{"0":{"start":{"line":127,"column":17},"end":{"line":127,"column":null}},"1":{"start":{"line":128,"column":14},"end":{"line":128,"column":null}},"2":{"start":{"line":131,"column":20},"end":{"line":131,"column":null}},"3":{"start":{"line":132,"column":27},"end":{"line":132,"column":null}},"4":{"start":{"line":133,"column":26},"end":{"line":133,"column":null}},"5":{"start":{"line":135,"column":16},"end":{"line":140,"column":null}},"6":{"start":{"line":142,"column":21},"end":{"line":174,"column":null}},"7":{"start":{"line":144,"column":2},"end":{"line":144,"column":null}},"8":{"start":{"line":145,"column":2},"end":{"line":145,"column":null}},"9":{"start":{"line":146,"column":2},"end":{"line":146,"column":null}},"10":{"start":{"line":148,"column":2},"end":{"line":148,"column":null}},"11":{"start":{"line":149,"column":2},"end":{"line":149,"column":null}},"12":{"start":{"line":151,"column":2},"end":{"line":173,"column":null}},"13":{"start":{"line":153,"column":6},"end":{"line":158,"column":null}},"14":{"start":{"line":161,"column":6},"end":{"line":161,"column":null}},"15":{"start":{"line":164,"column":6},"end":{"line":164,"column":null}},"16":{"start":{"line":165,"column":6},"end":{"line":165,"column":null}},"17":{"start":{"line":166,"column":6},"end":{"line":166,"column":null}},"18":{"start":{"line":167,"column":6},"end":{"line":167,"column":null}},"19":{"start":{"line":172,"column":6},"end":{"line":172,"column":null}},"20":{"start":{"line":177,"column":33},"end":{"line":181,"column":null}},"21":{"start":{"line":180,"column":2},"end":{"line":180,"column":null}},"22":{"start":{"line":183,"column":0},"end":{"line":188,"column":null}},"23":{"start":{"line":185,"column":4},"end":{"line":185,"column":null}},"24":{"start":{"line":187,"column":4},"end":{"line":187,"column":null}},"25":{"start":{"line":3,"column":7},"end":{"line":3,"column":null}},"26":{"start":{"line":4,"column":11},"end":{"line":4,"column":null}},"27":{"start":{"line":11,"column":15},"end":{"line":11,"column":null}},"28":{"start":{"line":14,"column":23},"end":{"line":14,"column":null}},"29":{"start":{"line":26,"column":23},"end":{"line":26,"column":null}},"30":{"start":{"line":38,"column":23},"end":{"line":38,"column":null}},"31":{"start":{"line":40,"column":27},"end":{"line":40,"column":null}},"32":{"start":{"line":59,"column":23},"end":{"line":59,"column":null}},"33":{"start":{"line":61,"column":27},"end":{"line":61,"column":null}},"34":{"start":{"line":95,"column":23},"end":{"line":95,"column":36}},"35":{"start":{"line":98,"column":23},"end":{"line":98,"column":null}},"36":{"start":{"line":106,"column":23},"end":{"line":106,"column":null}},"37":{"start":{"line":3,"column":2},"end":{"line":112,"column":null}},"38":{"start":{"line":20,"column":35},"end":{"line":20,"column":null}},"39":{"start":{"line":32,"column":35},"end":{"line":32,"column":null}},"40":{"start":{"line":45,"column":39},"end":{"line":45,"column":null}},"41":{"start":{"line":52,"column":38},"end":{"line":52,"column":66}},"42":{"start":{"line":66,"column":39},"end":{"line":66,"column":null}},"43":{"start":{"line":73,"column":38},"end":{"line":73,"column":80}}},"fnMap":{"0":{"name":"(anonymous_0)","decl":{"start":{"line":142,"column":21},"end":{"line":142,"column":26}},"loc":{"start":{"line":142,"column":33},"end":{"line":174,"column":null}},"line":142},"1":{"name":"(anonymous_1)","decl":{"start":{"line":177,"column":33},"end":{"line":177,"column":38}},"loc":{"start":{"line":177,"column":45},"end":{"line":181,"column":null}},"line":177},"2":{"name":"(anonymous_2)","decl":{"start":{"line":183,"column":10},"end":{"line":183,"column":11}},"loc":{"start":{"line":183,"column":16},"end":{"line":188,"column":1}},"line":183},"3":{"name":"(anonymous_3)","decl":{"start":{"line":20,"column":35},"end":{"line":20,"column":43}},"loc":{"start":{"line":20,"column":35},"end":{"line":20,"column":null}},"line":20},"4":{"name":"(anonymous_4)","decl":{"start":{"line":32,"column":35},"end":{"line":32,"column":43}},"loc":{"start":{"line":32,"column":35},"end":{"line":32,"column":null}},"line":32},"5":{"name":"(anonymous_5)","decl":{"start":{"line":45,"column":39},"end":{"line":45,"column":47}},"loc":{"start":{"line":45,"column":39},"end":{"line":45,"column":null}},"line":45},"6":{"name":"(anonymous_6)","decl":{"start":{"line":52,"column":36},"end":{"line":52,"column":38}},"loc":{"start":{"line":52,"column":38},"end":{"line":52,"column":66}},"line":52},"7":{"name":"(anonymous_7)","decl":{"start":{"line":66,"column":39},"end":{"line":66,"column":47}},"loc":{"start":{"line":66,"column":39},"end":{"line":66,"column":null}},"line":66},"8":{"name":"(anonymous_8)","decl":{"start":{"line":73,"column":36},"end":{"line":73,"column":38}},"loc":{"start":{"line":73,"column":38},"end":{"line":73,"column":80}},"line":73}},"branchMap":{"0":{"loc":{"start":{"line":5,"column":10},"end":{"line":6,"column":31}},"type":"binary-expr","locations":[{"start":{"line":5,"column":10},"end":{"line":5,"column":15}},{"start":{"line":5,"column":10},"end":{"line":6,"column":31}}],"line":5},"1":{"loc":{"start":{"line":8,"column":10},"end":{"line":9,"column":60}},"type":"binary-expr","locations":[{"start":{"line":8,"column":10},"end":{"line":8,"column":15}},{"start":{"line":8,"column":10},"end":{"line":9,"column":60}}],"line":8},"2":{"loc":{"start":{"line":15,"column":22},"end":{"line":15,"column":52}},"type":"binary-expr","locations":[{"start":{"line":15,"column":22},"end":{"line":15,"column":29}},{"start":{"line":15,"column":22},"end":{"line":15,"column":52}}],"line":15},"3":{"loc":{"start":{"line":20,"column":35},"end":{"line":20,"column":null}},"type":"binary-expr","locations":[{"start":{"line":20,"column":35},"end":{"line":20,"column":43}},{"start":{"line":20,"column":35},"end":{"line":20,"column":null}}],"line":20},"4":{"loc":{"start":{"line":27,"column":22},"end":{"line":27,"column":54}},"type":"binary-expr","locations":[{"start":{"line":27,"column":22},"end":{"line":27,"column":29}},{"start":{"line":27,"column":22},"end":{"line":27,"column":54}}],"line":27},"5":{"loc":{"start":{"line":32,"column":35},"end":{"line":32,"column":null}},"type":"binary-expr","locations":[{"start":{"line":32,"column":35},"end":{"line":32,"column":43}},{"start":{"line":32,"column":35},"end":{"line":32,"column":null}}],"line":32},"6":{"loc":{"start":{"line":39,"column":22},"end":{"line":39,"column":60}},"type":"binary-expr","locations":[{"start":{"line":39,"column":22},"end":{"line":39,"column":29}},{"start":{"line":39,"column":22},"end":{"line":39,"column":60}}],"line":39},"7":{"loc":{"start":{"line":42,"column":37},"end":{"line":42,"column":null}},"type":"cond-expr","locations":[{"start":{"line":42,"column":49},"end":{"line":42,"column":null}},{"start":{"line":42,"column":49},"end":{"line":42,"column":null}}],"line":42},"8":{"loc":{"start":{"line":45,"column":39},"end":{"line":45,"column":null}},"type":"binary-expr","locations":[{"start":{"line":45,"column":39},"end":{"line":45,"column":47}},{"start":{"line":45,"column":39},"end":{"line":45,"column":null}}],"line":45},"9":{"loc":{"start":{"line":52,"column":36},"end":{"line":52,"column":null}},"type":"binary-expr","locations":[{"start":{"line":52,"column":36},"end":{"line":52,"column":38}},{"start":{"line":52,"column":36},"end":{"line":52,"column":null}}],"line":52},"10":{"loc":{"start":{"line":53,"column":41},"end":{"line":53,"column":93}},"type":"cond-expr","locations":[{"start":{"line":53,"column":53},"end":{"line":53,"column":93}},{"start":{"line":53,"column":53},"end":{"line":53,"column":93}}],"line":53},"11":{"loc":{"start":{"line":60,"column":22},"end":{"line":60,"column":76}},"type":"binary-expr","locations":[{"start":{"line":60,"column":22},"end":{"line":60,"column":29}},{"start":{"line":60,"column":22},"end":{"line":60,"column":76}}],"line":60},"12":{"loc":{"start":{"line":63,"column":37},"end":{"line":63,"column":null}},"type":"cond-expr","locations":[{"start":{"line":63,"column":56},"end":{"line":63,"column":null}},{"start":{"line":63,"column":56},"end":{"line":63,"column":null}}],"line":63},"13":{"loc":{"start":{"line":66,"column":39},"end":{"line":66,"column":null}},"type":"binary-expr","locations":[{"start":{"line":66,"column":39},"end":{"line":66,"column":47}},{"start":{"line":66,"column":39},"end":{"line":66,"column":null}}],"line":66},"14":{"loc":{"start":{"line":73,"column":36},"end":{"line":73,"column":null}},"type":"binary-expr","locations":[{"start":{"line":73,"column":36},"end":{"line":73,"column":38}},{"start":{"line":73,"column":36},"end":{"line":73,"column":null}}],"line":73},"15":{"loc":{"start":{"line":74,"column":41},"end":{"line":74,"column":100}},"type":"cond-expr","locations":[{"start":{"line":74,"column":60},"end":{"line":74,"column":100}},{"start":{"line":74,"column":60},"end":{"line":74,"column":100}}],"line":74},"16":{"loc":{"start":{"line":80,"column":29},"end":{"line":81,"column":null}},"type":"cond-expr","locations":[{"start":{"line":80,"column":18},"end":{"line":81,"column":null}}],"line":80},"17":{"loc":{"start":{"line":91,"column":29},"end":{"line":100,"column":126}},"type":"cond-expr","locations":[{"start":{"line":91,"column":18},"end":{"line":100,"column":126}}],"line":91},"18":{"loc":{"start":{"line":92,"column":20},"end":{"line":94,"column":25}},"type":"binary-expr","locations":[{"start":{"line":92,"column":20},"end":{"line":92,"column":24}},{"start":{"line":92,"column":20},"end":{"line":94,"column":25}}],"line":92},"19":{"loc":{"start":{"line":95,"column":36},"end":{"line":95,"column":82}},"type":"binary-expr","locations":[{"start":{"line":95,"column":36},"end":{"line":95,"column":71}},{"start":{"line":95,"column":36},"end":{"line":95,"column":82}}],"line":95},"20":{"loc":{"start":{"line":96,"column":20},"end":{"line":96,"column":121}},"type":"binary-expr","locations":[{"start":{"line":96,"column":20},"end":{"line":96,"column":23}},{"start":{"line":96,"column":20},"end":{"line":96,"column":121}}],"line":96},"21":{"loc":{"start":{"line":97,"column":20},"end":{"line":97,"column":null}},"type":"binary-expr","locations":[{"start":{"line":97,"column":20},"end":{"line":97,"column":24}},{"start":{"line":97,"column":20},"end":{"line":97,"column":null}}],"line":97},"22":{"loc":{"start":{"line":99,"column":29},"end":{"line":100,"column":27}},"type":"binary-expr","locations":[{"start":{"line":99,"column":29},"end":{"line":99,"column":null}},{"start":{"line":99,"column":29},"end":{"line":100,"column":27}}],"line":99},"23":{"loc":{"start":{"line":111,"column":36},"end":{"line":111,"column":null}},"type":"cond-expr","locations":[{"start":{"line":111,"column":24},"end":{"line":111,"column":null}}],"line":111},"24":{"loc":{"start":{"line":112,"column":27},"end":{"line":112,"column":null}},"type":"cond-expr","locations":[{"start":{"line":112,"column":46},"end":{"line":112,"column":null}},{"start":{"line":112,"column":46},"end":{"line":112,"column":null}}],"line":112}},"s":{"0":4,"1":4,"2":4,"3":4,"4":4,"5":4,"6":4,"7":1,"8":1,"9":1,"10":1,"11":1,"12":1,"13":1,"14":1,"15":1,"16":1,"17":1,"18":1,"19":0,"20":4,"21":0,"22":4,"23":4,"24":4,"25":1,"26":1,"27":1,"28":1,"29":1,"30":1,"31":1,"32":1,"33":1,"34":1,"35":1,"36":1,"37":13,"38":1,"39":1,"40":1,"41":1,"42":1,"43":0},"f":{"0":1,"1":0,"2":4,"3":1,"4":1,"5":1,"6":1,"7":1,"8":0},"b":{"0":[13,4],"1":[13,4],"2":[13,4],"3":[13,4],"4":[13,4],"5":[13,4],"6":[13,4],"7":[1,12],"8":[13,4],"9":[13,4],"10":[1,12],"11":[13,4],"12":[0,13],"13":[13,4],"14":[13,4],"15":[0,13],"16":[0],"17":[1],"18":[1,1],"19":[1,1],"20":[1,1],"21":[1,1],"22":[1,1],"23":[0],"24":[0,13]},"meta":{"lastBranch":25,"lastFunction":9,"lastStatement":44,"seen":{"s:127:17:127:Infinity":0,"s:128:14:128:Infinity":1,"s:131:20:131:Infinity":2,"s:132:27:132:Infinity":3,"s:133:26:133:Infinity":4,"s:135:16:140:Infinity":5,"s:142:21:174:Infinity":6,"f:142:21:142:26":0,"s:144:2:144:Infinity":7,"s:145:2:145:Infinity":8,"s:146:2:146:Infinity":9,"s:148:2:148:Infinity":10,"s:149:2:149:Infinity":11,"s:151:2:173:Infinity":12,"s:153:6:158:Infinity":13,"s:161:6:161:Infinity":14,"s:164:6:164:Infinity":15,"s:165:6:165:Infinity":16,"s:166:6:166:Infinity":17,"s:167:6:167:Infinity":18,"s:172:6:172:Infinity":19,"s:177:33:181:Infinity":20,"f:177:33:177:38":1,"s:180:2:180:Infinity":21,"s:183:0:188:Infinity":22,"f:183:10:183:11":2,"s:185:4:185:Infinity":23,"s:187:4:187:Infinity":24,"s:3:7:3:Infinity":25,"s:4:11:4:Infinity":26,"s:11:15:11:Infinity":27,"s:14:23:14:Infinity":28,"s:26:23:26:Infinity":29,"s:38:23:38:Infinity":30,"s:40:27:40:Infinity":31,"s:59:23:59:Infinity":32,"s:61:27:61:Infinity":33,"s:95:23:95:36":34,"s:98:23:98:Infinity":35,"s:106:23:106:Infinity":36,"s:3:2:112:Infinity":37,"b:5:10:5:15:5:10:6:31":0,"b:8:10:8:15:8:10:9:60":1,"b:15:22:15:29:15:22:15:52":2,"b:20:35:20:43:20:35:20:Infinity":3,"f:20:35:20:43":3,"s:20:35:20:Infinity":38,"b:27:22:27:29:27:22:27:54":4,"b:32:35:32:43:32:35:32:Infinity":5,"f:32:35:32:43":4,"s:32:35:32:Infinity":39,"b:39:22:39:29:39:22:39:60":6,"b:42:49:42:Infinity:42:49:42:Infinity":7,"b:45:39:45:47:45:39:45:Infinity":8,"f:45:39:45:47":5,"s:45:39:45:Infinity":40,"b:52:36:52:38:52:36:52:Infinity":9,"f:52:36:52:38":6,"s:52:38:52:66":41,"b:53:53:53:93:53:53:53:93":10,"b:60:22:60:29:60:22:60:76":11,"b:63:56:63:Infinity:63:56:63:Infinity":12,"b:66:39:66:47:66:39:66:Infinity":13,"f:66:39:66:47":7,"s:66:39:66:Infinity":42,"b:73:36:73:38:73:36:73:Infinity":14,"f:73:36:73:38":8,"s:73:38:73:80":43,"b:74:60:74:100:74:60:74:100":15,"b:80:18:81:Infinity":16,"b:91:18:100:126":17,"b:92:20:92:24:92:20:94:25":18,"b:95:36:95:71:95:36:95:82":19,"b:96:20:96:23:96:20:96:121":20,"b:97:20:97:24:97:20:97:Infinity":21,"b:99:29:99:Infinity:99:29:100:27":22,"b:111:24:111:Infinity":23,"b:112:46:112:Infinity:112:46:112:Infinity":24}}}
,"/Applications/XAMPP/xamppfiles/htdocs/tools/the-shop/frontend/src/components/auth/VerifyEmail.vue": {"path":"/Applications/XAMPP/xamppfiles/htdocs/tools/the-shop/frontend/src/components/auth/VerifyEmail.vue","statementMap":{"0":{"start":{"line":56,"column":13},"end":{"line":56,"column":null}},"1":{"start":{"line":57,"column":17},"end":{"line":57,"column":null}},"2":{"start":{"line":58,"column":26},"end":{"line":58,"column":null}},"3":{"start":{"line":59,"column":20},"end":{"line":59,"column":null}},"4":{"start":{"line":61,"column":0},"end":{"line":95,"column":null}},"5":{"start":{"line":62,"column":2},"end":{"line":94,"column":null}},"6":{"start":{"line":65,"column":26},"end":{"line":65,"column":48}},"7":{"start":{"line":68,"column":28},"end":{"line":68,"column":null}},"8":{"start":{"line":71,"column":21},"end":{"line":71,"column":null}},"9":{"start":{"line":73,"column":4},"end":{"line":82,"column":null}},"10":{"start":{"line":74,"column":6},"end":{"line":78,"column":null}},"11":{"start":{"line":75,"column":8},"end":{"line":75,"column":null}},"12":{"start":{"line":77,"column":8},"end":{"line":77,"column":null}},"13":{"start":{"line":80,"column":6},"end":{"line":80,"column":null}},"14":{"start":{"line":81,"column":6},"end":{"line":81,"column":null}},"15":{"start":{"line":84,"column":4},"end":{"line":84,"column":null}},"16":{"start":{"line":85,"column":4},"end":{"line":91,"column":null}},"17":{"start":{"line":86,"column":6},"end":{"line":86,"column":null}},"18":{"start":{"line":87,"column":11},"end":{"line":91,"column":null}},"19":{"start":{"line":88,"column":6},"end":{"line":88,"column":null}},"20":{"start":{"line":90,"column":6},"end":{"line":90,"column":null}},"21":{"start":{"line":93,"column":4},"end":{"line":93,"column":null}},"22":{"start":{"line":2,"column":7},"end":{"line":2,"column":null}},"23":{"start":{"line":3,"column":9},"end":{"line":3,"column":null}},"24":{"start":{"line":21,"column":13},"end":{"line":21,"column":null}},"25":{"start":{"line":32,"column":13},"end":{"line":32,"column":null}},"26":{"start":{"line":43,"column":13},"end":{"line":43,"column":null}},"27":{"start":{"line":2,"column":2},"end":{"line":44,"column":84}},"28":{"start":{"line":22,"column":70},"end":{"line":22,"column":84}},"29":{"start":{"line":33,"column":70},"end":{"line":33,"column":84}},"30":{"start":{"line":44,"column":70},"end":{"line":44,"column":84}}},"fnMap":{"0":{"name":"(anonymous_0)","decl":{"start":{"line":61,"column":10},"end":{"line":61,"column":15}},"loc":{"start":{"line":61,"column":22},"end":{"line":95,"column":1}},"line":61},"1":{"name":"(anonymous_1)","decl":{"start":{"line":22,"column":59},"end":{"line":22,"column":70}},"loc":{"start":{"line":22,"column":70},"end":{"line":22,"column":84}},"line":22},"2":{"name":"(anonymous_2)","decl":{"start":{"line":33,"column":59},"end":{"line":33,"column":70}},"loc":{"start":{"line":33,"column":70},"end":{"line":33,"column":84}},"line":33},"3":{"name":"(anonymous_3)","decl":{"start":{"line":44,"column":59},"end":{"line":44,"column":70}},"loc":{"start":{"line":44,"column":70},"end":{"line":44,"column":84}},"line":44}},"branchMap":{"0":{"loc":{"start":{"line":73,"column":4},"end":{"line":82,"column":null}},"type":"if","locations":[{"start":{"line":73,"column":4},"end":{"line":82,"column":null}},{"start":{"line":79,"column":11},"end":{"line":82,"column":null}}],"line":73},"1":{"loc":{"start":{"line":74,"column":6},"end":{"line":78,"column":null}},"type":"if","locations":[{"start":{"line":74,"column":6},"end":{"line":78,"column":null}},{"start":{"line":76,"column":13},"end":{"line":78,"column":null}}],"line":74},"2":{"loc":{"start":{"line":81,"column":27},"end":{"line":81,"column":null}},"type":"binary-expr","locations":[{"start":{"line":81,"column":27},"end":{"line":81,"column":46}},{"start":{"line":81,"column":50},"end":{"line":81,"column":null}}],"line":81},"3":{"loc":{"start":{"line":85,"column":4},"end":{"line":91,"column":null}},"type":"if","locations":[{"start":{"line":85,"column":4},"end":{"line":91,"column":null}},{"start":{"line":87,"column":11},"end":{"line":91,"column":null}}],"line":85},"4":{"loc":{"start":{"line":87,"column":11},"end":{"line":91,"column":null}},"type":"if","locations":[{"start":{"line":87,"column":11},"end":{"line":91,"column":null}},{"start":{"line":89,"column":11},"end":{"line":91,"column":null}}],"line":87},"5":{"loc":{"start":{"line":4,"column":6},"end":{"line":5,"column":35}},"type":"binary-expr","locations":[{"start":{"line":4,"column":6},"end":{"line":4,"column":11}},{"start":{"line":4,"column":6},"end":{"line":5,"column":35}}],"line":4},"6":{"loc":{"start":{"line":8,"column":17},"end":{"line":44,"column":84}},"type":"cond-expr","locations":[{"start":{"line":8,"column":6},"end":{"line":12,"column":51}},{"start":{"line":15,"column":22},"end":{"line":44,"column":84}}],"line":8},"7":{"loc":{"start":{"line":13,"column":12},"end":{"line":12,"column":51}},"type":"binary-expr","locations":[{"start":{"line":13,"column":12},"end":{"line":13,"column":null}},{"start":{"line":13,"column":12},"end":{"line":12,"column":51}}],"line":13},"8":{"loc":{"start":{"line":15,"column":22},"end":{"line":44,"column":84}},"type":"cond-expr","locations":[{"start":{"line":15,"column":6},"end":{"line":22,"column":84}},{"start":{"line":26,"column":22},"end":{"line":44,"column":84}}],"line":15},"9":{"loc":{"start":{"line":16,"column":8},"end":{"line":18,"column":13}},"type":"binary-expr","locations":[{"start":{"line":16,"column":8},"end":{"line":16,"column":12}},{"start":{"line":16,"column":8},"end":{"line":18,"column":13}}],"line":16},"10":{"loc":{"start":{"line":19,"column":8},"end":{"line":19,"column":80}},"type":"binary-expr","locations":[{"start":{"line":19,"column":8},"end":{"line":19,"column":11}},{"start":{"line":19,"column":8},"end":{"line":19,"column":80}}],"line":19},"11":{"loc":{"start":{"line":20,"column":8},"end":{"line":20,"column":null}},"type":"binary-expr","locations":[{"start":{"line":20,"column":8},"end":{"line":20,"column":12}},{"start":{"line":20,"column":8},"end":{"line":20,"column":null}}],"line":20},"12":{"loc":{"start":{"line":22,"column":70},"end":{"line":22,"column":84}},"type":"binary-expr","locations":[{"start":{"line":22,"column":70},"end":{"line":22,"column":84}},{"start":{"line":22,"column":70},"end":{"line":22,"column":84}}],"line":22},"13":{"loc":{"start":{"line":26,"column":22},"end":{"line":44,"column":84}},"type":"cond-expr","locations":[{"start":{"line":26,"column":6},"end":{"line":33,"column":84}},{"start":{"line":37,"column":22},"end":{"line":44,"column":84}}],"line":26},"14":{"loc":{"start":{"line":27,"column":8},"end":{"line":29,"column":13}},"type":"binary-expr","locations":[{"start":{"line":27,"column":8},"end":{"line":27,"column":12}},{"start":{"line":27,"column":8},"end":{"line":29,"column":13}}],"line":27},"15":{"loc":{"start":{"line":31,"column":8},"end":{"line":31,"column":null}},"type":"binary-expr","locations":[{"start":{"line":31,"column":8},"end":{"line":31,"column":12}},{"start":{"line":31,"column":8},"end":{"line":31,"column":null}}],"line":31},"16":{"loc":{"start":{"line":33,"column":70},"end":{"line":33,"column":84}},"type":"binary-expr","locations":[{"start":{"line":33,"column":70},"end":{"line":33,"column":84}},{"start":{"line":33,"column":70},"end":{"line":33,"column":84}}],"line":33},"17":{"loc":{"start":{"line":37,"column":22},"end":{"line":44,"column":84}},"type":"cond-expr","locations":[{"start":{"line":37,"column":6},"end":{"line":44,"column":84}}],"line":37},"18":{"loc":{"start":{"line":38,"column":8},"end":{"line":40,"column":13}},"type":"binary-expr","locations":[{"start":{"line":38,"column":8},"end":{"line":38,"column":12}},{"start":{"line":38,"column":8},"end":{"line":40,"column":13}}],"line":38},"19":{"loc":{"start":{"line":41,"column":8},"end":{"line":41,"column":78}},"type":"binary-expr","locations":[{"start":{"line":41,"column":8},"end":{"line":41,"column":11}},{"start":{"line":41,"column":8},"end":{"line":41,"column":78}}],"line":41},"20":{"loc":{"start":{"line":42,"column":8},"end":{"line":42,"column":null}},"type":"binary-expr","locations":[{"start":{"line":42,"column":8},"end":{"line":42,"column":12}},{"start":{"line":42,"column":8},"end":{"line":42,"column":null}}],"line":42},"21":{"loc":{"start":{"line":44,"column":70},"end":{"line":44,"column":84}},"type":"binary-expr","locations":[{"start":{"line":44,"column":70},"end":{"line":44,"column":84}},{"start":{"line":44,"column":70},"end":{"line":44,"column":84}}],"line":44}},"s":{"0":5,"1":5,"2":5,"3":5,"4":5,"5":5,"6":5,"7":5,"8":5,"9":3,"10":3,"11":1,"12":2,"13":0,"14":0,"15":1,"16":1,"17":0,"18":1,"19":0,"20":1,"21":4,"22":1,"23":1,"24":1,"25":1,"26":1,"27":9,"28":2,"29":1,"30":1},"f":{"0":5,"1":2,"2":1,"3":1},"b":{"0":[3,0],"1":[1,2],"2":[0,0],"3":[0,1],"4":[0,1],"5":[9,5],"6":[5,4],"7":[5,5],"8":[2,2],"9":[2,2],"10":[2,2],"11":[2,2],"12":[2,2],"13":[1,1],"14":[1,1],"15":[1,1],"16":[1,1],"17":[1],"18":[1,1],"19":[1,1],"20":[1,1],"21":[1,1]},"meta":{"lastBranch":0,"lastFunction":0,"lastStatement":0,"seen":{}}}
,"/Applications/XAMPP/xamppfiles/htdocs/tools/the-shop/frontend/src/components/cart/Cart.vue": {"path":"/Applications/XAMPP/xamppfiles/htdocs/tools/the-shop/frontend/src/components/cart/Cart.vue","statementMap":{"0":{"start":{"line":100,"column":21},"end":{"line":100,"column":null}},"1":{"start":{"line":101,"column":18},"end":{"line":101,"column":null}},"2":{"start":{"line":104,"column":21},"end":{"line":104,"column":null}},"3":{"start":{"line":104,"column":37},"end":{"line":104,"column":56}},"4":{"start":{"line":105,"column":26},"end":{"line":105,"column":null}},"5":{"start":{"line":105,"column":42},"end":{"line":105,"column":64}},"6":{"start":{"line":106,"column":26},"end":{"line":106,"column":null}},"7":{"start":{"line":106,"column":42},"end":{"line":106,"column":125}},"8":{"start":{"line":106,"column":82},"end":{"line":106,"column":121}},"9":{"start":{"line":109,"column":3},"end":{"line":116,"column":null}},"10":{"start":{"line":110,"column":8},"end":{"line":115,"column":null}},"11":{"start":{"line":111,"column":12},"end":{"line":111,"column":null}},"12":{"start":{"line":114,"column":12},"end":{"line":114,"column":null}},"13":{"start":{"line":2,"column":9},"end":{"line":2,"column":null}},"14":{"start":{"line":3,"column":13},"end":{"line":3,"column":null}},"15":{"start":{"line":4,"column":17},"end":{"line":4,"column":null}},"16":{"start":{"line":7,"column":27},"end":{"line":7,"column":null}},"17":{"start":{"line":27,"column":41},"end":{"line":27,"column":null}},"18":{"start":{"line":32,"column":46},"end":{"line":32,"column":null}},"19":{"start":{"line":50,"column":42},"end":{"line":50,"column":null}},"20":{"start":{"line":67,"column":36},"end":{"line":67,"column":null}},"21":{"start":{"line":2,"column":4},"end":{"line":87,"column":108}},"22":{"start":{"line":22,"column":28},"end":{"line":59,"column":69}},"23":{"start":{"line":29,"column":48},"end":{"line":29,"column":null}},"24":{"start":{"line":36,"column":52},"end":{"line":36,"column":null}},"25":{"start":{"line":57,"column":48},"end":{"line":57,"column":null}},"26":{"start":{"line":70,"column":44},"end":{"line":70,"column":null}},"27":{"start":{"line":78,"column":100},"end":{"line":78,"column":118}},"28":{"start":{"line":87,"column":64},"end":{"line":87,"column":82}}},"fnMap":{"0":{"name":"(anonymous_0)","decl":{"start":{"line":104,"column":31},"end":{"line":104,"column":32}},"loc":{"start":{"line":104,"column":37},"end":{"line":104,"column":56}},"line":104},"1":{"name":"(anonymous_1)","decl":{"start":{"line":105,"column":36},"end":{"line":105,"column":37}},"loc":{"start":{"line":105,"column":42},"end":{"line":105,"column":64}},"line":105},"2":{"name":"(anonymous_2)","decl":{"start":{"line":106,"column":36},"end":{"line":106,"column":37}},"loc":{"start":{"line":106,"column":42},"end":{"line":106,"column":125}},"line":106},"3":{"name":"(anonymous_3)","decl":{"start":{"line":106,"column":65},"end":{"line":106,"column":66}},"loc":{"start":{"line":106,"column":82},"end":{"line":106,"column":121}},"line":106},"4":{"name":"(anonymous_4)","decl":{"start":{"line":109,"column":14},"end":{"line":109,"column":19}},"loc":{"start":{"line":109,"column":26},"end":{"line":116,"column":5}},"line":109},"5":{"name":"(anonymous_5)","decl":{"start":{"line":22,"column":65},"end":{"line":22,"column":68}},"loc":{"start":{"line":22,"column":51},"end":{"line":59,"column":69}},"line":22},"6":{"name":"(anonymous_6)","decl":{"start":{"line":29,"column":46},"end":{"line":29,"column":48}},"loc":{"start":{"line":29,"column":48},"end":{"line":29,"column":null}},"line":29},"7":{"name":"(anonymous_7)","decl":{"start":{"line":36,"column":50},"end":{"line":36,"column":52}},"loc":{"start":{"line":36,"column":52},"end":{"line":36,"column":null}},"line":36},"8":{"name":"(anonymous_8)","decl":{"start":{"line":57,"column":46},"end":{"line":57,"column":48}},"loc":{"start":{"line":57,"column":48},"end":{"line":57,"column":null}},"line":57},"9":{"name":"(anonymous_9)","decl":{"start":{"line":70,"column":42},"end":{"line":70,"column":44}},"loc":{"start":{"line":70,"column":44},"end":{"line":70,"column":null}},"line":70},"10":{"name":"(anonymous_10)","decl":{"start":{"line":78,"column":98},"end":{"line":78,"column":100}},"loc":{"start":{"line":78,"column":100},"end":{"line":78,"column":118}},"line":78},"11":{"name":"(anonymous_11)","decl":{"start":{"line":87,"column":62},"end":{"line":87,"column":64}},"loc":{"start":{"line":87,"column":64},"end":{"line":87,"column":82}},"line":87}},"branchMap":{"0":{"loc":{"start":{"line":5,"column":45},"end":{"line":87,"column":108}},"type":"cond-expr","locations":[{"start":{"line":5,"column":16},"end":{"line":78,"column":144}},{"start":{"line":84,"column":16},"end":{"line":87,"column":108}}],"line":5},"1":{"loc":{"start":{"line":6,"column":20},"end":{"line":6,"column":52}},"type":"binary-expr","locations":[{"start":{"line":6,"column":20},"end":{"line":6,"column":24}},{"start":{"line":6,"column":20},"end":{"line":6,"column":52}}],"line":6},"2":{"loc":{"start":{"line":8,"column":24},"end":{"line":18,"column":47}},"type":"binary-expr","locations":[{"start":{"line":8,"column":24},"end":{"line":8,"column":null}},{"start":{"line":8,"column":24},"end":{"line":18,"column":47}}],"line":8},"3":{"loc":{"start":{"line":65,"column":36},"end":{"line":65,"column":71}},"type":"binary-expr","locations":[{"start":{"line":65,"column":36},"end":{"line":65,"column":42}},{"start":{"line":65,"column":36},"end":{"line":65,"column":71}}],"line":65},"4":{"loc":{"start":{"line":70,"column":42},"end":{"line":70,"column":null}},"type":"binary-expr","locations":[{"start":{"line":70,"column":42},"end":{"line":70,"column":44}},{"start":{"line":70,"column":42},"end":{"line":70,"column":null}}],"line":70},"5":{"loc":{"start":{"line":78,"column":72},"end":{"line":78,"column":144}},"type":"cond-expr","locations":[{"start":{"line":78,"column":36},"end":{"line":78,"column":144}}],"line":78},"6":{"loc":{"start":{"line":78,"column":98},"end":{"line":78,"column":118}},"type":"binary-expr","locations":[{"start":{"line":78,"column":98},"end":{"line":78,"column":100}},{"start":{"line":78,"column":98},"end":{"line":78,"column":118}}],"line":78},"7":{"loc":{"start":{"line":86,"column":24},"end":{"line":86,"column":56}},"type":"binary-expr","locations":[{"start":{"line":86,"column":24},"end":{"line":86,"column":30}},{"start":{"line":86,"column":24},"end":{"line":86,"column":56}}],"line":86},"8":{"loc":{"start":{"line":87,"column":62},"end":{"line":87,"column":82}},"type":"binary-expr","locations":[{"start":{"line":87,"column":62},"end":{"line":87,"column":64}},{"start":{"line":87,"column":62},"end":{"line":87,"column":82}}],"line":87}},"s":{"0":10,"1":10,"2":10,"3":18,"4":10,"5":18,"6":10,"7":7,"8":7,"9":10,"10":10,"11":10,"12":0,"13":1,"14":1,"15":1,"16":1,"17":1,"18":1,"19":1,"20":1,"21":17,"22":7,"23":1,"24":1,"25":1,"26":1,"27":1,"28":0},"f":{"0":18,"1":18,"2":7,"3":7,"4":10,"5":7,"6":1,"7":1,"8":1,"9":1,"10":1,"11":0},"b":{"0":[7,10],"1":[7,7],"2":[7,7],"3":[7,7],"4":[7,7],"5":[7],"6":[7,7],"7":[10,10],"8":[10,10]},"meta":{"lastBranch":9,"lastFunction":12,"lastStatement":29,"seen":{"s:100:21:100:Infinity":0,"s:101:18:101:Infinity":1,"s:104:21:104:Infinity":2,"f:104:31:104:32":0,"s:104:37:104:56":3,"s:105:26:105:Infinity":4,"f:105:36:105:37":1,"s:105:42:105:64":5,"s:106:26:106:Infinity":6,"f:106:36:106:37":2,"s:106:42:106:125":7,"f:106:65:106:66":3,"s:106:82:106:121":8,"s:109:3:116:Infinity":9,"f:109:14:109:19":4,"s:110:8:115:Infinity":10,"s:111:12:111:Infinity":11,"s:114:12:114:Infinity":12,"s:2:9:2:Infinity":13,"s:3:13:3:Infinity":14,"s:4:17:4:Infinity":15,"s:7:27:7:Infinity":16,"s:27:41:27:Infinity":17,"s:32:46:32:Infinity":18,"s:50:42:50:Infinity":19,"s:67:36:67:Infinity":20,"s:2:4:87:108":21,"b:5:16:78:144:84:16:87:108":0,"b:6:20:6:24:6:20:6:52":1,"b:8:24:8:Infinity:8:24:18:47":2,"f:22:65:22:68":5,"s:22:28:59:69":22,"f:29:46:29:48":6,"s:29:48:29:Infinity":23,"f:36:50:36:52":7,"s:36:52:36:Infinity":24,"f:57:46:57:48":8,"s:57:48:57:Infinity":25,"b:65:36:65:42:65:36:65:71":3,"b:70:42:70:44:70:42:70:Infinity":4,"f:70:42:70:44":9,"s:70:44:70:Infinity":26,"b:78:36:78:144":5,"b:78:98:78:100:78:98:78:118":6,"f:78:98:78:100":10,"s:78:100:78:118":27,"b:86:24:86:30:86:24:86:56":7,"b:87:62:87:64:87:62:87:82":8,"f:87:62:87:64":11,"s:87:64:87:82":28}}}
,"/Applications/XAMPP/xamppfiles/htdocs/tools/the-shop/frontend/src/components/checkout/Checkout.vue": {"path":"/Applications/XAMPP/xamppfiles/htdocs/tools/the-shop/frontend/src/components/checkout/Checkout.vue","statementMap":{"0":{"start":{"line":73,"column":21},"end":{"line":73,"column":null}},"1":{"start":{"line":74,"column":21},"end":{"line":74,"column":null}},"2":{"start":{"line":77,"column":18},"end":{"line":77,"column":null}},"3":{"start":{"line":80,"column":21},"end":{"line":80,"column":null}},"4":{"start":{"line":80,"column":37},"end":{"line":80,"column":56}},"5":{"start":{"line":81,"column":16},"end":{"line":81,"column":null}},"6":{"start":{"line":81,"column":32},"end":{"line":81,"column":49}},"7":{"start":{"line":82,"column":26},"end":{"line":82,"column":null}},"8":{"start":{"line":82,"column":42},"end":{"line":82,"column":66}},"9":{"start":{"line":85,"column":17},"end":{"line":85,"column":null}},"10":{"start":{"line":88,"column":26},"end":{"line":88,"column":null}},"11":{"start":{"line":88,"column":42},"end":{"line":88,"column":64}},"12":{"start":{"line":89,"column":29},"end":{"line":89,"column":null}},"13":{"start":{"line":89,"column":45},"end":{"line":89,"column":167}},"14":{"start":{"line":89,"column":85},"end":{"line":89,"column":163}},"15":{"start":{"line":90,"column":26},"end":{"line":90,"column":null}},"16":{"start":{"line":90,"column":42},"end":{"line":90,"column":151}},"17":{"start":{"line":90,"column":82},"end":{"line":90,"column":121}},"18":{"start":{"line":94,"column":3},"end":{"line":106,"column":null}},"19":{"start":{"line":95,"column":8},"end":{"line":95,"column":null}},"20":{"start":{"line":96,"column":8},"end":{"line":96,"column":null}},"21":{"start":{"line":97,"column":8},"end":{"line":97,"column":null}},"22":{"start":{"line":100,"column":8},"end":{"line":104,"column":null}},"23":{"start":{"line":101,"column":12},"end":{"line":101,"column":null}},"24":{"start":{"line":102,"column":12},"end":{"line":102,"column":null}},"25":{"start":{"line":103,"column":12},"end":{"line":103,"column":null}},"26":{"start":{"line":3,"column":13},"end":{"line":3,"column":null}},"27":{"start":{"line":5,"column":17},"end":{"line":5,"column":null}},"28":{"start":{"line":6,"column":16},"end":{"line":6,"column":null}},"29":{"start":{"line":16,"column":25},"end":{"line":16,"column":null}},"30":{"start":{"line":17,"column":28},"end":{"line":17,"column":null}},"31":{"start":{"line":20,"column":30},"end":{"line":20,"column":null}},"32":{"start":{"line":21,"column":34},"end":{"line":21,"column":54}},"33":{"start":{"line":23,"column":30},"end":{"line":23,"column":null}},"34":{"start":{"line":27,"column":25},"end":{"line":27,"column":null}},"35":{"start":{"line":28,"column":30},"end":{"line":28,"column":50}},"36":{"start":{"line":31,"column":30},"end":{"line":31,"column":58}},"37":{"start":{"line":36,"column":20},"end":{"line":36,"column":null}},"38":{"start":{"line":41,"column":26},"end":{"line":41,"column":42}},"39":{"start":{"line":44,"column":26},"end":{"line":44,"column":54}},"40":{"start":{"line":48,"column":20},"end":{"line":48,"column":null}},"41":{"start":{"line":50,"column":26},"end":{"line":50,"column":54}},"42":{"start":{"line":2,"column":4},"end":{"line":56,"column":null}},"43":{"start":{"line":7,"column":16},"end":{"line":32,"column":null}}},"fnMap":{"0":{"name":"(anonymous_0)","decl":{"start":{"line":80,"column":31},"end":{"line":80,"column":32}},"loc":{"start":{"line":80,"column":37},"end":{"line":80,"column":56}},"line":80},"1":{"name":"(anonymous_1)","decl":{"start":{"line":81,"column":26},"end":{"line":81,"column":27}},"loc":{"start":{"line":81,"column":32},"end":{"line":81,"column":49}},"line":81},"2":{"name":"(anonymous_2)","decl":{"start":{"line":82,"column":36},"end":{"line":82,"column":37}},"loc":{"start":{"line":82,"column":42},"end":{"line":82,"column":66}},"line":82},"3":{"name":"(anonymous_3)","decl":{"start":{"line":88,"column":36},"end":{"line":88,"column":37}},"loc":{"start":{"line":88,"column":42},"end":{"line":88,"column":64}},"line":88},"4":{"name":"(anonymous_4)","decl":{"start":{"line":89,"column":39},"end":{"line":89,"column":40}},"loc":{"start":{"line":89,"column":45},"end":{"line":89,"column":167}},"line":89},"5":{"name":"(anonymous_5)","decl":{"start":{"line":89,"column":68},"end":{"line":89,"column":69}},"loc":{"start":{"line":89,"column":85},"end":{"line":89,"column":163}},"line":89},"6":{"name":"(anonymous_6)","decl":{"start":{"line":90,"column":36},"end":{"line":90,"column":37}},"loc":{"start":{"line":90,"column":42},"end":{"line":90,"column":151}},"line":90},"7":{"name":"(anonymous_7)","decl":{"start":{"line":90,"column":65},"end":{"line":90,"column":66}},"loc":{"start":{"line":90,"column":82},"end":{"line":90,"column":121}},"line":90},"8":{"name":"(anonymous_8)","decl":{"start":{"line":94,"column":14},"end":{"line":94,"column":15}},"loc":{"start":{"line":94,"column":20},"end":{"line":106,"column":5}},"line":94},"9":{"name":"(anonymous_9)","decl":{"start":{"line":8,"column":57},"end":{"line":8,"column":null}},"loc":{"start":{"line":8,"column":31},"end":{"line":32,"column":null}},"line":8}},"branchMap":{"0":{"loc":{"start":{"line":100,"column":8},"end":{"line":104,"column":null}},"type":"if","locations":[{"start":{"line":100,"column":8},"end":{"line":104,"column":null}},{"start":{},"end":{}}],"line":100},"1":{"loc":{"start":{"line":29,"column":54},"end":{"line":29,"column":62}},"type":"binary-expr","locations":[{"start":{"line":29,"column":54},"end":{"line":29,"column":57}},{"start":{"line":29,"column":54},"end":{"line":29,"column":62}}],"line":29},"2":{"loc":{"start":{"line":40,"column":26},"end":{"line":45,"column":null}},"type":"cond-expr","locations":[{"start":{"line":40,"column":16},"end":{"line":45,"column":null}}],"line":40},"3":{"loc":{"start":{"line":49,"column":20},"end":{"line":49,"column":54}},"type":"binary-expr","locations":[{"start":{"line":49,"column":20},"end":{"line":49,"column":26}},{"start":{"line":49,"column":20},"end":{"line":49,"column":54}}],"line":49},"4":{"loc":{"start":{"line":55,"column":22},"end":{"line":56,"column":null}},"type":"cond-expr","locations":[{"start":{"line":54,"column":12},"end":{"line":56,"column":null}}],"line":55},"5":{"loc":{"start":{"line":55,"column":22},"end":{"line":55,"column":null}},"type":"binary-expr","locations":[{"start":{"line":55,"column":22},"end":{"line":55,"column":56}},{"start":{"line":55,"column":56},"end":{"line":55,"column":null}}],"line":55}},"s":{"0":8,"1":8,"2":8,"3":8,"4":13,"5":8,"6":10,"7":8,"8":8,"9":8,"10":8,"11":10,"12":8,"13":13,"14":4,"15":8,"16":13,"17":4,"18":8,"19":8,"20":8,"21":8,"22":8,"23":8,"24":8,"25":8,"26":1,"27":1,"28":1,"29":1,"30":1,"31":1,"32":1,"33":1,"34":1,"35":1,"36":1,"37":1,"38":1,"39":1,"40":1,"41":1,"42":13,"43":4},"f":{"0":13,"1":10,"2":8,"3":10,"4":13,"5":4,"6":13,"7":4,"8":8,"9":4},"b":{"0":[8,0],"1":[4,4],"2":[0],"3":[13,8],"4":[1],"5":[13,2]},"meta":{"lastBranch":6,"lastFunction":10,"lastStatement":44,"seen":{"s:73:21:73:Infinity":0,"s:74:21:74:Infinity":1,"s:77:18:77:Infinity":2,"s:80:21:80:Infinity":3,"f:80:31:80:32":0,"s:80:37:80:56":4,"s:81:16:81:Infinity":5,"f:81:26:81:27":1,"s:81:32:81:49":6,"s:82:26:82:Infinity":7,"f:82:36:82:37":2,"s:82:42:82:66":8,"s:85:17:85:Infinity":9,"s:88:26:88:Infinity":10,"f:88:36:88:37":3,"s:88:42:88:64":11,"s:89:29:89:Infinity":12,"f:89:39:89:40":4,"s:89:45:89:167":13,"f:89:68:89:69":5,"s:89:85:89:163":14,"s:90:26:90:Infinity":15,"f:90:36:90:37":6,"s:90:42:90:151":16,"f:90:65:90:66":7,"s:90:82:90:121":17,"s:94:3:106:Infinity":18,"f:94:14:94:15":8,"s:95:8:95:Infinity":19,"s:96:8:96:Infinity":20,"s:97:8:97:Infinity":21,"b:100:8:104:Infinity:undefined:undefined:undefined:undefined":0,"s:100:8:104:Infinity":22,"s:101:12:101:Infinity":23,"s:102:12:102:Infinity":24,"s:103:12:103:Infinity":25,"s:3:13:3:Infinity":26,"s:5:17:5:Infinity":27,"s:6:16:6:Infinity":28,"s:16:25:16:Infinity":29,"s:17:28:17:Infinity":30,"s:20:30:20:Infinity":31,"s:21:34:21:54":32,"s:23:30:23:Infinity":33,"s:27:25:27:Infinity":34,"s:28:30:28:50":35,"s:31:30:31:58":36,"s:36:20:36:Infinity":37,"s:41:26:41:42":38,"s:44:26:44:54":39,"s:48:20:48:Infinity":40,"s:50:26:50:54":41,"s:2:4:56:Infinity":42,"f:8:57:8:Infinity":9,"s:7:16:32:Infinity":43,"b:29:54:29:57:29:54:29:62":1,"b:40:16:45:Infinity":2,"b:49:20:49:26:49:20:49:54":3,"b:54:12:56:Infinity":4,"b:55:22:55:56:55:56:55:Infinity":5}}}
,"/Applications/XAMPP/xamppfiles/htdocs/tools/the-shop/frontend/src/components/common/NotFound.vue": {"path":"/Applications/XAMPP/xamppfiles/htdocs/tools/the-shop/frontend/src/components/common/NotFound.vue","statementMap":{"0":{"start":{"line":2,"column":9},"end":{"line":2,"column":null}},"1":{"start":{"line":3,"column":13},"end":{"line":3,"column":null}},"2":{"start":{"line":4,"column":17},"end":{"line":4,"column":null}},"3":{"start":{"line":5,"column":21},"end":{"line":5,"column":null}},"4":{"start":{"line":2,"column":4},"end":{"line":15,"column":34}},"5":{"start":{"line":13,"column":61},"end":{"line":15,"column":34}}},"fnMap":{"0":{"name":"(anonymous_0)","decl":{"start":{"line":13,"column":24},"end":{"line":13,"column":27}},"loc":{"start":{"line":13,"column":61},"end":{"line":15,"column":34}},"line":13}},"branchMap":{"0":{"loc":{"start":{"line":7,"column":20},"end":{"line":7,"column":63}},"type":"binary-expr","locations":[{"start":{"line":7,"column":20},"end":{"line":7,"column":24}},{"start":{"line":7,"column":20},"end":{"line":7,"column":63}}],"line":7},"1":{"loc":{"start":{"line":8,"column":20},"end":{"line":8,"column":56}},"type":"binary-expr","locations":[{"start":{"line":8,"column":20},"end":{"line":8,"column":24}},{"start":{"line":8,"column":20},"end":{"line":8,"column":56}}],"line":8},"2":{"loc":{"start":{"line":9,"column":20},"end":{"line":11,"column":24}},"type":"binary-expr","locations":[{"start":{"line":9,"column":20},"end":{"line":9,"column":23}},{"start":{"line":9,"column":20},"end":{"line":11,"column":24}}],"line":9},"3":{"loc":{"start":{"line":13,"column":61},"end":{"line":15,"column":34}},"type":"binary-expr","locations":[{"start":{"line":13,"column":61},"end":{"line":13,"column":null}},{"start":{"line":13,"column":61},"end":{"line":15,"column":34}}],"line":13}},"s":{"0":1,"1":1,"2":1,"3":1,"4":2,"5":4},"f":{"0":4},"b":{"0":[2,2],"1":[2,2],"2":[2,2],"3":[4,2]},"meta":{"lastBranch":4,"lastFunction":1,"lastStatement":6,"seen":{"s:2:9:2:Infinity":0,"s:3:13:3:Infinity":1,"s:4:17:4:Infinity":2,"s:5:21:5:Infinity":3,"s:2:4:15:34":4,"b:7:20:7:24:7:20:7:63":0,"b:8:20:8:24:8:20:8:56":1,"b:9:20:9:23:9:20:11:24":2,"f:13:24:13:27":0,"s:13:61:15:34":5,"b:13:61:13:Infinity:13:61:15:34":3}}}
,"/Applications/XAMPP/xamppfiles/htdocs/tools/the-shop/frontend/src/components/common/Spinner.vue": {"path":"/Applications/XAMPP/xamppfiles/htdocs/tools/the-shop/frontend/src/components/common/Spinner.vue","statementMap":{"0":{"start":{"line":14,"column":19},"end":{"line":14,"column":null}},"1":{"start":{"line":22,"column":17},"end":{"line":24,"column":null}},"2":{"start":{"line":4,"column":25},"end":{"line":4,"column":null}}},"fnMap":{"0":{"name":"(anonymous_0)","decl":{"start":{"line":4,"column":25},"end":{"line":4,"column":30}},"loc":{"start":{"line":4,"column":25},"end":{"line":4,"column":null}},"line":4}},"branchMap":{"0":{"loc":{"start":{"line":4,"column":25},"end":{"line":4,"column":null}},"type":"binary-expr","locations":[{"start":{"line":4,"column":25},"end":{"line":4,"column":30}},{"start":{"line":4,"column":25},"end":{"line":4,"column":null}}],"line":4}},"s":{"0":2,"1":2,"2":0},"f":{"0":0},"b":{"0":[2,2]},"meta":{"lastBranch":1,"lastFunction":1,"lastStatement":3,"seen":{"s:14:19:14:Infinity":0,"s:22:17:24:Infinity":1,"b:4:25:4:30:4:25:4:Infinity":0,"f:4:25:4:30":0,"s:4:25:4:Infinity":2}}}
,"/Applications/XAMPP/xamppfiles/htdocs/tools/the-shop/frontend/src/components/common/ValidationErrors.vue": {"path":"/Applications/XAMPP/xamppfiles/htdocs/tools/the-shop/frontend/src/components/common/ValidationErrors.vue","statementMap":{"0":{"start":{"line":6,"column":12},"end":{"line":6,"column":null}},"1":{"start":{"line":3,"column":14},"end":{"line":9,"column":null}},"2":{"start":{"line":7,"column":12},"end":{"line":9,"column":null}},"3":{"start":{"line":8,"column":16},"end":{"line":9,"column":null}}},"fnMap":{"0":{"name":"(anonymous_0)","decl":{"start":{"line":7,"column":52},"end":{"line":7,"column":55}},"loc":{"start":{"line":7,"column":41},"end":{"line":9,"column":null}},"line":7},"1":{"name":"(anonymous_1)","decl":{"start":{"line":8,"column":57},"end":{"line":8,"column":60}},"loc":{"start":{"line":8,"column":42},"end":{"line":9,"column":null}},"line":8}},"branchMap":{"0":{"loc":{"start":{"line":3,"column":14},"end":{"line":9,"column":null}},"type":"cond-expr","locations":[{"start":{"line":2,"column":4},"end":{"line":9,"column":null}}],"line":3},"1":{"loc":{"start":{"line":3,"column":14},"end":{"line":3,"column":null}},"type":"binary-expr","locations":[{"start":{"line":3,"column":14},"end":{"line":3,"column":20}},{"start":{"line":3,"column":24},"end":{"line":3,"column":null}}],"line":3},"2":{"loc":{"start":{"line":9,"column":41},"end":{"line":9,"column":null}},"type":"cond-expr","locations":[{"start":{"line":9,"column":31},"end":{"line":9,"column":null}}],"line":9}},"s":{"0":9,"1":4,"2":3,"3":4},"f":{"0":3,"1":4},"b":{"0":[2],"1":[4,4],"2":[1]},"meta":{"lastBranch":3,"lastFunction":2,"lastStatement":4,"seen":{"s:6:12:6:Infinity":0,"s:3:14:9:Infinity":1,"b:2:4:9:Infinity":0,"b:3:14:3:20:3:24:3:Infinity":1,"f:7:52:7:55":0,"s:7:12:9:Infinity":2,"f:8:57:8:60":1,"s:8:16:9:Infinity":3,"b:9:31:9:Infinity":2}}}
,"/Applications/XAMPP/xamppfiles/htdocs/tools/the-shop/frontend/src/components/coupons/Coupon.vue": {"path":"/Applications/XAMPP/xamppfiles/htdocs/tools/the-shop/frontend/src/components/coupons/Coupon.vue","statementMap":{"0":{"start":{"line":55,"column":17},"end":{"line":55,"column":null}},"1":{"start":{"line":56,"column":17},"end":{"line":56,"column":null}},"2":{"start":{"line":59,"column":12},"end":{"line":63,"column":null}},"3":{"start":{"line":66,"column":13},"end":{"line":66,"column":null}},"4":{"start":{"line":70,"column":20},"end":{"line":123,"column":null}},"5":{"start":{"line":71,"column":4},"end":{"line":71,"column":null}},"6":{"start":{"line":73,"column":4},"end":{"line":76,"column":null}},"7":{"start":{"line":74,"column":8},"end":{"line":74,"column":null}},"8":{"start":{"line":75,"column":8},"end":{"line":75,"column":null}},"9":{"start":{"line":77,"column":4},"end":{"line":122,"column":null}},"10":{"start":{"line":78,"column":8},"end":{"line":78,"column":null}},"11":{"start":{"line":79,"column":8},"end":{"line":79,"column":null}},"12":{"start":{"line":80,"column":25},"end":{"line":91,"column":null}},"13":{"start":{"line":93,"column":8},"end":{"line":93,"column":null}},"14":{"start":{"line":94,"column":8},"end":{"line":111,"column":null}},"15":{"start":{"line":95,"column":12},"end":{"line":95,"column":null}},"16":{"start":{"line":96,"column":12},"end":{"line":96,"column":null}},"17":{"start":{"line":99,"column":12},"end":{"line":99,"column":null}},"18":{"start":{"line":101,"column":12},"end":{"line":106,"column":null}},"19":{"start":{"line":108,"column":12},"end":{"line":108,"column":null}},"20":{"start":{"line":110,"column":12},"end":{"line":110,"column":null}},"21":{"start":{"line":114,"column":8},"end":{"line":118,"column":null}},"22":{"start":{"line":115,"column":12},"end":{"line":115,"column":null}},"23":{"start":{"line":117,"column":12},"end":{"line":117,"column":null}},"24":{"start":{"line":119,"column":8},"end":{"line":119,"column":null}},"25":{"start":{"line":121,"column":8},"end":{"line":121,"column":null}},"26":{"start":{"line":126,"column":21},"end":{"line":130,"column":null}},"27":{"start":{"line":127,"column":4},"end":{"line":127,"column":null}},"28":{"start":{"line":128,"column":4},"end":{"line":128,"column":null}},"29":{"start":{"line":129,"column":4},"end":{"line":129,"column":null}},"30":{"start":{"line":132,"column":0},"end":{"line":139,"column":null}},"31":{"start":{"line":134,"column":4},"end":{"line":134,"column":null}},"32":{"start":{"line":136,"column":4},"end":{"line":138,"column":null}},"33":{"start":{"line":137,"column":8},"end":{"line":137,"column":null}},"34":{"start":{"line":2,"column":9},"end":{"line":2,"column":null}},"35":{"start":{"line":3,"column":13},"end":{"line":3,"column":null}},"36":{"start":{"line":4,"column":17},"end":{"line":4,"column":null}},"37":{"start":{"line":6,"column":25},"end":{"line":6,"column":null}},"38":{"start":{"line":8,"column":30},"end":{"line":8,"column":54}},"39":{"start":{"line":23,"column":25},"end":{"line":23,"column":null}},"40":{"start":{"line":2,"column":4},"end":{"line":38,"column":null}},"41":{"start":{"line":27,"column":37},"end":{"line":27,"column":null}}},"fnMap":{"0":{"name":"(anonymous_0)","decl":{"start":{"line":70,"column":20},"end":{"line":70,"column":25}},"loc":{"start":{"line":70,"column":32},"end":{"line":123,"column":null}},"line":70},"1":{"name":"(anonymous_1)","decl":{"start":{"line":126,"column":21},"end":{"line":126,"column":22}},"loc":{"start":{"line":126,"column":27},"end":{"line":130,"column":null}},"line":126},"2":{"name":"(anonymous_2)","decl":{"start":{"line":132,"column":10},"end":{"line":132,"column":11}},"loc":{"start":{"line":132,"column":16},"end":{"line":139,"column":1}},"line":132},"3":{"name":"(anonymous_3)","decl":{"start":{"line":27,"column":37},"end":{"line":27,"column":41}},"loc":{"start":{"line":27,"column":37},"end":{"line":27,"column":null}},"line":27}},"branchMap":{"0":{"loc":{"start":{"line":73,"column":4},"end":{"line":76,"column":null}},"type":"if","locations":[{"start":{"line":73,"column":4},"end":{"line":76,"column":null}},{"start":{},"end":{}}],"line":73},"1":{"loc":{"start":{"line":73,"column":8},"end":{"line":73,"column":59}},"type":"binary-expr","locations":[{"start":{"line":73,"column":8},"end":{"line":73,"column":25}},{"start":{"line":73,"column":29},"end":{"line":73,"column":59}}],"line":73},"2":{"loc":{"start":{"line":94,"column":8},"end":{"line":111,"column":null}},"type":"if","locations":[{"start":{"line":94,"column":8},"end":{"line":111,"column":null}},{"start":{"line":98,"column":13},"end":{"line":111,"column":null}}],"line":94},"3":{"loc":{"start":{"line":114,"column":8},"end":{"line":118,"column":null}},"type":"if","locations":[{"start":{"line":114,"column":8},"end":{"line":118,"column":null}},{"start":{"line":116,"column":15},"end":{"line":118,"column":null}}],"line":114},"4":{"loc":{"start":{"line":115,"column":24},"end":{"line":115,"column":84}},"type":"binary-expr","locations":[{"start":{"line":115,"column":24},"end":{"line":115,"column":51}},{"start":{"line":115,"column":55},"end":{"line":115,"column":84}}],"line":115},"5":{"loc":{"start":{"line":136,"column":4},"end":{"line":138,"column":null}},"type":"if","locations":[{"start":{"line":136,"column":4},"end":{"line":138,"column":null}},{"start":{},"end":{}}],"line":136},"6":{"loc":{"start":{"line":5,"column":27},"end":{"line":38,"column":null}},"type":"cond-expr","locations":[{"start":{"line":5,"column":16},"end":{"line":16,"column":50}},{"start":{"line":20,"column":16},"end":{"line":38,"column":null}}],"line":5},"7":{"loc":{"start":{"line":7,"column":24},"end":{"line":7,"column":64}},"type":"binary-expr","locations":[{"start":{"line":7,"column":24},"end":{"line":7,"column":30}},{"start":{"line":7,"column":24},"end":{"line":7,"column":64}}],"line":7},"8":{"loc":{"start":{"line":21,"column":20},"end":{"line":21,"column":60}},"type":"binary-expr","locations":[{"start":{"line":21,"column":20},"end":{"line":21,"column":26}},{"start":{"line":21,"column":20},"end":{"line":21,"column":60}}],"line":21},"9":{"loc":{"start":{"line":27,"column":37},"end":{"line":27,"column":null}},"type":"binary-expr","locations":[{"start":{"line":27,"column":37},"end":{"line":27,"column":41}},{"start":{"line":27,"column":37},"end":{"line":27,"column":null}}],"line":27},"10":{"loc":{"start":{"line":35,"column":37},"end":{"line":35,"column":null}},"type":"binary-expr","locations":[{"start":{"line":35,"column":37},"end":{"line":35,"column":56}},{"start":{"line":35,"column":60},"end":{"line":35,"column":94}},{"start":{"line":35,"column":94},"end":{"line":35,"column":null}}],"line":35},"11":{"loc":{"start":{"line":37,"column":40},"end":{"line":37,"column":null}},"type":"cond-expr","locations":[{"start":{"line":37,"column":28},"end":{"line":37,"column":null}}],"line":37},"12":{"loc":{"start":{"line":38,"column":31},"end":{"line":38,"column":null}},"type":"cond-expr","locations":[{"start":{"line":38,"column":50},"end":{"line":38,"column":null}},{"start":{"line":38,"column":50},"end":{"line":38,"column":null}}],"line":38}},"s":{"0":6,"1":6,"2":6,"3":6,"4":6,"5":2,"6":2,"7":0,"8":0,"9":2,"10":2,"11":2,"12":2,"13":2,"14":2,"15":0,"16":0,"17":2,"18":2,"19":2,"20":2,"21":0,"22":0,"23":0,"24":0,"25":2,"26":6,"27":1,"28":1,"29":1,"30":6,"31":6,"32":6,"33":0,"34":2,"35":2,"36":2,"37":2,"38":2,"39":2,"40":17,"41":2},"f":{"0":2,"1":1,"2":6,"3":2},"b":{"0":[0,2],"1":[2,2],"2":[0,2],"3":[0,0],"4":[0,0],"5":[0,6],"6":[4,13],"7":[4,4],"8":[13,6],"9":[13,6],"10":[13,4,4],"11":[2],"12":[2,11]},"meta":{"lastBranch":0,"lastFunction":0,"lastStatement":0,"seen":{}}}
,"/Applications/XAMPP/xamppfiles/htdocs/tools/the-shop/frontend/src/components/helpers/config.js": {"path":"/Applications/XAMPP/xamppfiles/htdocs/tools/the-shop/frontend/src/components/helpers/config.js","statementMap":{"0":{"start":{"line":2,"column":28},"end":{"line":12,"column":null}},"1":{"start":{"line":3,"column":17},"end":{"line":3,"column":null}},"2":{"start":{"line":4,"column":23},"end":{"line":4,"column":null}},"3":{"start":{"line":5,"column":29},"end":{"line":5,"column":null}},"4":{"start":{"line":6,"column":18},"end":{"line":6,"column":null}},"5":{"start":{"line":7,"column":4},"end":{"line":10,"column":null}},"6":{"start":{"line":8,"column":6},"end":{"line":8,"column":null}},"7":{"start":{"line":9,"column":6},"end":{"line":9,"column":null}},"8":{"start":{"line":11,"column":4},"end":{"line":11,"column":null}}},"fnMap":{"0":{"name":"(anonymous_0)","decl":{"start":{"line":2,"column":28},"end":{"line":2,"column":29}},"loc":{"start":{"line":2,"column":40},"end":{"line":12,"column":null}},"line":2}},"branchMap":{},"s":{"0":2,"1":3,"2":3,"3":3,"4":3,"5":3,"6":72,"7":72,"8":3},"f":{"0":3},"b":{},"meta":{"lastBranch":0,"lastFunction":1,"lastStatement":9,"seen":{"s:2:28:12:Infinity":0,"f:2:28:2:29":0,"s:3:17:3:Infinity":1,"s:4:23:4:Infinity":2,"s:5:29:5:Infinity":3,"s:6:18:6:Infinity":4,"s:7:4:10:Infinity":5,"s:8:6:8:Infinity":6,"s:9:6:9:Infinity":7,"s:11:4:11:Infinity":8}}}
,"/Applications/XAMPP/xamppfiles/htdocs/tools/the-shop/frontend/src/components/layouts/Alert.vue": {"path":"/Applications/XAMPP/xamppfiles/htdocs/tools/the-shop/frontend/src/components/layouts/Alert.vue","statementMap":{"0":{"start":{"line":16,"column":20},"end":{"line":16,"column":null}},"1":{"start":{"line":2,"column":9},"end":{"line":2,"column":null}},"2":{"start":{"line":3,"column":11},"end":{"line":3,"column":null}},"3":{"start":{"line":2,"column":4},"end":{"line":7,"column":null}}},"fnMap":{},"branchMap":{"0":{"loc":{"start":{"line":5,"column":14},"end":{"line":5,"column":61}},"type":"binary-expr","locations":[{"start":{"line":5,"column":14},"end":{"line":5,"column":17}},{"start":{"line":5,"column":14},"end":{"line":5,"column":61}}],"line":5}},"s":{"0":7,"1":3,"2":3,"3":7},"f":{},"b":{"0":[7,7]},"meta":{"lastBranch":1,"lastFunction":0,"lastStatement":4,"seen":{"s:16:20:16:Infinity":0,"s:2:9:2:Infinity":1,"s:3:11:3:Infinity":2,"s:2:4:7:Infinity":3,"b:5:14:5:17:5:14:5:61":0}}}
,"/Applications/XAMPP/xamppfiles/htdocs/tools/the-shop/frontend/src/components/layouts/Footer.vue": {"path":"/Applications/XAMPP/xamppfiles/htdocs/tools/the-shop/frontend/src/components/layouts/Footer.vue","statementMap":{"0":{"start":{"line":2,"column":12},"end":{"line":2,"column":null}},"1":{"start":{"line":2,"column":4},"end":{"line":6,"column":84}}},"fnMap":{},"branchMap":{"0":{"loc":{"start":{"line":10,"column":13},"end":{"line":6,"column":84}},"type":"binary-expr","locations":[{"start":{"line":10,"column":13},"end":{"line":10,"column":null}},{"start":{"line":10,"column":13},"end":{"line":6,"column":84}}],"line":10}},"s":{"0":2,"1":3},"f":{},"b":{"0":[3,3]},"meta":{"lastBranch":1,"lastFunction":0,"lastStatement":2,"seen":{"s:2:12:2:Infinity":0,"s:2:4:6:84":1,"b:10:13:10:Infinity:10:13:6:84":0}}}
,"/Applications/XAMPP/xamppfiles/htdocs/tools/the-shop/frontend/src/components/layouts/Navbar.vue": {"path":"/Applications/XAMPP/xamppfiles/htdocs/tools/the-shop/frontend/src/components/layouts/Navbar.vue","statementMap":{"0":{"start":{"line":80,"column":17},"end":{"line":80,"column":null}},"1":{"start":{"line":81,"column":17},"end":{"line":81,"column":null}},"2":{"start":{"line":82,"column":21},"end":{"line":82,"column":null}},"3":{"start":{"line":84,"column":14},"end":{"line":84,"column":null}},"4":{"start":{"line":86,"column":24},"end":{"line":90,"column":null}},"5":{"start":{"line":88,"column":4},"end":{"line":88,"column":null}},"6":{"start":{"line":89,"column":4},"end":{"line":89,"column":null}},"7":{"start":{"line":92,"column":22},"end":{"line":92,"column":null}},"8":{"start":{"line":92,"column":38},"end":{"line":92,"column":64}},"9":{"start":{"line":94,"column":21},"end":{"line":104,"column":null}},"10":{"start":{"line":95,"column":2},"end":{"line":103,"column":null}},"11":{"start":{"line":96,"column":6},"end":{"line":96,"column":null}},"12":{"start":{"line":99,"column":6},"end":{"line":99,"column":32}},"13":{"start":{"line":100,"column":6},"end":{"line":100,"column":null}},"14":{"start":{"line":102,"column":6},"end":{"line":102,"column":null}},"15":{"start":{"line":4,"column":11},"end":{"line":4,"column":null}},"16":{"start":{"line":5,"column":15},"end":{"line":5,"column":null}},"17":{"start":{"line":14,"column":22},"end":{"line":14,"column":null}},"18":{"start":{"line":15,"column":26},"end":{"line":15,"column":null}},"19":{"start":{"line":23,"column":30},"end":{"line":23,"column":null}},"20":{"start":{"line":28,"column":30},"end":{"line":28,"column":null}},"21":{"start":{"line":37,"column":30},"end":{"line":37,"column":null}},"22":{"start":{"line":42,"column":30},"end":{"line":42,"column":null}},"23":{"start":{"line":48,"column":30},"end":{"line":48,"column":null}},"24":{"start":{"line":55,"column":26},"end":{"line":55,"column":null}},"25":{"start":{"line":60,"column":26},"end":{"line":60,"column":null}},"26":{"start":{"line":3,"column":2},"end":{"line":63,"column":40}},"27":{"start":{"line":12,"column":12},"end":{"line":12,"column":26}},"28":{"start":{"line":17,"column":67},"end":{"line":18,"column":40}},"29":{"start":{"line":25,"column":66},"end":{"line":26,"column":44}},"30":{"start":{"line":30,"column":71},"end":{"line":31,"column":44}},"31":{"start":{"line":39,"column":63},"end":{"line":39,"column":null}},"32":{"start":{"line":44,"column":66},"end":{"line":45,"column":40}},"33":{"start":{"line":57,"column":68},"end":{"line":58,"column":40}},"34":{"start":{"line":62,"column":61},"end":{"line":63,"column":40}}},"fnMap":{"0":{"name":"(anonymous_0)","decl":{"start":{"line":86,"column":24},"end":{"line":86,"column":25}},"loc":{"start":{"line":86,"column":30},"end":{"line":90,"column":null}},"line":86},"1":{"name":"(anonymous_1)","decl":{"start":{"line":92,"column":32},"end":{"line":92,"column":33}},"loc":{"start":{"line":92,"column":38},"end":{"line":92,"column":64}},"line":92},"2":{"name":"(anonymous_2)","decl":{"start":{"line":94,"column":21},"end":{"line":94,"column":26}},"loc":{"start":{"line":94,"column":33},"end":{"line":104,"column":null}},"line":94},"3":{"name":"(anonymous_3)","decl":{"start":{"line":10,"column":13},"end":{"line":10,"column":null}},"loc":{"start":{"line":12,"column":12},"end":{"line":12,"column":26}},"line":12},"4":{"name":"(anonymous_4)","decl":{"start":{"line":17,"column":30},"end":{"line":17,"column":33}},"loc":{"start":{"line":17,"column":67},"end":{"line":18,"column":40}},"line":17},"5":{"name":"(anonymous_5)","decl":{"start":{"line":25,"column":34},"end":{"line":25,"column":37}},"loc":{"start":{"line":25,"column":66},"end":{"line":26,"column":44}},"line":25},"6":{"name":"(anonymous_6)","decl":{"start":{"line":30,"column":34},"end":{"line":30,"column":37}},"loc":{"start":{"line":30,"column":71},"end":{"line":31,"column":44}},"line":30},"7":{"name":"(anonymous_7)","decl":{"start":{"line":39,"column":30},"end":{"line":39,"column":33}},"loc":{"start":{"line":39,"column":63},"end":{"line":39,"column":null}},"line":39},"8":{"name":"(anonymous_8)","decl":{"start":{"line":44,"column":30},"end":{"line":44,"column":33}},"loc":{"start":{"line":44,"column":66},"end":{"line":45,"column":40}},"line":44},"9":{"name":"(anonymous_9)","decl":{"start":{"line":57,"column":30},"end":{"line":57,"column":33}},"loc":{"start":{"line":57,"column":68},"end":{"line":58,"column":40}},"line":57},"10":{"name":"(anonymous_10)","decl":{"start":{"line":62,"column":30},"end":{"line":62,"column":33}},"loc":{"start":{"line":62,"column":61},"end":{"line":63,"column":40}},"line":62}},"branchMap":{"0":{"loc":{"start":{"line":12,"column":12},"end":{"line":12,"column":26}},"type":"binary-expr","locations":[{"start":{"line":12,"column":12},"end":{"line":12,"column":26}},{"start":{"line":12,"column":12},"end":{"line":12,"column":26}}],"line":12},"1":{"loc":{"start":{"line":17,"column":67},"end":{"line":18,"column":40}},"type":"binary-expr","locations":[{"start":{"line":17,"column":67},"end":{"line":17,"column":null}},{"start":{"line":17,"column":67},"end":{"line":18,"column":40}}],"line":17},"2":{"loc":{"start":{"line":22,"column":39},"end":{"line":51,"column":34}},"type":"cond-expr","locations":[{"start":{"line":22,"column":22},"end":{"line":31,"column":44}},{"s
[...]
46:10:146:Infinity:undefined:undefined:undefined:undefined":17,"s:146:10:146:Infinity":77,"s:146:40:146:Infinity":78,"b:147:10:147:Infinity:undefined:undefined:undefined:undefined":18,"s:147:10:147:Infinity":79,"s:147:36:147:Infinity":80,"b:148:10:148:Infinity:undefined:undefined:undefined:undefined":19,"s:148:10:148:Infinity":81,"s:148:36:148:Infinity":82,"b:149:10:149:Infinity:undefined:undefined:undefined:undefined":20,"s:149:10:149:Infinity":83,"s:149:35:149:Infinity":84,"s:151:10:151:Infinity":85,"s:153:10:153:Infinity":86,"f:158:12:158:33":15,"s:159:8:159:Infinity":87,"s:160:8:160:Infinity":88,"s:161:8:161:Infinity":89,"s:162:8:176:Infinity":90,"s:163:27:165:Infinity":91,"s:166:10:166:Infinity":92,"s:167:10:167:Infinity":93,"b:167:30:167:55:167:59:167:85:167:89:167:Infinity":21,"b:168:10:168:Infinity:undefined:undefined:undefined:undefined":22,"s:168:10:168:Infinity":94,"s:168:40:168:Infinity":95,"b:169:10:169:Infinity:undefined:undefined:undefined:undefined":23,"s:169:10:169:Infinity":96,"s:169:36:169:Infinity":97,"b:170:10:170:Infinity:undefined:undefined:undefined:undefined":24,"s:170:10:170:Infinity":98,"s:170:36:170:Infinity":99,"b:171:10:171:Infinity:undefined:undefined:undefined:undefined":25,"s:171:10:171:Infinity":100,"s:171:35:171:Infinity":101,"s:173:10:173:Infinity":102,"s:175:10:175:Infinity":103,"f:180:12:180:38":16,"s:181:8:181:Infinity":104,"s:182:8:182:Infinity":105,"s:183:8:183:Infinity":106,"s:184:8:198:Infinity":107,"s:185:27:187:Infinity":108,"s:188:10:188:Infinity":109,"s:189:10:189:Infinity":110,"b:189:30:189:55:189:59:189:85:189:89:189:Infinity":26,"b:190:10:190:Infinity:undefined:undefined:undefined:undefined":27,"s:190:10:190:Infinity":111,"s:190:40:190:Infinity":112,"b:191:10:191:Infinity:undefined:undefined:undefined:undefined":28,"s:191:10:191:Infinity":113,"s:191:36:191:Infinity":114,"b:192:10:192:Infinity:undefined:undefined:undefined:undefined":29,"s:192:10:192:Infinity":115,"s:192:36:192:Infinity":116,"b:193:10:193:Infinity:undefined:undefined:undefined:undefined":30,"s:193:10:193:Infinity":117,"s:193:35:193:Infinity":118,"s:195:10:195:Infinity":119,"s:197:10:197:Infinity":120,"f:202:6:202:18":17,"s:203:8:203:35":121,"s:204:8:204:Infinity":122,"s:205:8:205:Infinity":123,"s:206:8:206:Infinity":124,"s:207:8:207:Infinity":125,"s:208:8:208:Infinity":126,"s:209:8:209:Infinity":127,"s:210:8:210:Infinity":128}}}
,"/Applications/XAMPP/xamppfiles/htdocs/tools/the-shop/frontend/src/stores/useWishlistStore.js": {"path":"/Applications/XAMPP/xamppfiles/htdocs/tools/the-shop/frontend/src/stores/useWishlistStore.js","statementMap":{"0":{"start":{"line":5,"column":13},"end":{"line":5,"column":null}},"1":{"start":{"line":7,"column":31},"end":{"line":164,"column":null}},"2":{"start":{"line":8,"column":18},"end":{"line":12,"column":5}},"3":{"start":{"line":14,"column":37},"end":{"line":14,"column":56}},"4":{"start":{"line":15,"column":33},"end":{"line":15,"column":48}},"5":{"start":{"line":16,"column":36},"end":{"line":16,"column":54}},"6":{"start":{"line":17,"column":40},"end":{"line":19,"column":9}},"7":{"start":{"line":18,"column":12},"end":{"line":18,"column":null}},"8":{"start":{"line":18,"column":52},"end":{"line":18,"column":81}},"9":{"start":{"line":24,"column":12},"end":{"line":24,"column":null}},"10":{"start":{"line":25,"column":12},"end":{"line":25,"column":null}},"11":{"start":{"line":27,"column":12},"end":{"line":55,"column":null}},"12":{"start":{"line":28,"column":33},"end":{"line":28,"column":null}},"13":{"start":{"line":30,"column":16},"end":{"line":35,"column":null}},"14":{"start":{"line":31,"column":20},"end":{"line":31,"column":null}},"15":{"start":{"line":32,"column":20},"end":{"line":32,"column":null}},"16":{"start":{"line":34,"column":20},"end":{"line":34,"column":null}},"17":{"start":{"line":37,"column":16},"end":{"line":37,"column":null}},"18":{"start":{"line":38,"column":16},"end":{"line":38,"column":null}},"19":{"start":{"line":40,"column":16},"end":{"line":40,"column":null}},"20":{"start":{"line":43,"column":16},"end":{"line":47,"column":null}},"21":{"start":{"line":44,"column":20},"end":{"line":44,"column":null}},"22":{"start":{"line":45,"column":20},"end":{"line":45,"column":null}},"23":{"start":{"line":46,"column":20},"end":{"line":46,"column":null}},"24":{"start":{"line":50,"column":37},"end":{"line":50,"column":null}},"25":{"start":{"line":51,"column":16},"end":{"line":51,"column":null}},"26":{"start":{"line":52,"column":16},"end":{"line":52,"column":null}},"27":{"start":{"line":53,"column":16},"end":{"line":53,"column":null}},"28":{"start":{"line":54,"column":16},"end":{"line":54,"column":null}},"29":{"start":{"line":60,"column":12},"end":{"line":60,"column":null}},"30":{"start":{"line":61,"column":12},"end":{"line":61,"column":null}},"31":{"start":{"line":63,"column":12},"end":{"line":111,"column":null}},"32":{"start":{"line":64,"column":33},"end":{"line":66,"column":null}},"33":{"start":{"line":68,"column":16},"end":{"line":73,"column":null}},"34":{"start":{"line":70,"column":20},"end":{"line":70,"column":null}},"35":{"start":{"line":71,"column":36},"end":{"line":71,"column":null}},"36":{"start":{"line":72,"column":20},"end":{"line":72,"column":null}},"37":{"start":{"line":75,"column":16},"end":{"line":75,"column":null}},"38":{"start":{"line":76,"column":16},"end":{"line":76,"column":null}},"39":{"start":{"line":78,"column":16},"end":{"line":78,"column":null}},"40":{"start":{"line":81,"column":16},"end":{"line":85,"column":null}},"41":{"start":{"line":82,"column":20},"end":{"line":82,"column":null}},"42":{"start":{"line":83,"column":20},"end":{"line":83,"column":null}},"43":{"start":{"line":84,"column":20},"end":{"line":84,"column":null}},"44":{"start":{"line":88,"column":16},"end":{"line":95,"column":null}},"45":{"start":{"line":89,"column":45},"end":{"line":89,"column":null}},"46":{"start":{"line":90,"column":41},"end":{"line":90,"column":null}},"47":{"start":{"line":91,"column":20},"end":{"line":91,"column":null}},"48":{"start":{"line":92,"column":20},"end":{"line":92,"column":null}},"49":{"start":{"line":93,"column":20},"end":{"line":93,"column":null}},"50":{"start":{"line":94,"column":20},"end":{"line":94,"column":null}},"51":{"start":{"line":98,"column":16},"end":{"line":103,"column":null}},"52":{"start":{"line":99,"column":41},"end":{"line":99,"column":null}},"53":{"start":{"line":100,"column":20},"end":{"line":100,"column":null}},"54":{"start":{"line":101,"column":20},"end":{"line":101,"column":null}},"55":{"start":{"line":102,"column":20},"end":{"line":102,"column":null}},"56":{"start":{"line":106,"column":37},"end":{"line":106,"column":null}},"57":{"start":{"line":107,"column":16},"end":{"line":107,"column":null}},"58":{"start":{"line":108,"column":16},"end":{"line":108,"column":null}},"59":{"start":{"line":109,"column":16},"end":{"line":109,"column":null}},"60":{"start":{"line":110,"column":16},"end":{"line":110,"column":null}},"61":{"start":{"line":116,"column":12},"end":{"line":116,"column":null}},"62":{"start":{"line":117,"column":12},"end":{"line":117,"column":null}},"63":{"start":{"line":119,"column":12},"end":{"line":147,"column":null}},"64":{"start":{"line":120,"column":33},"end":{"line":120,"column":null}},"65":{"start":{"line":122,"column":16},"end":{"line":127,"column":null}},"66":{"start":{"line":124,"column":20},"end":{"line":124,"column":null}},"67":{"start":{"line":125,"column":36},"end":{"line":125,"column":null}},"68":{"start":{"line":126,"column":20},"end":{"line":126,"column":null}},"69":{"start":{"line":129,"column":16},"end":{"line":129,"column":null}},"70":{"start":{"line":130,"column":16},"end":{"line":130,"column":null}},"71":{"start":{"line":132,"column":16},"end":{"line":132,"column":null}},"72":{"start":{"line":135,"column":16},"end":{"line":139,"column":null}},"73":{"start":{"line":136,"column":20},"end":{"line":136,"column":null}},"74":{"start":{"line":137,"column":20},"end":{"line":137,"column":null}},"75":{"start":{"line":138,"column":20},"end":{"line":138,"column":null}},"76":{"start":{"line":142,"column":37},"end":{"line":142,"column":null}},"77":{"start":{"line":143,"column":16},"end":{"line":143,"column":null}},"78":{"start":{"line":144,"column":16},"end":{"line":144,"column":null}},"79":{"start":{"line":145,"column":16},"end":{"line":145,"column":null}},"80":{"start":{"line":146,"column":16},"end":{"line":146,"column":null}},"81":{"start":{"line":153,"column":33},"end":{"line":153,"column":null}},"82":{"start":{"line":153,"column":65},"end":{"line":153,"column":94}},"83":{"start":{"line":155,"column":12},"end":{"line":161,"column":null}},"84":{"start":{"line":157,"column":16},"end":{"line":157,"column":null}},"85":{"start":{"line":160,"column":16},"end":{"line":160,"column":null}}},"fnMap":{"0":{"name":"(anonymous_0)","decl":{"start":{"line":8,"column":11},"end":{"line":8,"column":12}},"loc":{"start":{"line":8,"column":18},"end":{"line":12,"column":5}},"line":8},"1":{"name":"(anonymous_1)","decl":{"start":{"line":14,"column":26},"end":{"line":14,"column":27}},"loc":{"start":{"line":14,"column":37},"end":{"line":14,"column":56}},"line":14},"2":{"name":"(anonymous_2)","decl":{"start":{"line":15,"column":22},"end":{"line":15,"column":23}},"loc":{"start":{"line":15,"column":33},"end":{"line":15,"column":48}},"line":15},"3":{"name":"(anonymous_3)","decl":{"start":{"line":16,"column":25},"end":{"line":16,"column":26}},"loc":{"start":{"line":16,"column":36},"end":{"line":16,"column":54}},"line":16},"4":{"name":"(anonymous_4)","decl":{"start":{"line":17,"column":29},"end":{"line":17,"column":30}},"loc":{"start":{"line":17,"column":40},"end":{"line":19,"column":9}},"line":17},"5":{"name":"(anonymous_5)","decl":{"start":{"line":17,"column":40},"end":{"line":17,"column":41}},"loc":{"start":{"line":17,"column":55},"end":{"line":19,"column":9}},"line":17},"6":{"name":"(anonymous_6)","decl":{"start":{"line":18,"column":44},"end":{"line":18,"column":48}},"loc":{"start":{"line":18,"column":52},"end":{"line":18,"column":81}},"line":18},"7":{"name":"(anonymous_7)","decl":{"start":{"line":23,"column":14},"end":{"line":23,"column":27}},"loc":{"start":{"line":23,"column":30},"end":{"line":56,"column":9}},"line":23},"8":{"name":"(anonymous_8)","decl":{"start":{"line":59,"column":14},"end":{"line":59,"column":27}},"loc":{"start":{"line":59,"column":39},"end":{"line":112,"column":9}},"line":59},"9":{"name":"(anonymous_9)","decl":{"start":{"line":115,"column":14},"end":{"line":115,"column":32}},"loc":{"start":{"line":115,"column":45},"end":{"line":148,"column":9}},"line":115},"10":{"name":"(anonymous_10)","decl":{"start":{"line":151,"column":14},"end":{"line":151,"column":28}},"loc":{"start":{"line":151,"column":40},"end":{"line":162,"column":9}},"line":151},"11":{"name":"(anonymous_11)","decl":{"start":{"line":153,"column":57},"end":{"line":153,"column":61}},"loc":{"start":{"line":153,"column":65},"end":{"line":153,"column":94}},"line":153}},"branchMap":{"0":{"loc":{"start":{"line":30,"column":16},"end":{"line":35,"column":null}},"type":"if","locations":[{"start":{"line":30,"column":16},"end":{"line":35,"column":null}},{"start":{"line":33,"column":23},"end":{"line":35,"column":null}}],"line":30},"1":{"loc":{"start":{"line":30,"column":20},"end":{"line":30,"column":86}},"type":"binary-expr","locations":[{"start":{"line":30,"column":20},"end":{"line":30,"column":48}},{"start":{"line":30,"column":52},"end":{"line":30,"column":86}}],"line":30},"2":{"loc":{"start":{"line":43,"column":16},"end":{"line":47,"column":null}},"type":"if","locations":[{"start":{"line":43,"column":16},"end":{"line":47,"column":null}},{"start":{},"end":{}}],"line":43},"3":{"loc":{"start":{"line":50,"column":37},"end":{"line":50,"column":null}},"type":"binary-expr","locations":[{"start":{"line":50,"column":37},"end":{"line":50,"column":64}},{"start":{"line":50,"column":68},"end":{"line":50,"column":97}},{"start":{"line":50,"column":101},"end":{"line":50,"column":null}}],"line":50},"4":{"loc":{"start":{"line":68,"column":16},"end":{"line":73,"column":null}},"type":"if","locations":[{"start":{"line":68,"column":16},"end":{"line":73,"column":null}},{"start":{},"end":{}}],"line":68},"5":{"loc":{"start":{"line":68,"column":20},"end":{"line":68,"column":80}},"type":"binary-expr","locations":[{"start":{"line":68,"column":20},"end":{"line":68,"column":48}},{"start":{"line":68,"column":52},"end":{"line":68,"column":80}}],"line":68},"6":{"loc":{"start":{"line":71,"column":36},"end":{"line":71,"column":null}},"type":"binary-expr","locations":[{"start":{"line":71,"column":36},"end":{"line":71,"column":57}},{"start":{"line":71,"column":61},"end":{"line":71,"column":null}}],"line":71},"7":{"loc":{"start":{"line":81,"column":16},"end":{"line":85,"column":null}},"type":"if","locations":[{"start":{"line":81,"column":16},"end":{"line":85,"column":null}},{"start":{},"end":{}}],"line":81},"8":{"loc":{"start":{"line":88,"column":16},"end":{"line":95,"column":null}},"type":"if","locations":[{"start":{"line":88,"column":16},"end":{"line":95,"column":null}},{"start":{},"end":{}}],"line":88},"9":{"loc":{"start":{"line":89,"column":45},"end":{"line":89,"column":null}},"type":"binary-expr","locations":[{"start":{"line":89,"column":45},"end":{"line":89,"column":73}},{"start":{"line":89,"column":77},"end":{"line":89,"column":null}}],"line":89},"10":{"loc":{"start":{"line":90,"column":41},"end":{"line":90,"column":null}},"type":"binary-expr","locations":[{"start":{"line":90,"column":41},"end":{"line":90,"column":70}},{"start":{"line":90,"column":74},"end":{"line":90,"column":null}}],"line":90},"11":{"loc":{"start":{"line":98,"column":16},"end":{"line":103,"column":null}},"type":"if","locations":[{"start":{"line":98,"column":16},"end":{"line":103,"column":null}},{"start":{},"end":{}}],"line":98},"12":{"loc":{"start":{"line":99,"column":41},"end":{"line":99,"column":null}},"type":"binary-expr","locations":[{"start":{"line":99,"column":41},"end":{"line":99,"column":68}},{"start":{"line":99,"column":72},"end":{"line":99,"column":101}},{"start":{"line":99,"column":105},"end":{"line":99,"column":null}}],"line":99},"13":{"loc":{"start":{"line":106,"column":37},"end":{"line":106,"column":null}},"type":"binary-expr","locations":[{"start":{"line":106,"column":37},"end":{"line":106,"column":64}},{"start":{"line":106,"column":68},"end":{"line":106,"column":97}},{"start":{"line":106,"column":101},"end":{"line":106,"column":null}}],"line":106},"14":{"loc":{"start":{"line":122,"column":16},"end":{"line":127,"column":null}},"type":"if","locations":[{"start":{"line":122,"column":16},"end":{"line":127,"column":null}},{"start":{},"end":{}}],"line":122},"15":{"loc":{"start":{"line":125,"column":36},"end":{"line":125,"column":null}},"type":"binary-expr","locations":[{"start":{"line":125,"column":36},"end":{"line":125,"column":57}},{"start":{"line":125,"column":61},"end":{"line":125,"column":null}}],"line":125},"16":{"loc":{"start":{"line":135,"column":16},"end":{"line":139,"column":null}},"type":"if","locations":[{"start":{"line":135,"column":16},"end":{"line":139,"column":null}},{"start":{},"end":{}}],"line":135},"17":{"loc":{"start":{"line":142,"column":37},"end":{"line":142,"column":null}},"type":"binary-expr","locations":[{"start":{"line":142,"column":37},"end":{"line":142,"column":64}},{"start":{"line":142,"column":68},"end":{"line":142,"column":97}},{"start":{"line":142,"column":101},"end":{"line":142,"column":null}}],"line":142},"18":{"loc":{"start":{"line":155,"column":12},"end":{"line":161,"column":null}},"type":"if","locations":[{"start":{"line":155,"column":12},"end":{"line":161,"column":null}},{"start":{"line":158,"column":19},"end":{"line":161,"column":null}}],"line":155}},"s":{"0":6,"1":6,"2":27,"3":4,"4":1,"5":1,"6":7,"7":7,"8":2,"9":4,"10":4,"11":4,"12":4,"13":2,"14":1,"15":1,"16":1,"17":2,"18":2,"19":2,"20":2,"21":1,"22":1,"23":1,"24":1,"25":2,"26":2,"27":2,"28":2,"29":3,"30":3,"31":3,"32":3,"33":1,"34":1,"35":1,"36":1,"37":1,"38":1,"39":2,"40":2,"41":1,"42":1,"43":1,"44":1,"45":0,"46":0,"47":0,"48":0,"49":0,"50":0,"51":1,"52":1,"53":1,"54":1,"55":1,"56":0,"57":2,"58":2,"59":2,"60":2,"61":2,"62":2,"63":2,"64":2,"65":1,"66":1,"67":1,"68":1,"69":1,"70":1,"71":1,"72":1,"73":1,"74":1,"75":1,"76":0,"77":1,"78":1,"79":1,"80":1,"81":2,"82":1,"83":2,"84":1,"85":1},"f":{"0":27,"1":4,"2":1,"3":1,"4":7,"5":7,"6":2,"7":4,"8":3,"9":2,"10":2,"11":1},"b":{"0":[1,1],"1":[2,2],"2":[1,1],"3":[1,0,0],"4":[1,0],"5":[1,0],"6":[1,0],"7":[1,1],"8":[0,1],"9":[0,0],"10":[0,0],"11":[1,0],"12":[1,1,0],"13":[0,0,0],"14":[1,0],"15":[1,0],"16":[1,0],"17":[0,0,0],"18":[1,1]},"meta":{"lastBranch":19,"lastFunction":12,"lastStatement":86,"seen":{"s:5:13:5:Infinity":0,"s:7:31:164:Infinity":1,"f:8:11:8:12":0,"s:8:18:12:5":2,"f:14:26:14:27":1,"s:14:37:14:56":3,"f:15:22:15:23":2,"s:15:33:15:48":4,"f:16:25:16:26":3,"s:16:36:16:54":5,"f:17:29:17:30":4,"s:17:40:19:9":6,"f:17:40:17:41":5,"s:18:12:18:Infinity":7,"f:18:44:18:48":6,"s:18:52:18:81":8,"f:23:14:23:27":7,"s:24:12:24:Infinity":9,"s:25:12:25:Infinity":10,"s:27:12:55:Infinity":11,"s:28:33:28:Infinity":12,"b:30:16:35:Infinity:33:23:35:Infinity":0,"s:30:16:35:Infinity":13,"b:30:20:30:48:30:52:30:86":1,"s:31:20:31:Infinity":14,"s:32:20:32:Infinity":15,"s:34:20:34:Infinity":16,"s:37:16:37:Infinity":17,"s:38:16:38:Infinity":18,"s:40:16:40:Infinity":19,"b:43:16:47:Infinity:undefined:undefined:undefined:undefined":2,"s:43:16:47:Infinity":20,"s:44:20:44:Infinity":21,"s:45:20:45:Infinity":22,"s:46:20:46:Infinity":23,"s:50:37:50:Infinity":24,"b:50:37:50:64:50:68:50:97:50:101:50:Infinity":3,"s:51:16:51:Infinity":25,"s:52:16:52:Infinity":26,"s:53:16:53:Infinity":27,"s:54:16:54:Infinity":28,"f:59:14:59:27":8,"s:60:12:60:Infinity":29,"s:61:12:61:Infinity":30,"s:63:12:111:Infinity":31,"s:64:33:66:Infinity":32,"b:68:16:73:Infinity:undefined:undefined:undefined:undefined":4,"s:68:16:73:Infinity":33,"b:68:20:68:48:68:52:68:80":5,"s:70:20:70:Infinity":34,"s:71:36:71:Infinity":35,"b:71:36:71:57:71:61:71:Infinity":6,"s:72:20:72:Infinity":36,"s:75:16:75:Infinity":37,"s:76:16:76:Infinity":38,"s:78:16:78:Infinity":39,"b:81:16:85:Infinity:undefined:undefined:undefined:undefined":7,"s:81:16:85:Infinity":40,"s:82:20:82:Infinity":41,"s:83:20:83:Infinity":42,"s:84:20:84:Infinity":43,"b:88:16:95:Infinity:undefined:undefined:undefined:undefined":8,"s:88:16:95:Infinity":44,"s:89:45:89:Infinity":45,"b:89:45:89:73:89:77:89:Infinity":9,"s:90:41:90:Infinity":46,"b:90:41:90:70:90:74:90:Infinity":10,"s:91:20:91:Infinity":47,"s:92:20:92:Infinity":48,"s:93:20:93:Infinity":49,"s:94:20:94:Infinity":50,"b:98:16:103:Infinity:undefined:undefined:undefined:undefined":11,"s:98:16:103:Infinity":51,"s:99:41:99:Infinity":52,"b:99:41:99:68:99:72:99:101:99:105:99:Infinity":12,"s:100:20:100:Infinity":53,"s:101:20:101:Infinity":54,"s:102:20:102:Infinity":55,"s:106:37:106:Infinity":56,"b:106:37:106:64:106:68:106:97:106:101:106:Infinity":13,"s:107:16:107:Infinity":57,"s:108:16:108:Infinity":58,"s:109:16:109:Infinity":59,"s:110:16:110:Infinity":60,"f:115:14:115:32":9,"s:116:12:116:Infinity":61,"s:117:12:117:Infinity":62,"s:119:12:147:Infinity":63,"s:120:33:120:Infinity":64,"b:122:16:127:Infinity:undefined:undefined:undefined:undefined":14,"s:122:16:127:Infinity":65,"s:124:20:124:Infinity":66,"s:125:36:125:Infinity":67,"b:125:36:125:57:125:61:125:Infinity":15,"s:126:20:126:Infinity":68,"s:129:16:129:Infinity":69,"s:130:16:130:Infinity":70,"s:132:16:132:Infinity":71,"b:135:16:139:Infinity:undefined:undefined:undefined:undefined":16,"s:135:16:139:Infinity":72,"s:136:20:136:Infinity":73,"s:137:20:137:Infinity":74,"s:138:20:138:Infinity":75,"s:142:37:142:Infinity":76,"b:142:37:142:64:142:68:142:97:142:101:142:Infinity":17,"s:143:16:143:Infinity":77,"s:144:16:144:Infinity":78,"s:145:16:145:Infinity":79,"s:146:16:146:Infinity":80,"f:151:14:151:28":10,"s:153:33:153:Infinity":81,"f:153:57:153:61":11,"s:153:65:153:94":82,"b:155:12:161:Infinity:158:19:161:Infinity":18,"s:155:12:161:Infinity":83,"s:157:16:157:Infinity":84,"s:160:16:160:Infinity":85}}}
}
